Clean Accuracy: 78.59%
Running AutoAttack...
using standard version including apgd-ce, apgd-t, fab-t, square.
initial accuracy: 78.59%
apgd-ce - 1/79 - 28 out of 100 successfully perturbed
apgd-ce - 2/79 - 39 out of 100 successfully perturbed
apgd-ce - 3/79 - 22 out of 100 successfully perturbed
apgd-ce - 4/79 - 30 out of 100 successfully perturbed
apgd-ce - 5/79 - 17 out of 100 successfully perturbed
apgd-ce - 6/79 - 28 out of 100 successfully perturbed
apgd-ce - 7/79 - 25 out of 100 successfully perturbed
apgd-ce - 8/79 - 25 out of 100 successfully perturbed
apgd-ce - 9/79 - 21 out of 100 successfully perturbed
apgd-ce - 10/79 - 25 out of 100 successfully perturbed
apgd-ce - 11/79 - 25 out of 100 successfully perturbed
apgd-ce - 12/79 - 20 out of 100 successfully perturbed
apgd-ce - 13/79 - 29 out of 100 successfully perturbed
apgd-ce - 14/79 - 20 out of 100 successfully perturbed
apgd-ce - 15/79 - 25 out of 100 successfully perturbed
apgd-ce - 16/79 - 26 out of 100 successfully perturbed
apgd-ce - 17/79 - 26 out of 100 successfully perturbed
apgd-ce - 18/79 - 21 out of 100 successfully perturbed
apgd-ce - 19/79 - 29 out of 100 successfully perturbed
apgd-ce - 20/79 - 35 out of 100 successfully perturbed
apgd-ce - 21/79 - 33 out of 100 successfully perturbed
apgd-ce - 22/79 - 24 out of 100 successfully perturbed
apgd-ce - 23/79 - 34 out of 100 successfully perturbed
apgd-ce - 24/79 - 30 out of 100 successfully perturbed
apgd-ce - 25/79 - 29 out of 100 successfully perturbed
apgd-ce - 26/79 - 22 out of 100 successfully perturbed
apgd-ce - 27/79 - 28 out of 100 successfully perturbed
apgd-ce - 28/79 - 25 out of 100 successfully perturbed
apgd-ce - 29/79 - 24 out of 100 successfully perturbed
apgd-ce - 30/79 - 30 out of 100 successfully perturbed
apgd-ce - 31/79 - 30 out of 100 successfully perturbed
apgd-ce - 32/79 - 32 out of 100 successfully perturbed
apgd-ce - 33/79 - 21 out of 100 successfully perturbed
apgd-ce - 34/79 - 27 out of 100 successfully perturbed
apgd-ce - 35/79 - 26 out of 100 successfully perturbed
apgd-ce - 36/79 - 27 out of 100 successfully perturbed
apgd-ce - 37/79 - 30 out of 100 successfully perturbed
apgd-ce - 38/79 - 24 out of 100 successfully perturbed
apgd-ce - 39/79 - 28 out of 100 successfully perturbed
apgd-ce - 40/79 - 38 out of 100 successfully perturbed
apgd-ce - 41/79 - 29 out of 100 successfully perturbed
apgd-ce - 42/79 - 28 out of 100 successfully perturbed
apgd-ce - 43/79 - 30 out of 100 successfully perturbed
apgd-ce - 44/79 - 33 out of 100 successfully perturbed
apgd-ce - 45/79 - 26 out of 100 successfully perturbed
apgd-ce - 46/79 - 25 out of 100 successfully perturbed
apgd-ce - 47/79 - 28 out of 100 successfully perturbed
apgd-ce - 48/79 - 25 out of 100 successfully perturbed
apgd-ce - 49/79 - 24 out of 100 successfully perturbed
apgd-ce - 50/79 - 31 out of 100 successfully perturbed
apgd-ce - 51/79 - 28 out of 100 successfully perturbed
apgd-ce - 52/79 - 28 out of 100 successfully perturbed
apgd-ce - 53/79 - 29 out of 100 successfully perturbed
apgd-ce - 54/79 - 25 out of 100 successfully perturbed
apgd-ce - 55/79 - 27 out of 100 successfully perturbed
apgd-ce - 56/79 - 23 out of 100 successfully perturbed
apgd-ce - 57/79 - 32 out of 100 successfully perturbed
apgd-ce - 58/79 - 30 out of 100 successfully perturbed
apgd-ce - 59/79 - 20 out of 100 successfully perturbed
apgd-ce - 60/79 - 26 out of 100 successfully perturbed
apgd-ce - 61/79 - 26 out of 100 successfully perturbed
apgd-ce - 62/79 - 25 out of 100 successfully perturbed
apgd-ce - 63/79 - 33 out of 100 successfully perturbed
apgd-ce - 64/79 - 30 out of 100 successfully perturbed
apgd-ce - 65/79 - 31 out of 100 successfully perturbed
apgd-ce - 66/79 - 35 out of 100 successfully perturbed
apgd-ce - 67/79 - 26 out of 100 successfully perturbed
apgd-ce - 68/79 - 29 out of 100 successfully perturbed
apgd-ce - 69/79 - 24 out of 100 successfully perturbed
apgd-ce - 70/79 - 27 out of 100 successfully perturbed
apgd-ce - 71/79 - 22 out of 100 successfully perturbed
apgd-ce - 72/79 - 25 out of 100 successfully perturbed
apgd-ce - 73/79 - 24 out of 100 successfully perturbed
apgd-ce - 74/79 - 30 out of 100 successfully perturbed
apgd-ce - 75/79 - 34 out of 100 successfully perturbed
apgd-ce - 76/79 - 23 out of 100 successfully perturbed
apgd-ce - 77/79 - 31 out of 100 successfully perturbed
apgd-ce - 78/79 - 26 out of 100 successfully perturbed
apgd-ce - 79/79 - 7 out of 59 successfully perturbed
robust accuracy after APGD-CE: 57.26% (total time 130.0 s)
apgd-t - 1/58 - 15 out of 100 successfully perturbed
apgd-t - 2/58 - 14 out of 100 successfully perturbed
apgd-t - 3/58 - 12 out of 100 successfully perturbed
apgd-t - 4/58 - 20 out of 100 successfully perturbed
apgd-t - 5/58 - 20 out of 100 successfully perturbed
apgd-t - 6/58 - 11 out of 100 successfully perturbed
apgd-t - 7/58 - 15 out of 100 successfully perturbed
apgd-t - 8/58 - 15 out of 100 successfully perturbed
apgd-t - 9/58 - 16 out of 100 successfully perturbed
apgd-t - 10/58 - 12 out of 100 successfully perturbed
apgd-t - 11/58 - 21 out of 100 successfully perturbed
apgd-t - 12/58 - 13 out of 100 successfully perturbed
apgd-t - 13/58 - 14 out of 100 successfully perturbed
apgd-t - 14/58 - 11 out of 100 successfully perturbed
apgd-t - 15/58 - 13 out of 100 successfully perturbed
apgd-t - 16/58 - 10 out of 100 successfully perturbed
apgd-t - 17/58 - 14 out of 100 successfully perturbed
apgd-t - 18/58 - 13 out of 100 successfully perturbed
apgd-t - 19/58 - 12 out of 100 successfully perturbed
apgd-t - 20/58 - 9 out of 100 successfully perturbed
apgd-t - 21/58 - 12 out of 100 successfully perturbed
apgd-t - 22/58 - 14 out of 100 successfully perturbed
apgd-t - 23/58 - 7 out of 100 successfully perturbed
apgd-t - 24/58 - 18 out of 100 successfully perturbed
apgd-t - 25/58 - 13 out of 100 successfully perturbed
apgd-t - 26/58 - 9 out of 100 successfully perturbed
apgd-t - 27/58 - 14 out of 100 successfully perturbed
apgd-t - 28/58 - 10 out of 100 successfully perturbed
apgd-t - 29/58 - 15 out of 100 successfully perturbed
apgd-t - 30/58 - 18 out of 100 successfully perturbed
apgd-t - 31/58 - 16 out of 100 successfully perturbed
apgd-t - 32/58 - 10 out of 100 successfully perturbed
apgd-t - 33/58 - 13 out of 100 successfully perturbed
apgd-t - 34/58 - 14 out of 100 successfully perturbed
apgd-t - 35/58 - 10 out of 100 successfully perturbed
apgd-t - 36/58 - 12 out of 100 successfully perturbed
apgd-t - 37/58 - 13 out of 100 successfully perturbed
apgd-t - 38/58 - 13 out of 100 successfully perturbed
apgd-t - 39/58 - 13 out of 100 successfully perturbed
apgd-t - 40/58 - 16 out of 100 successfully perturbed
apgd-t - 41/58 - 7 out of 100 successfully perturbed
apgd-t - 42/58 - 19 out of 100 successfully perturbed
apgd-t - 43/58 - 16 out of 100 successfully perturbed
apgd-t - 44/58 - 12 out of 100 successfully perturbed
apgd-t - 45/58 - 7 out of 100 successfully perturbed
apgd-t - 46/58 - 14 out of 100 successfully perturbed
apgd-t - 47/58 - 10 out of 100 successfully perturbed
apgd-t - 48/58 - 14 out of 100 successfully perturbed
apgd-t - 49/58 - 17 out of 100 successfully perturbed
apgd-t - 50/58 - 12 out of 100 successfully perturbed
apgd-t - 51/58 - 10 out of 100 successfully perturbed
apgd-t - 52/58 - 21 out of 100 successfully perturbed
apgd-t - 53/58 - 13 out of 100 successfully perturbed
apgd-t - 54/58 - 18 out of 100 successfully perturbed
apgd-t - 55/58 - 10 out of 100 successfully perturbed
apgd-t - 56/58 - 15 out of 100 successfully perturbed
apgd-t - 57/58 - 11 out of 100 successfully perturbed
apgd-t - 58/58 - 5 out of 26 successfully perturbed
robust accuracy after APGD-T: 49.55% (total time 1092.9 s)
fab-t - 1/50 - 0 out of 100 successfully perturbed
fab-t - 2/50 - 0 out of 100 successfully perturbed
fab-t - 3/50 - 0 out of 100 successfully perturbed
fab-t - 4/50 - 0 out of 100 successfully perturbed
fab-t - 5/50 - 0 out of 100 successfully perturbed
fab-t - 6/50 - 0 out of 100 successfully perturbed
fab-t - 7/50 - 0 out of 100 successfully perturbed
fab-t - 8/50 - 0 out of 100 successfully perturbed
fab-t - 9/50 - 0 out of 100 successfully perturbed
fab-t - 10/50 - 0 out of 100 successfully perturbed
fab-t - 11/50 - 0 out of 100 successfully perturbed
fab-t - 12/50 - 0 out of 100 successfully perturbed
fab-t - 13/50 - 0 out of 100 successfully perturbed
fab-t - 14/50 - 0 out of 100 successfully perturbed
fab-t - 15/50 - 0 out of 100 successfully perturbed
fab-t - 16/50 - 0 out of 100 successfully perturbed
fab-t - 17/50 - 0 out of 100 successfully perturbed
fab-t - 18/50 - 0 out of 100 successfully perturbed
fab-t - 19/50 - 0 out of 100 successfully perturbed
fab-t - 20/50 - 0 out of 100 successfully perturbed
fab-t - 21/50 - 0 out of 100 successfully perturbed
fab-t - 22/50 - 0 out of 100 successfully perturbed
fab-t - 23/50 - 0 out of 100 successfully perturbed
fab-t - 24/50 - 0 out of 100 successfully perturbed
fab-t - 25/50 - 0 out of 100 successfully perturbed
fab-t - 26/50 - 0 out of 100 successfully perturbed
fab-t - 27/50 - 0 out of 100 successfully perturbed
fab-t - 28/50 - 0 out of 100 successfully perturbed
fab-t - 29/50 - 0 out of 100 successfully perturbed
fab-t - 30/50 - 0 out of 100 successfully perturbed
fab-t - 31/50 - 0 out of 100 successfully perturbed
fab-t - 32/50 - 0 out of 100 successfully perturbed
fab-t - 33/50 - 0 out of 100 successfully perturbed
fab-t - 34/50 - 0 out of 100 successfully perturbed
fab-t - 35/50 - 0 out of 100 successfully perturbed
fab-t - 36/50 - 0 out of 100 successfully perturbed
fab-t - 37/50 - 0 out of 100 successfully perturbed
fab-t - 38/50 - 0 out of 100 successfully perturbed
fab-t - 39/50 - 0 out of 100 successfully perturbed
fab-t - 40/50 - 0 out of 100 successfully perturbed
fab-t - 41/50 - 0 out of 100 successfully perturbed
fab-t - 42/50 - 0 out of 100 successfully perturbed
fab-t - 43/50 - 0 out of 100 successfully perturbed
fab-t - 44/50 - 0 out of 100 successfully perturbed
fab-t - 45/50 - 0 out of 100 successfully perturbed
fab-t - 46/50 - 0 out of 100 successfully perturbed
fab-t - 47/50 - 0 out of 100 successfully perturbed
fab-t - 48/50 - 0 out of 100 successfully perturbed
fab-t - 49/50 - 0 out of 100 successfully perturbed
fab-t - 50/50 - 0 out of 55 successfully perturbed
robust accuracy after FAB-T: 49.55% (total time 2634.3 s)
square - 1/50 - 0 out of 100 successfully perturbed
square - 2/50 - 0 out of 100 successfully perturbed
square - 3/50 - 0 out of 100 successfully perturbed
square - 4/50 - 0 out of 100 successfully perturbed
square - 5/50 - 0 out of 100 successfully perturbed
square - 6/50 - 0 out of 100 successfully perturbed
square - 7/50 - 0 out of 100 successfully perturbed
square - 8/50 - 0 out of 100 successfully perturbed
square - 9/50 - 0 out of 100 successfully perturbed
square - 10/50 - 0 out of 100 successfully perturbed
square - 11/50 - 0 out of 100 successfully perturbed
square - 12/50 - 0 out of 100 successfully perturbed
square - 13/50 - 0 out of 100 successfully perturbed
square - 14/50 - 0 out of 100 successfully perturbed
square - 15/50 - 0 out of 100 successfully perturbed
square - 16/50 - 0 out of 100 successfully perturbed
square - 17/50 - 0 out of 100 successfully perturbed
square - 18/50 - 0 out of 100 successfully perturbed
square - 19/50 - 0 out of 100 successfully perturbed
square - 20/50 - 0 out of 100 successfully perturbed
square - 21/50 - 0 out of 100 successfully perturbed
square - 22/50 - 0 out of 100 successfully perturbed
square - 23/50 - 0 out of 100 successfully perturbed
square - 24/50 - 0 out of 100 successfully perturbed
square - 25/50 - 0 out of 100 successfully perturbed
square - 26/50 - 0 out of 100 successfully perturbed
square - 27/50 - 0 out of 100 successfully perturbed
square - 28/50 - 0 out of 100 successfully perturbed
square - 29/50 - 0 out of 100 successfully perturbed
square - 30/50 - 0 out of 100 successfully perturbed
square - 31/50 - 0 out of 100 successfully perturbed
square - 32/50 - 0 out of 100 successfully perturbed
square - 33/50 - 0 out of 100 successfully perturbed
square - 34/50 - 0 out of 100 successfully perturbed
square - 35/50 - 0 out of 100 successfully perturbed
square - 36/50 - 0 out of 100 successfully perturbed
square - 37/50 - 0 out of 100 successfully perturbed
square - 38/50 - 0 out of 100 successfully perturbed
square - 39/50 - 0 out of 100 successfully perturbed
square - 40/50 - 0 out of 100 successfully perturbed
square - 41/50 - 0 out of 100 successfully perturbed
square - 42/50 - 0 out of 100 successfully perturbed
square - 43/50 - 0 out of 100 successfully perturbed
square - 44/50 - 0 out of 100 successfully perturbed
square - 45/50 - 0 out of 100 successfully perturbed
square - 46/50 - 0 out of 100 successfully perturbed
square - 47/50 - 0 out of 100 successfully perturbed
square - 48/50 - 0 out of 100 successfully perturbed
square - 49/50 - 0 out of 100 successfully perturbed
square - 50/50 - 0 out of 55 successfully perturbed
robust accuracy after SQUARE: 49.55% (total time 4433.9 s)
max Linf perturbation: 0.03137, nan in tensor: 0, max: 1.00000, min: 0.00000
robust accuracy: 49.55%

