Clean Accuracy: 49.17%
Running AutoAttack...
using standard version including apgd-ce, apgd-t, fab-t, square.
initial accuracy: 49.17%
apgd-ce - 1/50 - 47 out of 100 successfully perturbed
apgd-ce - 2/50 - 45 out of 100 successfully perturbed
apgd-ce - 3/50 - 49 out of 100 successfully perturbed
apgd-ce - 4/50 - 42 out of 100 successfully perturbed
apgd-ce - 5/50 - 58 out of 100 successfully perturbed
apgd-ce - 6/50 - 47 out of 100 successfully perturbed
apgd-ce - 7/50 - 39 out of 100 successfully perturbed
apgd-ce - 8/50 - 40 out of 100 successfully perturbed
apgd-ce - 9/50 - 51 out of 100 successfully perturbed
apgd-ce - 10/50 - 43 out of 100 successfully perturbed
apgd-ce - 11/50 - 47 out of 100 successfully perturbed
apgd-ce - 12/50 - 50 out of 100 successfully perturbed
apgd-ce - 13/50 - 51 out of 100 successfully perturbed
apgd-ce - 14/50 - 48 out of 100 successfully perturbed
apgd-ce - 15/50 - 51 out of 100 successfully perturbed
apgd-ce - 16/50 - 50 out of 100 successfully perturbed
apgd-ce - 17/50 - 46 out of 100 successfully perturbed
apgd-ce - 18/50 - 46 out of 100 successfully perturbed
apgd-ce - 19/50 - 46 out of 100 successfully perturbed
apgd-ce - 20/50 - 45 out of 100 successfully perturbed
apgd-ce - 21/50 - 44 out of 100 successfully perturbed
apgd-ce - 22/50 - 54 out of 100 successfully perturbed
apgd-ce - 23/50 - 49 out of 100 successfully perturbed
apgd-ce - 24/50 - 44 out of 100 successfully perturbed
apgd-ce - 25/50 - 45 out of 100 successfully perturbed
apgd-ce - 26/50 - 46 out of 100 successfully perturbed
apgd-ce - 27/50 - 49 out of 100 successfully perturbed
apgd-ce - 28/50 - 53 out of 100 successfully perturbed
apgd-ce - 29/50 - 48 out of 100 successfully perturbed
apgd-ce - 30/50 - 52 out of 100 successfully perturbed
apgd-ce - 31/50 - 49 out of 100 successfully perturbed
apgd-ce - 32/50 - 51 out of 100 successfully perturbed
apgd-ce - 33/50 - 43 out of 100 successfully perturbed
apgd-ce - 34/50 - 48 out of 100 successfully perturbed
apgd-ce - 35/50 - 45 out of 100 successfully perturbed
apgd-ce - 36/50 - 46 out of 100 successfully perturbed
apgd-ce - 37/50 - 52 out of 100 successfully perturbed
apgd-ce - 38/50 - 51 out of 100 successfully perturbed
apgd-ce - 39/50 - 53 out of 100 successfully perturbed
apgd-ce - 40/50 - 42 out of 100 successfully perturbed
apgd-ce - 41/50 - 53 out of 100 successfully perturbed
apgd-ce - 42/50 - 44 out of 100 successfully perturbed
apgd-ce - 43/50 - 54 out of 100 successfully perturbed
apgd-ce - 44/50 - 42 out of 100 successfully perturbed
apgd-ce - 45/50 - 53 out of 100 successfully perturbed
apgd-ce - 46/50 - 45 out of 100 successfully perturbed
apgd-ce - 47/50 - 46 out of 100 successfully perturbed
apgd-ce - 48/50 - 39 out of 100 successfully perturbed
apgd-ce - 49/50 - 53 out of 100 successfully perturbed
apgd-ce - 50/50 - 5 out of 17 successfully perturbed
robust accuracy after APGD-CE: 25.78% (total time 240.9 s)
apgd-t - 1/26 - 24 out of 100 successfully perturbed
apgd-t - 2/26 - 34 out of 100 successfully perturbed
apgd-t - 3/26 - 18 out of 100 successfully perturbed
apgd-t - 4/26 - 32 out of 100 successfully perturbed
apgd-t - 5/26 - 23 out of 100 successfully perturbed
apgd-t - 6/26 - 20 out of 100 successfully perturbed
apgd-t - 7/26 - 23 out of 100 successfully perturbed
apgd-t - 8/26 - 24 out of 100 successfully perturbed
apgd-t - 9/26 - 31 out of 100 successfully perturbed
apgd-t - 10/26 - 33 out of 100 successfully perturbed
apgd-t - 11/26 - 24 out of 100 successfully perturbed
apgd-t - 12/26 - 22 out of 100 successfully perturbed
apgd-t - 13/26 - 32 out of 100 successfully perturbed
apgd-t - 14/26 - 24 out of 100 successfully perturbed
apgd-t - 15/26 - 24 out of 100 successfully perturbed
apgd-t - 16/26 - 29 out of 100 successfully perturbed
apgd-t - 17/26 - 36 out of 100 successfully perturbed
apgd-t - 18/26 - 29 out of 100 successfully perturbed
apgd-t - 19/26 - 20 out of 100 successfully perturbed
apgd-t - 20/26 - 28 out of 100 successfully perturbed
apgd-t - 21/26 - 28 out of 100 successfully perturbed
apgd-t - 22/26 - 30 out of 100 successfully perturbed
apgd-t - 23/26 - 26 out of 100 successfully perturbed
apgd-t - 24/26 - 28 out of 100 successfully perturbed
apgd-t - 25/26 - 38 out of 100 successfully perturbed
apgd-t - 26/26 - 13 out of 78 successfully perturbed
robust accuracy after APGD-T: 18.85% (total time 1171.5 s)
fab-t - 1/19 - 0 out of 100 successfully perturbed
fab-t - 2/19 - 0 out of 100 successfully perturbed
fab-t - 3/19 - 0 out of 100 successfully perturbed
fab-t - 4/19 - 0 out of 100 successfully perturbed
fab-t - 5/19 - 0 out of 100 successfully perturbed
fab-t - 6/19 - 0 out of 100 successfully perturbed
fab-t - 7/19 - 0 out of 100 successfully perturbed
fab-t - 8/19 - 0 out of 100 successfully perturbed
fab-t - 9/19 - 0 out of 100 successfully perturbed
fab-t - 10/19 - 0 out of 100 successfully perturbed
fab-t - 11/19 - 0 out of 100 successfully perturbed
fab-t - 12/19 - 0 out of 100 successfully perturbed
fab-t - 13/19 - 0 out of 100 successfully perturbed
fab-t - 14/19 - 0 out of 100 successfully perturbed
fab-t - 15/19 - 0 out of 100 successfully perturbed
fab-t - 16/19 - 0 out of 100 successfully perturbed
fab-t - 17/19 - 0 out of 100 successfully perturbed
fab-t - 18/19 - 0 out of 100 successfully perturbed
fab-t - 19/19 - 0 out of 85 successfully perturbed
robust accuracy after FAB-T: 18.85% (total time 2884.4 s)
square - 1/19 - 0 out of 100 successfully perturbed
square - 2/19 - 0 out of 100 successfully perturbed
square - 3/19 - 0 out of 100 successfully perturbed
square - 4/19 - 0 out of 100 successfully perturbed
square - 5/19 - 0 out of 100 successfully perturbed
square - 6/19 - 0 out of 100 successfully perturbed
square - 7/19 - 0 out of 100 successfully perturbed
square - 8/19 - 0 out of 100 successfully perturbed
square - 9/19 - 0 out of 100 successfully perturbed
square - 10/19 - 0 out of 100 successfully perturbed
square - 11/19 - 0 out of 100 successfully perturbed
square - 12/19 - 0 out of 100 successfully perturbed
square - 13/19 - 0 out of 100 successfully perturbed
square - 14/19 - 0 out of 100 successfully perturbed
square - 15/19 - 0 out of 100 successfully perturbed
square - 16/19 - 0 out of 100 successfully perturbed
square - 17/19 - 0 out of 100 successfully perturbed
square - 18/19 - 0 out of 100 successfully perturbed
square - 19/19 - 0 out of 85 successfully perturbed
robust accuracy after SQUARE: 18.85% (total time 4923.3 s)
max Linf perturbation: 0.03137, nan in tensor: 0, max: 1.00000, min: 0.00000
robust accuracy: 18.85%

