Clean Accuracy: 56.92%
Running AutoAttack...
using standard version including apgd-ce, apgd-t, fab-t, square.
initial accuracy: 56.92%
apgd-ce - 1/57 - 35 out of 100 successfully perturbed
apgd-ce - 2/57 - 44 out of 100 successfully perturbed
apgd-ce - 3/57 - 43 out of 100 successfully perturbed
apgd-ce - 4/57 - 37 out of 100 successfully perturbed
apgd-ce - 5/57 - 46 out of 100 successfully perturbed
apgd-ce - 6/57 - 44 out of 100 successfully perturbed
apgd-ce - 7/57 - 48 out of 100 successfully perturbed
apgd-ce - 8/57 - 42 out of 100 successfully perturbed
apgd-ce - 9/57 - 41 out of 100 successfully perturbed
apgd-ce - 10/57 - 42 out of 100 successfully perturbed
apgd-ce - 11/57 - 39 out of 100 successfully perturbed
apgd-ce - 12/57 - 31 out of 100 successfully perturbed
apgd-ce - 13/57 - 36 out of 100 successfully perturbed
apgd-ce - 14/57 - 34 out of 100 successfully perturbed
apgd-ce - 15/57 - 43 out of 100 successfully perturbed
apgd-ce - 16/57 - 34 out of 100 successfully perturbed
apgd-ce - 17/57 - 48 out of 100 successfully perturbed
apgd-ce - 18/57 - 41 out of 100 successfully perturbed
apgd-ce - 19/57 - 47 out of 100 successfully perturbed
apgd-ce - 20/57 - 38 out of 100 successfully perturbed
apgd-ce - 21/57 - 43 out of 100 successfully perturbed
apgd-ce - 22/57 - 36 out of 100 successfully perturbed
apgd-ce - 23/57 - 45 out of 100 successfully perturbed
apgd-ce - 24/57 - 38 out of 100 successfully perturbed
apgd-ce - 25/57 - 43 out of 100 successfully perturbed
apgd-ce - 26/57 - 39 out of 100 successfully perturbed
apgd-ce - 27/57 - 43 out of 100 successfully perturbed
apgd-ce - 28/57 - 36 out of 100 successfully perturbed
apgd-ce - 29/57 - 34 out of 100 successfully perturbed
apgd-ce - 30/57 - 40 out of 100 successfully perturbed
apgd-ce - 31/57 - 48 out of 100 successfully perturbed
apgd-ce - 32/57 - 48 out of 100 successfully perturbed
apgd-ce - 33/57 - 43 out of 100 successfully perturbed
apgd-ce - 34/57 - 44 out of 100 successfully perturbed
apgd-ce - 35/57 - 50 out of 100 successfully perturbed
apgd-ce - 36/57 - 42 out of 100 successfully perturbed
apgd-ce - 37/57 - 43 out of 100 successfully perturbed
apgd-ce - 38/57 - 41 out of 100 successfully perturbed
apgd-ce - 39/57 - 41 out of 100 successfully perturbed
apgd-ce - 40/57 - 46 out of 100 successfully perturbed
apgd-ce - 41/57 - 40 out of 100 successfully perturbed
apgd-ce - 42/57 - 47 out of 100 successfully perturbed
apgd-ce - 43/57 - 43 out of 100 successfully perturbed
apgd-ce - 44/57 - 42 out of 100 successfully perturbed
apgd-ce - 45/57 - 46 out of 100 successfully perturbed
apgd-ce - 46/57 - 40 out of 100 successfully perturbed
apgd-ce - 47/57 - 40 out of 100 successfully perturbed
apgd-ce - 48/57 - 43 out of 100 successfully perturbed
apgd-ce - 49/57 - 35 out of 100 successfully perturbed
apgd-ce - 50/57 - 38 out of 100 successfully perturbed
apgd-ce - 51/57 - 46 out of 100 successfully perturbed
apgd-ce - 52/57 - 44 out of 100 successfully perturbed
apgd-ce - 53/57 - 44 out of 100 successfully perturbed
apgd-ce - 54/57 - 41 out of 100 successfully perturbed
apgd-ce - 55/57 - 43 out of 100 successfully perturbed
apgd-ce - 56/57 - 40 out of 100 successfully perturbed
apgd-ce - 57/57 - 43 out of 92 successfully perturbed
robust accuracy after APGD-CE: 33.21% (total time 93.3 s)
apgd-t - 1/34 - 14 out of 100 successfully perturbed
apgd-t - 2/34 - 18 out of 100 successfully perturbed
apgd-t - 3/34 - 17 out of 100 successfully perturbed
apgd-t - 4/34 - 22 out of 100 successfully perturbed
apgd-t - 5/34 - 22 out of 100 successfully perturbed
apgd-t - 6/34 - 19 out of 100 successfully perturbed
apgd-t - 7/34 - 12 out of 100 successfully perturbed
apgd-t - 8/34 - 21 out of 100 successfully perturbed
apgd-t - 9/34 - 26 out of 100 successfully perturbed
apgd-t - 10/34 - 18 out of 100 successfully perturbed
apgd-t - 11/34 - 23 out of 100 successfully perturbed
apgd-t - 12/34 - 18 out of 100 successfully perturbed
apgd-t - 13/34 - 15 out of 100 successfully perturbed
apgd-t - 14/34 - 11 out of 100 successfully perturbed
apgd-t - 15/34 - 23 out of 100 successfully perturbed
apgd-t - 16/34 - 25 out of 100 successfully perturbed
apgd-t - 17/34 - 20 out of 100 successfully perturbed
apgd-t - 18/34 - 23 out of 100 successfully perturbed
apgd-t - 19/34 - 19 out of 100 successfully perturbed
apgd-t - 20/34 - 24 out of 100 successfully perturbed
apgd-t - 21/34 - 15 out of 100 successfully perturbed
apgd-t - 22/34 - 20 out of 100 successfully perturbed
apgd-t - 23/34 - 17 out of 100 successfully perturbed
apgd-t - 24/34 - 21 out of 100 successfully perturbed
apgd-t - 25/34 - 25 out of 100 successfully perturbed
apgd-t - 26/34 - 15 out of 100 successfully perturbed
apgd-t - 27/34 - 21 out of 100 successfully perturbed
apgd-t - 28/34 - 23 out of 100 successfully perturbed
apgd-t - 29/34 - 23 out of 100 successfully perturbed
apgd-t - 30/34 - 18 out of 100 successfully perturbed
apgd-t - 31/34 - 15 out of 100 successfully perturbed
apgd-t - 32/34 - 13 out of 100 successfully perturbed
apgd-t - 33/34 - 16 out of 100 successfully perturbed
apgd-t - 34/34 - 4 out of 21 successfully perturbed
robust accuracy after APGD-T: 26.85% (total time 637.9 s)
fab-t - 1/27 - 0 out of 100 successfully perturbed
fab-t - 2/27 - 0 out of 100 successfully perturbed
fab-t - 3/27 - 0 out of 100 successfully perturbed
fab-t - 4/27 - 0 out of 100 successfully perturbed
fab-t - 5/27 - 0 out of 100 successfully perturbed
fab-t - 6/27 - 0 out of 100 successfully perturbed
fab-t - 7/27 - 0 out of 100 successfully perturbed
fab-t - 8/27 - 0 out of 100 successfully perturbed
fab-t - 9/27 - 0 out of 100 successfully perturbed
fab-t - 10/27 - 0 out of 100 successfully perturbed
fab-t - 11/27 - 0 out of 100 successfully perturbed
fab-t - 12/27 - 0 out of 100 successfully perturbed
fab-t - 13/27 - 0 out of 100 successfully perturbed
fab-t - 14/27 - 0 out of 100 successfully perturbed
fab-t - 15/27 - 0 out of 100 successfully perturbed
fab-t - 16/27 - 0 out of 100 successfully perturbed
fab-t - 17/27 - 0 out of 100 successfully perturbed
fab-t - 18/27 - 0 out of 100 successfully perturbed
fab-t - 19/27 - 0 out of 100 successfully perturbed
fab-t - 20/27 - 0 out of 100 successfully perturbed
fab-t - 21/27 - 0 out of 100 successfully perturbed
fab-t - 22/27 - 0 out of 100 successfully perturbed
fab-t - 23/27 - 0 out of 100 successfully perturbed
fab-t - 24/27 - 0 out of 100 successfully perturbed
fab-t - 25/27 - 0 out of 100 successfully perturbed
fab-t - 26/27 - 0 out of 100 successfully perturbed
fab-t - 27/27 - 0 out of 85 successfully perturbed
robust accuracy after FAB-T: 26.85% (total time 1447.0 s)
square - 1/27 - 0 out of 100 successfully perturbed
square - 2/27 - 0 out of 100 successfully perturbed
square - 3/27 - 0 out of 100 successfully perturbed
square - 4/27 - 0 out of 100 successfully perturbed
square - 5/27 - 0 out of 100 successfully perturbed
square - 6/27 - 0 out of 100 successfully perturbed
square - 7/27 - 0 out of 100 successfully perturbed
square - 8/27 - 0 out of 100 successfully perturbed
square - 9/27 - 0 out of 100 successfully perturbed
square - 10/27 - 0 out of 100 successfully perturbed
square - 11/27 - 0 out of 100 successfully perturbed
square - 12/27 - 0 out of 100 successfully perturbed
square - 13/27 - 0 out of 100 successfully perturbed
square - 14/27 - 0 out of 100 successfully perturbed
square - 15/27 - 0 out of 100 successfully perturbed
square - 16/27 - 0 out of 100 successfully perturbed
square - 17/27 - 0 out of 100 successfully perturbed
square - 18/27 - 0 out of 100 successfully perturbed
square - 19/27 - 0 out of 100 successfully perturbed
square - 20/27 - 0 out of 100 successfully perturbed
square - 21/27 - 0 out of 100 successfully perturbed
square - 22/27 - 0 out of 100 successfully perturbed
square - 23/27 - 0 out of 100 successfully perturbed
square - 24/27 - 0 out of 100 successfully perturbed
square - 25/27 - 0 out of 100 successfully perturbed
square - 26/27 - 0 out of 100 successfully perturbed
square - 27/27 - 0 out of 85 successfully perturbed
robust accuracy after SQUARE: 26.85% (total time 2404.4 s)
max Linf perturbation: 0.03137, nan in tensor: 0, max: 1.00000, min: 0.00000
robust accuracy: 26.85%

