scheduler: MultiStepLR
max smoothing: 0.8
weight average: True, tau: 0.9995


============ Epoch 0 ============
cur_smoothing: 0.0
Training time: 33.62
Training loss: 4.2949
Training accuracy: 0.0543

============ Epoch 1 ============
cur_smoothing: 0.007272727272727273
Training time: 32.86
Training loss: 3.9335
Training accuracy: 0.1026

============ Epoch 2 ============
cur_smoothing: 0.014545454545454545
Training time: 33.02
Training loss: 3.7829
Training accuracy: 0.1292

============ Epoch 3 ============
cur_smoothing: 0.02181818181818182
Training time: 32.97
Training loss: 3.6464
Training accuracy: 0.1587

============ Epoch 4 ============
cur_smoothing: 0.02909090909090909
Training time: 32.95
Training loss: 3.5425
Training accuracy: 0.1796

============ Epoch 5 ============
cur_smoothing: 0.03636363636363636
Training time: 33.02
Training loss: 3.4647
Training accuracy: 0.1993

============ Epoch 6 ============
cur_smoothing: 0.04363636363636364
Training time: 33.18
Training loss: 3.3962
Training accuracy: 0.2167

============ Epoch 7 ============
cur_smoothing: 0.05090909090909091
Training time: 33.12
Training loss: 3.3436
Training accuracy: 0.2324

============ Epoch 8 ============
cur_smoothing: 0.05818181818181818
Training time: 33.07
Training loss: 3.3161
Training accuracy: 0.2414

============ Epoch 9 ============
cur_smoothing: 0.06545454545454546
Training time: 33.14
Training loss: 3.2949
Training accuracy: 0.2507

============ Epoch 10 ============
cur_smoothing: 0.07272727272727272
Training time: 33.17
Training loss: 3.2814
Training accuracy: 0.2575

============ Epoch 11 ============
cur_smoothing: 0.08
Training time: 33.18
Training loss: 3.2727
Training accuracy: 0.2635

============ Epoch 12 ============
cur_smoothing: 0.08727272727272728
Training time: 33.04
Training loss: 3.2652
Training accuracy: 0.2701

============ Epoch 13 ============
cur_smoothing: 0.09454545454545454
Training time: 33.16
Training loss: 3.2631
Training accuracy: 0.2748

============ Epoch 14 ============
cur_smoothing: 0.10181818181818182
Training time: 33.13
Training loss: 3.2626
Training accuracy: 0.2800

============ Epoch 15 ============
cur_smoothing: 0.10909090909090909
Training time: 33.16
Training loss: 3.2616
Training accuracy: 0.2862

============ Epoch 16 ============
cur_smoothing: 0.11636363636363636
Training time: 33.04
Training loss: 3.2662
Training accuracy: 0.2918

============ Epoch 17 ============
cur_smoothing: 0.12363636363636366
Training time: 33.03
Training loss: 3.2666
Training accuracy: 0.2941

============ Epoch 18 ============
cur_smoothing: 0.13090909090909092
Training time: 33.01
Training loss: 3.2758
Training accuracy: 0.2976

============ Epoch 19 ============
cur_smoothing: 0.13818181818181818
Training time: 33.15
Training loss: 3.2821
Training accuracy: 0.3033

============ Epoch 20 ============
cur_smoothing: 0.14545454545454545
Training time: 32.99
Training loss: 3.2893
Training accuracy: 0.3059

============ Epoch 21 ============
cur_smoothing: 0.15272727272727274
Training time: 32.99
Training loss: 3.2946
Training accuracy: 0.3098

============ Epoch 22 ============
cur_smoothing: 0.16
Training time: 32.98
Training loss: 3.3083
Training accuracy: 0.3081

============ Epoch 23 ============
cur_smoothing: 0.1672727272727273
Training time: 33.02
Training loss: 3.3218
Training accuracy: 0.3118

============ Epoch 24 ============
cur_smoothing: 0.17454545454545456
Training time: 33.02
Training loss: 3.3288
Training accuracy: 0.3163

============ Epoch 25 ============
cur_smoothing: 0.18181818181818182
Training time: 33.02
Training loss: 3.3425
Training accuracy: 0.3180

============ Epoch 26 ============
cur_smoothing: 0.1890909090909091
Training time: 33.10
Training loss: 3.3535
Training accuracy: 0.3217

============ Epoch 27 ============
cur_smoothing: 0.19636363636363638
Training time: 33.11
Training loss: 3.3687
Training accuracy: 0.3240

============ Epoch 28 ============
cur_smoothing: 0.20363636363636364
Training time: 32.98
Training loss: 3.3815
Training accuracy: 0.3232

============ Epoch 29 ============
cur_smoothing: 0.21090909090909093
Training time: 33.05
Training loss: 3.3919
Training accuracy: 0.3256

============ Epoch 30 ============
cur_smoothing: 0.21818181818181817
Training time: 32.92
Training loss: 3.4065
Training accuracy: 0.3287

============ Epoch 31 ============
cur_smoothing: 0.22545454545454546
Training time: 33.00
Training loss: 3.4177
Training accuracy: 0.3306

============ Epoch 32 ============
cur_smoothing: 0.23272727272727273
Training time: 32.96
Training loss: 3.4366
Training accuracy: 0.3307

============ Epoch 33 ============
cur_smoothing: 0.24000000000000002
Training time: 32.96
Training loss: 3.4486
Training accuracy: 0.3312

============ Epoch 34 ============
cur_smoothing: 0.2472727272727273
Training time: 33.13
Training loss: 3.4633
Training accuracy: 0.3341

============ Epoch 35 ============
cur_smoothing: 0.2545454545454545
Training time: 32.97
Training loss: 3.4784
Training accuracy: 0.3326

============ Epoch 36 ============
cur_smoothing: 0.26181818181818184
Training time: 33.18
Training loss: 3.4969
Training accuracy: 0.3346

============ Epoch 37 ============
cur_smoothing: 0.2690909090909091
Training time: 32.93
Training loss: 3.5096
Training accuracy: 0.3358

============ Epoch 38 ============
cur_smoothing: 0.27636363636363637
Training time: 33.01
Training loss: 3.5237
Training accuracy: 0.3418

============ Epoch 39 ============
cur_smoothing: 0.2836363636363637
Training time: 33.00
Training loss: 3.5428
Training accuracy: 0.3380

============ Epoch 40 ============
cur_smoothing: 0.2909090909090909
Training time: 32.96
Training loss: 3.5553
Training accuracy: 0.3401

============ Epoch 41 ============
cur_smoothing: 0.2981818181818182
Training time: 33.20
Training loss: 3.5669
Training accuracy: 0.3408

============ Epoch 42 ============
cur_smoothing: 0.3054545454545455
Training time: 32.99
Training loss: 3.5830
Training accuracy: 0.3430

============ Epoch 43 ============
cur_smoothing: 0.3127272727272727
Training time: 32.99
Training loss: 3.5975
Training accuracy: 0.3423

============ Epoch 44 ============
cur_smoothing: 0.32
Training time: 32.97
Training loss: 3.6146
Training accuracy: 0.3432

============ Epoch 45 ============
cur_smoothing: 0.32727272727272727
Training time: 32.99
Training loss: 3.6280
Training accuracy: 0.3463

============ Epoch 46 ============
cur_smoothing: 0.3345454545454546
Training time: 32.99
Training loss: 3.6453
Training accuracy: 0.3453

============ Epoch 47 ============
cur_smoothing: 0.34181818181818185
Training time: 32.99
Training loss: 3.6603
Training accuracy: 0.3468

============ Epoch 48 ============
cur_smoothing: 0.3490909090909091
Training time: 32.96
Training loss: 3.6741
Training accuracy: 0.3480

============ Epoch 49 ============
cur_smoothing: 0.3563636363636364
Training time: 32.98
Training loss: 3.6897
Training accuracy: 0.3478

============ Epoch 50 ============
cur_smoothing: 0.36363636363636365
Training time: 33.02
Training loss: 3.7054
Training accuracy: 0.3517

============ Epoch 51 ============
cur_smoothing: 0.37090909090909097
Training time: 33.11
Training loss: 3.7245
Training accuracy: 0.3480

============ Epoch 52 ============
cur_smoothing: 0.3781818181818182
Training time: 32.90
Training loss: 3.7379
Training accuracy: 0.3490

============ Epoch 53 ============
cur_smoothing: 0.3854545454545455
Training time: 32.94
Training loss: 3.7493
Training accuracy: 0.3523

============ Epoch 54 ============
cur_smoothing: 0.39272727272727276
Training time: 32.98
Training loss: 3.7676
Training accuracy: 0.3511

============ Epoch 55 ============
cur_smoothing: 0.4
Training time: 32.94
Training loss: 3.7794
Training accuracy: 0.3551

============ Epoch 56 ============
cur_smoothing: 0.4072727272727273
Training time: 32.97
Training loss: 3.7953
Training accuracy: 0.3529

============ Epoch 57 ============
cur_smoothing: 0.41454545454545455
Training time: 32.99
Training loss: 3.8105
Training accuracy: 0.3540

============ Epoch 58 ============
cur_smoothing: 0.42181818181818187
Training time: 32.95
Training loss: 3.8246
Training accuracy: 0.3547

============ Epoch 59 ============
cur_smoothing: 0.42909090909090913
Training time: 32.98
Training loss: 3.8393
Training accuracy: 0.3551

============ Epoch 60 ============
cur_smoothing: 0.43636363636363634
Training time: 32.99
Training loss: 3.8563
Training accuracy: 0.3545

============ Epoch 61 ============
cur_smoothing: 0.44363636363636366
Training time: 32.99
Training loss: 3.8706
Training accuracy: 0.3565

============ Epoch 62 ============
cur_smoothing: 0.4509090909090909
Training time: 32.97
Training loss: 3.8834
Training accuracy: 0.3578

============ Epoch 63 ============
cur_smoothing: 0.45818181818181825
Training time: 32.98
Training loss: 3.8974
Training accuracy: 0.3578

============ Epoch 64 ============
cur_smoothing: 0.46545454545454545
Training time: 32.95
Training loss: 3.9134
Training accuracy: 0.3577

============ Epoch 65 ============
cur_smoothing: 0.4727272727272727
Training time: 32.93
Training loss: 3.9274
Training accuracy: 0.3588

============ Epoch 66 ============
cur_smoothing: 0.48000000000000004
Training time: 32.92
Training loss: 3.9386
Training accuracy: 0.3614

============ Epoch 67 ============
cur_smoothing: 0.4872727272727273
Training time: 32.88
Training loss: 3.9554
Training accuracy: 0.3596

============ Epoch 68 ============
cur_smoothing: 0.4945454545454546
Training time: 32.99
Training loss: 3.9677
Training accuracy: 0.3630

============ Epoch 69 ============
cur_smoothing: 0.5018181818181818
Training time: 32.95
Training loss: 3.9823
Training accuracy: 0.3605

============ Epoch 70 ============
cur_smoothing: 0.509090909090909
Training time: 32.94
Training loss: 3.9986
Training accuracy: 0.3620

============ Epoch 71 ============
cur_smoothing: 0.5163636363636364
Training time: 32.96
Training loss: 4.0103
Training accuracy: 0.3620

============ Epoch 72 ============
cur_smoothing: 0.5236363636363637
Training time: 32.98
Training loss: 4.0234
Training accuracy: 0.3631

============ Epoch 73 ============
cur_smoothing: 0.530909090909091
Training time: 32.98
Training loss: 4.0359
Training accuracy: 0.3650

============ Epoch 74 ============
cur_smoothing: 0.5381818181818182
Training time: 32.94
Training loss: 4.0522
Training accuracy: 0.3629

============ Epoch 75 ============
cur_smoothing: 0.5454545454545454
Training time: 32.99
Training loss: 4.0641
Training accuracy: 0.3650

============ Epoch 76 ============
cur_smoothing: 0.5527272727272727
Training time: 32.96
Training loss: 4.0760
Training accuracy: 0.3648

============ Epoch 77 ============
cur_smoothing: 0.56
Training time: 32.92
Training loss: 4.0917
Training accuracy: 0.3658

============ Epoch 78 ============
cur_smoothing: 0.5672727272727274
Training time: 32.93
Training loss: 4.1038
Training accuracy: 0.3630

============ Epoch 79 ============
cur_smoothing: 0.5745454545454546
Training time: 32.96
Training loss: 4.1183
Training accuracy: 0.3650

============ Epoch 80 ============
cur_smoothing: 0.5818181818181818
Training time: 32.97
Training loss: 4.1308
Training accuracy: 0.3656

============ Epoch 81 ============
cur_smoothing: 0.5890909090909091
Training time: 32.94
Training loss: 4.1419
Training accuracy: 0.3673

============ Epoch 82 ============
cur_smoothing: 0.5963636363636364
Training time: 32.97
Training loss: 4.1552
Training accuracy: 0.3659

============ Epoch 83 ============
cur_smoothing: 0.6036363636363636
Training time: 32.98
Training loss: 4.1670
Training accuracy: 0.3684

============ Epoch 84 ============
cur_smoothing: 0.610909090909091
Training time: 32.95
Training loss: 4.1796
Training accuracy: 0.3703

============ Epoch 85 ============
cur_smoothing: 0.6181818181818182
Training time: 32.98
Training loss: 4.1933
Training accuracy: 0.3664

============ Epoch 86 ============
cur_smoothing: 0.6254545454545454
Training time: 32.95
Training loss: 4.2040
Training accuracy: 0.3700

============ Epoch 87 ============
cur_smoothing: 0.6327272727272728
Training time: 32.97
Training loss: 4.2163
Training accuracy: 0.3690

============ Epoch 88 ============
cur_smoothing: 0.64
Training time: 32.94
Training loss: 4.2281
Training accuracy: 0.3728

============ Epoch 89 ============
cur_smoothing: 0.6472727272727273
Training time: 32.99
Training loss: 4.2413
Training accuracy: 0.3701

============ Epoch 90 ============
cur_smoothing: 0.6545454545454545
Training time: 32.96
Training loss: 4.2527
Training accuracy: 0.3699
Test time: 17.45
Test accuracy: 0.5420
FGSM accuracy: 0.3423
PGD accuracy: 0.3304

============ Epoch 91 ============
cur_smoothing: 0.6618181818181817
Training time: 33.21
Training loss: 4.2649
Training accuracy: 0.3717
Test time: 17.41
Test accuracy: 0.5423
FGSM accuracy: 0.3446
PGD accuracy: 0.3298

============ Epoch 92 ============
cur_smoothing: 0.6690909090909092
Training time: 33.12
Training loss: 4.2741
Training accuracy: 0.3744
Test time: 17.38
Test accuracy: 0.5408
FGSM accuracy: 0.3456
PGD accuracy: 0.3329

============ Epoch 93 ============
cur_smoothing: 0.6763636363636364
Training time: 33.23
Training loss: 4.2857
Training accuracy: 0.3754
Test time: 17.38
Test accuracy: 0.5404
FGSM accuracy: 0.3457
PGD accuracy: 0.3316

============ Epoch 94 ============
cur_smoothing: 0.6836363636363637
Training time: 33.01
Training loss: 4.2971
Training accuracy: 0.3757
Test time: 17.40
Test accuracy: 0.5404
FGSM accuracy: 0.3450
PGD accuracy: 0.3316

============ Epoch 95 ============
cur_smoothing: 0.6909090909090909
Training time: 33.40
Training loss: 4.3079
Training accuracy: 0.3747
Test time: 17.36
Test accuracy: 0.5399
FGSM accuracy: 0.3443
PGD accuracy: 0.3302

============ Epoch 96 ============
cur_smoothing: 0.6981818181818182
Training time: 32.96
Training loss: 4.3201
Training accuracy: 0.3712
Test time: 17.36
Test accuracy: 0.5392
FGSM accuracy: 0.3426
PGD accuracy: 0.3301

============ Epoch 97 ============
cur_smoothing: 0.7054545454545456
Training time: 32.97
Training loss: 4.3303
Training accuracy: 0.3735
Test time: 17.34
Test accuracy: 0.5391
FGSM accuracy: 0.3418
PGD accuracy: 0.3296

============ Epoch 98 ============
cur_smoothing: 0.7127272727272728
Training time: 32.96
Training loss: 4.3401
Training accuracy: 0.3767
Test time: 17.39
Test accuracy: 0.5381
FGSM accuracy: 0.3401
PGD accuracy: 0.3297

============ Epoch 99 ============
cur_smoothing: 0.72
Training time: 33.26
Training loss: 4.3514
Training accuracy: 0.3756
Test time: 17.38
Test accuracy: 0.5366
FGSM accuracy: 0.3405
PGD accuracy: 0.3294

============ Epoch 100 ============
cur_smoothing: 0.7272727272727273
Training time: 32.97
Training loss: 4.3044
Training accuracy: 0.4643
Test time: 17.36
Test accuracy: 0.5382
FGSM accuracy: 0.3421
PGD accuracy: 0.3312

============ Epoch 101 ============
cur_smoothing: 0.7345454545454546
Training time: 33.04
Training loss: 4.2947
Training accuracy: 0.4996
Test time: 17.38
Test accuracy: 0.5409
FGSM accuracy: 0.3435
PGD accuracy: 0.3322

============ Epoch 102 ============
cur_smoothing: 0.7418181818181819
Training time: 33.22
Training loss: 4.2982
Training accuracy: 0.5176
Test time: 17.34
Test accuracy: 0.5429
FGSM accuracy: 0.3457
PGD accuracy: 0.3334

============ Epoch 103 ============
cur_smoothing: 0.7490909090909091
Training time: 33.10
Training loss: 4.3049
Training accuracy: 0.5305
Test time: 17.38
Test accuracy: 0.5448
FGSM accuracy: 0.3466
PGD accuracy: 0.3336

============ Epoch 104 ============
cur_smoothing: 0.7563636363636363
Training time: 33.36
Training loss: 4.3128
Training accuracy: 0.5421
Test time: 17.36
Test accuracy: 0.5488
FGSM accuracy: 0.3478
PGD accuracy: 0.3353

============ Epoch 105 ============
cur_smoothing: 0.7636363636363637
Training time: 33.12
Training loss: 4.3150
Training accuracy: 0.5661
Test time: 17.38
Test accuracy: 0.5528
FGSM accuracy: 0.3494
PGD accuracy: 0.3354

============ Epoch 106 ============
cur_smoothing: 0.770909090909091
Training time: 33.05
Training loss: 4.3274
Training accuracy: 0.5689
Test time: 17.40
Test accuracy: 0.5566
FGSM accuracy: 0.3493
PGD accuracy: 0.3372

============ Epoch 107 ============
cur_smoothing: 0.7781818181818183
Training time: 33.12
Training loss: 4.3393
Training accuracy: 0.5739
Test time: 17.34
Test accuracy: 0.5612
FGSM accuracy: 0.3517
PGD accuracy: 0.3384

============ Epoch 108 ============
cur_smoothing: 0.7854545454545455
Training time: 33.05
Training loss: 4.3522
Training accuracy: 0.5734
Test time: 17.47
Test accuracy: 0.5662
FGSM accuracy: 0.3527
PGD accuracy: 0.3385

============ Epoch 109 ============
cur_smoothing: 0.7927272727272727
Training time: 33.28
Training loss: 4.3645
Training accuracy: 0.5772
Test time: 17.36
Test accuracy: 0.5692
FGSM accuracy: 0.3542
PGD accuracy: 0.3385

train_acc_list: 
[0.05426, 0.10262, 0.12922, 0.1587, 0.17956, 0.1993, 0.21672, 0.23238, 0.24136, 0.25068, 0.25748, 0.26352, 0.27014, 0.27478, 0.28004, 0.28618, 0.29182, 0.29406, 0.2976, 0.30328, 0.30586, 0.3098, 0.30808, 0.31184, 0.3163, 0.31804, 0.32172, 0.32402, 0.32322, 0.32556, 0.32874, 0.33058, 0.33074, 0.33124, 0.33414, 0.33256, 0.3346, 0.33582, 0.34176, 0.33802, 0.34012, 0.34084, 0.34298, 0.34234, 0.34316, 0.34626, 0.34532, 0.34684, 0.348, 0.34782, 0.35174, 0.34796, 0.34902, 0.35228, 0.35112, 0.35514, 0.35286, 0.35396, 0.35466, 0.35512, 0.35452, 0.35646, 0.35778, 0.35784, 0.3577, 0.35876, 0.36138, 0.35964, 0.363, 0.36052, 0.36196, 0.362, 0.3631, 0.36502, 0.36286, 0.36502, 0.36476, 0.36578, 0.36302, 0.36502, 0.36556, 0.36728, 0.3659, 0.3684, 0.37032, 0.36642, 0.36998, 0.369, 0.37284, 0.3701, 0.36986, 0.3717, 0.3744, 0.37542, 0.37574, 0.37472, 0.37122, 0.37352, 0.37672, 0.37558, 0.4643, 0.4996, 0.5176, 0.53052, 0.54206, 0.56612, 0.56892, 0.57392, 0.57338, 0.57716]

test_acc_list: 
[0.542, 0.5423, 0.5408, 0.5404, 0.5404, 0.5399, 0.5392, 0.5391, 0.5381, 0.5366, 0.5382, 0.5409, 0.5429, 0.5448, 0.5488, 0.5528, 0.5566, 0.5612, 0.5662, 0.5692]

pgd_acc_list: 
[0.3304, 0.3298, 0.3329, 0.3316, 0.3316, 0.3302, 0.3301, 0.3296, 0.3297, 0.3294, 0.3312, 0.3322, 0.3334, 0.3336, 0.3353, 0.3354, 0.3372, 0.3384, 0.3385, 0.3385]

fgsm_acc_list: 
[0.3423, 0.3446, 0.3456, 0.3457, 0.345, 0.3443, 0.3426, 0.3418, 0.3401, 0.3405, 0.3421, 0.3435, 0.3457, 0.3466, 0.3478, 0.3494, 0.3493, 0.3517, 0.3527, 0.3542]

total_training_time: 
3633.2873780727386

total_test_time: 
347.63518929481506

Training metrics CSV file saved to: ./log_cifar100/at-fat/2025-11-04-20-23-53-seed-1/train_metrics.csv
Training metrics CSV file saved to: ./log_cifar100/at-fat/2025-11-04-20-23-53-seed-1/test_metrics.csv
Training metrics plot saved to: ./log_cifar100/at-fat/2025-11-04-20-23-53-seed-1/training_metrics.png
