Clean Accuracy: 57.33%
Running AutoAttack...
using standard version including apgd-ce, apgd-t, fab-t, square.
initial accuracy: 57.33%
apgd-ce - 1/58 - 39 out of 100 successfully perturbed
apgd-ce - 2/58 - 41 out of 100 successfully perturbed
apgd-ce - 3/58 - 41 out of 100 successfully perturbed
apgd-ce - 4/58 - 38 out of 100 successfully perturbed
apgd-ce - 5/58 - 46 out of 100 successfully perturbed
apgd-ce - 6/58 - 43 out of 100 successfully perturbed
apgd-ce - 7/58 - 45 out of 100 successfully perturbed
apgd-ce - 8/58 - 41 out of 100 successfully perturbed
apgd-ce - 9/58 - 38 out of 100 successfully perturbed
apgd-ce - 10/58 - 44 out of 100 successfully perturbed
apgd-ce - 11/58 - 40 out of 100 successfully perturbed
apgd-ce - 12/58 - 36 out of 100 successfully perturbed
apgd-ce - 13/58 - 37 out of 100 successfully perturbed
apgd-ce - 14/58 - 43 out of 100 successfully perturbed
apgd-ce - 15/58 - 44 out of 100 successfully perturbed
apgd-ce - 16/58 - 45 out of 100 successfully perturbed
apgd-ce - 17/58 - 37 out of 100 successfully perturbed
apgd-ce - 18/58 - 50 out of 100 successfully perturbed
apgd-ce - 19/58 - 46 out of 100 successfully perturbed
apgd-ce - 20/58 - 39 out of 100 successfully perturbed
apgd-ce - 21/58 - 40 out of 100 successfully perturbed
apgd-ce - 22/58 - 40 out of 100 successfully perturbed
apgd-ce - 23/58 - 42 out of 100 successfully perturbed
apgd-ce - 24/58 - 40 out of 100 successfully perturbed
apgd-ce - 25/58 - 40 out of 100 successfully perturbed
apgd-ce - 26/58 - 39 out of 100 successfully perturbed
apgd-ce - 27/58 - 46 out of 100 successfully perturbed
apgd-ce - 28/58 - 33 out of 100 successfully perturbed
apgd-ce - 29/58 - 30 out of 100 successfully perturbed
apgd-ce - 30/58 - 38 out of 100 successfully perturbed
apgd-ce - 31/58 - 51 out of 100 successfully perturbed
apgd-ce - 32/58 - 47 out of 100 successfully perturbed
apgd-ce - 33/58 - 42 out of 100 successfully perturbed
apgd-ce - 34/58 - 42 out of 100 successfully perturbed
apgd-ce - 35/58 - 44 out of 100 successfully perturbed
apgd-ce - 36/58 - 41 out of 100 successfully perturbed
apgd-ce - 37/58 - 45 out of 100 successfully perturbed
apgd-ce - 38/58 - 36 out of 100 successfully perturbed
apgd-ce - 39/58 - 47 out of 100 successfully perturbed
apgd-ce - 40/58 - 39 out of 100 successfully perturbed
apgd-ce - 41/58 - 41 out of 100 successfully perturbed
apgd-ce - 42/58 - 52 out of 100 successfully perturbed
apgd-ce - 43/58 - 43 out of 100 successfully perturbed
apgd-ce - 44/58 - 40 out of 100 successfully perturbed
apgd-ce - 45/58 - 45 out of 100 successfully perturbed
apgd-ce - 46/58 - 46 out of 100 successfully perturbed
apgd-ce - 47/58 - 33 out of 100 successfully perturbed
apgd-ce - 48/58 - 46 out of 100 successfully perturbed
apgd-ce - 49/58 - 43 out of 100 successfully perturbed
apgd-ce - 50/58 - 35 out of 100 successfully perturbed
apgd-ce - 51/58 - 40 out of 100 successfully perturbed
apgd-ce - 52/58 - 46 out of 100 successfully perturbed
apgd-ce - 53/58 - 42 out of 100 successfully perturbed
apgd-ce - 54/58 - 46 out of 100 successfully perturbed
apgd-ce - 55/58 - 42 out of 100 successfully perturbed
apgd-ce - 56/58 - 32 out of 100 successfully perturbed
apgd-ce - 57/58 - 43 out of 100 successfully perturbed
apgd-ce - 58/58 - 16 out of 33 successfully perturbed
robust accuracy after APGD-CE: 33.47% (total time 96.7 s)
apgd-t - 1/34 - 16 out of 100 successfully perturbed
apgd-t - 2/34 - 19 out of 100 successfully perturbed
apgd-t - 3/34 - 13 out of 100 successfully perturbed
apgd-t - 4/34 - 26 out of 100 successfully perturbed
apgd-t - 5/34 - 20 out of 100 successfully perturbed
apgd-t - 6/34 - 18 out of 100 successfully perturbed
apgd-t - 7/34 - 15 out of 100 successfully perturbed
apgd-t - 8/34 - 21 out of 100 successfully perturbed
apgd-t - 9/34 - 22 out of 100 successfully perturbed
apgd-t - 10/34 - 19 out of 100 successfully perturbed
apgd-t - 11/34 - 24 out of 100 successfully perturbed
apgd-t - 12/34 - 22 out of 100 successfully perturbed
apgd-t - 13/34 - 16 out of 100 successfully perturbed
apgd-t - 14/34 - 17 out of 100 successfully perturbed
apgd-t - 15/34 - 30 out of 100 successfully perturbed
apgd-t - 16/34 - 25 out of 100 successfully perturbed
apgd-t - 17/34 - 21 out of 100 successfully perturbed
apgd-t - 18/34 - 20 out of 100 successfully perturbed
apgd-t - 19/34 - 23 out of 100 successfully perturbed
apgd-t - 20/34 - 23 out of 100 successfully perturbed
apgd-t - 21/34 - 29 out of 100 successfully perturbed
apgd-t - 22/34 - 20 out of 100 successfully perturbed
apgd-t - 23/34 - 20 out of 100 successfully perturbed
apgd-t - 24/34 - 20 out of 100 successfully perturbed
apgd-t - 25/34 - 20 out of 100 successfully perturbed
apgd-t - 26/34 - 19 out of 100 successfully perturbed
apgd-t - 27/34 - 17 out of 100 successfully perturbed
apgd-t - 28/34 - 20 out of 100 successfully perturbed
apgd-t - 29/34 - 21 out of 100 successfully perturbed
apgd-t - 30/34 - 19 out of 100 successfully perturbed
apgd-t - 31/34 - 24 out of 100 successfully perturbed
apgd-t - 32/34 - 13 out of 100 successfully perturbed
apgd-t - 33/34 - 17 out of 100 successfully perturbed
apgd-t - 34/34 - 8 out of 47 successfully perturbed
robust accuracy after APGD-T: 26.70% (total time 642.1 s)
fab-t - 1/27 - 0 out of 100 successfully perturbed
fab-t - 2/27 - 0 out of 100 successfully perturbed
fab-t - 3/27 - 0 out of 100 successfully perturbed
fab-t - 4/27 - 0 out of 100 successfully perturbed
fab-t - 5/27 - 0 out of 100 successfully perturbed
fab-t - 6/27 - 0 out of 100 successfully perturbed
fab-t - 7/27 - 0 out of 100 successfully perturbed
fab-t - 8/27 - 0 out of 100 successfully perturbed
fab-t - 9/27 - 0 out of 100 successfully perturbed
fab-t - 10/27 - 0 out of 100 successfully perturbed
fab-t - 11/27 - 0 out of 100 successfully perturbed
fab-t - 12/27 - 0 out of 100 successfully perturbed
fab-t - 13/27 - 0 out of 100 successfully perturbed
fab-t - 14/27 - 0 out of 100 successfully perturbed
fab-t - 15/27 - 0 out of 100 successfully perturbed
fab-t - 16/27 - 0 out of 100 successfully perturbed
fab-t - 17/27 - 0 out of 100 successfully perturbed
fab-t - 18/27 - 0 out of 100 successfully perturbed
fab-t - 19/27 - 0 out of 100 successfully perturbed
fab-t - 20/27 - 0 out of 100 successfully perturbed
fab-t - 21/27 - 0 out of 100 successfully perturbed
fab-t - 22/27 - 0 out of 100 successfully perturbed
fab-t - 23/27 - 0 out of 100 successfully perturbed
fab-t - 24/27 - 0 out of 100 successfully perturbed
fab-t - 25/27 - 0 out of 100 successfully perturbed
fab-t - 26/27 - 0 out of 100 successfully perturbed
fab-t - 27/27 - 0 out of 70 successfully perturbed
robust accuracy after FAB-T: 26.70% (total time 1456.5 s)
square - 1/27 - 0 out of 100 successfully perturbed
square - 2/27 - 0 out of 100 successfully perturbed
square - 3/27 - 0 out of 100 successfully perturbed
square - 4/27 - 0 out of 100 successfully perturbed
square - 5/27 - 0 out of 100 successfully perturbed
square - 6/27 - 0 out of 100 successfully perturbed
square - 7/27 - 0 out of 100 successfully perturbed
square - 8/27 - 0 out of 100 successfully perturbed
square - 9/27 - 0 out of 100 successfully perturbed
square - 10/27 - 0 out of 100 successfully perturbed
square - 11/27 - 0 out of 100 successfully perturbed
square - 12/27 - 0 out of 100 successfully perturbed
square - 13/27 - 0 out of 100 successfully perturbed
square - 14/27 - 0 out of 100 successfully perturbed
square - 15/27 - 0 out of 100 successfully perturbed
square - 16/27 - 0 out of 100 successfully perturbed
square - 17/27 - 0 out of 100 successfully perturbed
square - 18/27 - 0 out of 100 successfully perturbed
square - 19/27 - 0 out of 100 successfully perturbed
square - 20/27 - 0 out of 100 successfully perturbed
square - 21/27 - 0 out of 100 successfully perturbed
square - 22/27 - 0 out of 100 successfully perturbed
square - 23/27 - 0 out of 100 successfully perturbed
square - 24/27 - 0 out of 100 successfully perturbed
square - 25/27 - 0 out of 100 successfully perturbed
square - 26/27 - 0 out of 100 successfully perturbed
square - 27/27 - 0 out of 70 successfully perturbed
robust accuracy after SQUARE: 26.70% (total time 2411.3 s)
max Linf perturbation: 0.03137, nan in tensor: 0, max: 1.00000, min: 0.00000
robust accuracy: 26.70%

