scheduler: MultiStepLR
max smoothing: 0.8
weight average: True, tau: 0.9995


============ Epoch 0 ============
cur_smoothing: 0.0
Training time: 33.94
Training loss: 4.2962
Training accuracy: 0.0534

============ Epoch 1 ============
cur_smoothing: 0.007272727272727273
Training time: 32.99
Training loss: 3.9492
Training accuracy: 0.1010

============ Epoch 2 ============
cur_smoothing: 0.014545454545454545
Training time: 33.08
Training loss: 3.7821
Training accuracy: 0.1278

============ Epoch 3 ============
cur_smoothing: 0.02181818181818182
Training time: 33.11
Training loss: 3.6614
Training accuracy: 0.1541

============ Epoch 4 ============
cur_smoothing: 0.02909090909090909
Training time: 33.10
Training loss: 3.5598
Training accuracy: 0.1789

============ Epoch 5 ============
cur_smoothing: 0.03636363636363636
Training time: 33.07
Training loss: 3.4821
Training accuracy: 0.1950

============ Epoch 6 ============
cur_smoothing: 0.04363636363636364
Training time: 33.07
Training loss: 3.4147
Training accuracy: 0.2125

============ Epoch 7 ============
cur_smoothing: 0.05090909090909091
Training time: 33.10
Training loss: 3.3684
Training accuracy: 0.2265

============ Epoch 8 ============
cur_smoothing: 0.05818181818181818
Training time: 33.15
Training loss: 3.3391
Training accuracy: 0.2345

============ Epoch 9 ============
cur_smoothing: 0.06545454545454546
Training time: 33.10
Training loss: 3.3171
Training accuracy: 0.2462

============ Epoch 10 ============
cur_smoothing: 0.07272727272727272
Training time: 33.06
Training loss: 3.2979
Training accuracy: 0.2525

============ Epoch 11 ============
cur_smoothing: 0.08
Training time: 33.09
Training loss: 3.2868
Training accuracy: 0.2626

============ Epoch 12 ============
cur_smoothing: 0.08727272727272728
Training time: 33.01
Training loss: 3.2763
Training accuracy: 0.2674

============ Epoch 13 ============
cur_smoothing: 0.09454545454545454
Training time: 33.15
Training loss: 3.2727
Training accuracy: 0.2745

============ Epoch 14 ============
cur_smoothing: 0.10181818181818182
Training time: 33.18
Training loss: 3.2668
Training accuracy: 0.2807

============ Epoch 15 ============
cur_smoothing: 0.10909090909090909
Training time: 33.19
Training loss: 3.2743
Training accuracy: 0.2832

============ Epoch 16 ============
cur_smoothing: 0.11636363636363636
Training time: 33.08
Training loss: 3.2757
Training accuracy: 0.2895

============ Epoch 17 ============
cur_smoothing: 0.12363636363636366
Training time: 33.10
Training loss: 3.2731
Training accuracy: 0.2931

============ Epoch 18 ============
cur_smoothing: 0.13090909090909092
Training time: 33.05
Training loss: 3.2815
Training accuracy: 0.2951

============ Epoch 19 ============
cur_smoothing: 0.13818181818181818
Training time: 33.52
Training loss: 3.2863
Training accuracy: 0.3016

============ Epoch 20 ============
cur_smoothing: 0.14545454545454545
Training time: 33.13
Training loss: 3.2942
Training accuracy: 0.3029

============ Epoch 21 ============
cur_smoothing: 0.15272727272727274
Training time: 33.07
Training loss: 3.3022
Training accuracy: 0.3074

============ Epoch 22 ============
cur_smoothing: 0.16
Training time: 33.15
Training loss: 3.3119
Training accuracy: 0.3104

============ Epoch 23 ============
cur_smoothing: 0.1672727272727273
Training time: 33.09
Training loss: 3.3209
Training accuracy: 0.3119

============ Epoch 24 ============
cur_smoothing: 0.17454545454545456
Training time: 33.04
Training loss: 3.3322
Training accuracy: 0.3146

============ Epoch 25 ============
cur_smoothing: 0.18181818181818182
Training time: 33.10
Training loss: 3.3463
Training accuracy: 0.3168

============ Epoch 26 ============
cur_smoothing: 0.1890909090909091
Training time: 33.14
Training loss: 3.3572
Training accuracy: 0.3184

============ Epoch 27 ============
cur_smoothing: 0.19636363636363638
Training time: 33.15
Training loss: 3.3654
Training accuracy: 0.3225

============ Epoch 28 ============
cur_smoothing: 0.20363636363636364
Training time: 33.07
Training loss: 3.3868
Training accuracy: 0.3207

============ Epoch 29 ============
cur_smoothing: 0.21090909090909093
Training time: 33.15
Training loss: 3.3971
Training accuracy: 0.3231

============ Epoch 30 ============
cur_smoothing: 0.21818181818181817
Training time: 33.05
Training loss: 3.4120
Training accuracy: 0.3237

============ Epoch 31 ============
cur_smoothing: 0.22545454545454546
Training time: 33.04
Training loss: 3.4230
Training accuracy: 0.3301

============ Epoch 32 ============
cur_smoothing: 0.23272727272727273
Training time: 33.07
Training loss: 3.4381
Training accuracy: 0.3285

============ Epoch 33 ============
cur_smoothing: 0.24000000000000002
Training time: 33.07
Training loss: 3.4507
Training accuracy: 0.3321

============ Epoch 34 ============
cur_smoothing: 0.2472727272727273
Training time: 33.23
Training loss: 3.4642
Training accuracy: 0.3327

============ Epoch 35 ============
cur_smoothing: 0.2545454545454545
Training time: 33.08
Training loss: 3.4849
Training accuracy: 0.3317

============ Epoch 36 ============
cur_smoothing: 0.26181818181818184
Training time: 33.14
Training loss: 3.4974
Training accuracy: 0.3354

============ Epoch 37 ============
cur_smoothing: 0.2690909090909091
Training time: 33.06
Training loss: 3.5100
Training accuracy: 0.3357

============ Epoch 38 ============
cur_smoothing: 0.27636363636363637
Training time: 33.05
Training loss: 3.5268
Training accuracy: 0.3369

============ Epoch 39 ============
cur_smoothing: 0.2836363636363637
Training time: 33.10
Training loss: 3.5402
Training accuracy: 0.3376

============ Epoch 40 ============
cur_smoothing: 0.2909090909090909
Training time: 33.02
Training loss: 3.5559
Training accuracy: 0.3390

============ Epoch 41 ============
cur_smoothing: 0.2981818181818182
Training time: 33.18
Training loss: 3.5701
Training accuracy: 0.3408

============ Epoch 42 ============
cur_smoothing: 0.3054545454545455
Training time: 33.06
Training loss: 3.5837
Training accuracy: 0.3400

============ Epoch 43 ============
cur_smoothing: 0.3127272727272727
Training time: 33.03
Training loss: 3.6000
Training accuracy: 0.3423

============ Epoch 44 ============
cur_smoothing: 0.32
Training time: 33.05
Training loss: 3.6181
Training accuracy: 0.3447

============ Epoch 45 ============
cur_smoothing: 0.32727272727272727
Training time: 33.05
Training loss: 3.6311
Training accuracy: 0.3435

============ Epoch 46 ============
cur_smoothing: 0.3345454545454546
Training time: 33.06
Training loss: 3.6456
Training accuracy: 0.3446

============ Epoch 47 ============
cur_smoothing: 0.34181818181818185
Training time: 33.07
Training loss: 3.6602
Training accuracy: 0.3461

============ Epoch 48 ============
cur_smoothing: 0.3490909090909091
Training time: 33.03
Training loss: 3.6774
Training accuracy: 0.3469

============ Epoch 49 ============
cur_smoothing: 0.3563636363636364
Training time: 33.05
Training loss: 3.6893
Training accuracy: 0.3480

============ Epoch 50 ============
cur_smoothing: 0.36363636363636365
Training time: 33.05
Training loss: 3.7074
Training accuracy: 0.3491

============ Epoch 51 ============
cur_smoothing: 0.37090909090909097
Training time: 33.11
Training loss: 3.7217
Training accuracy: 0.3486

============ Epoch 52 ============
cur_smoothing: 0.3781818181818182
Training time: 33.08
Training loss: 3.7368
Training accuracy: 0.3496

============ Epoch 53 ============
cur_smoothing: 0.3854545454545455
Training time: 33.04
Training loss: 3.7514
Training accuracy: 0.3497

============ Epoch 54 ============
cur_smoothing: 0.39272727272727276
Training time: 33.06
Training loss: 3.7664
Training accuracy: 0.3516

============ Epoch 55 ============
cur_smoothing: 0.4
Training time: 33.01
Training loss: 3.7827
Training accuracy: 0.3514

============ Epoch 56 ============
cur_smoothing: 0.4072727272727273
Training time: 32.99
Training loss: 3.7963
Training accuracy: 0.3532

============ Epoch 57 ============
cur_smoothing: 0.41454545454545455
Training time: 33.06
Training loss: 3.8144
Training accuracy: 0.3526

============ Epoch 58 ============
cur_smoothing: 0.42181818181818187
Training time: 33.06
Training loss: 3.8274
Training accuracy: 0.3542

============ Epoch 59 ============
cur_smoothing: 0.42909090909090913
Training time: 33.03
Training loss: 3.8424
Training accuracy: 0.3518

============ Epoch 60 ============
cur_smoothing: 0.43636363636363634
Training time: 33.03
Training loss: 3.8576
Training accuracy: 0.3555

============ Epoch 61 ============
cur_smoothing: 0.44363636363636366
Training time: 33.07
Training loss: 3.8736
Training accuracy: 0.3566

============ Epoch 62 ============
cur_smoothing: 0.4509090909090909
Training time: 33.03
Training loss: 3.8882
Training accuracy: 0.3544

============ Epoch 63 ============
cur_smoothing: 0.45818181818181825
Training time: 33.01
Training loss: 3.9033
Training accuracy: 0.3571

============ Epoch 64 ============
cur_smoothing: 0.46545454545454545
Training time: 33.08
Training loss: 3.9149
Training accuracy: 0.3581

============ Epoch 65 ============
cur_smoothing: 0.4727272727272727
Training time: 33.06
Training loss: 3.9292
Training accuracy: 0.3572

============ Epoch 66 ============
cur_smoothing: 0.48000000000000004
Training time: 33.01
Training loss: 3.9425
Training accuracy: 0.3582

============ Epoch 67 ============
cur_smoothing: 0.4872727272727273
Training time: 33.02
Training loss: 3.9581
Training accuracy: 0.3588

============ Epoch 68 ============
cur_smoothing: 0.4945454545454546
Training time: 33.06
Training loss: 3.9710
Training accuracy: 0.3602

============ Epoch 69 ============
cur_smoothing: 0.5018181818181818
Training time: 33.01
Training loss: 3.9842
Training accuracy: 0.3608

============ Epoch 70 ============
cur_smoothing: 0.509090909090909
Training time: 33.16
Training loss: 3.9991
Training accuracy: 0.3602

============ Epoch 71 ============
cur_smoothing: 0.5163636363636364
Training time: 33.16
Training loss: 4.0126
Training accuracy: 0.3605

============ Epoch 72 ============
cur_smoothing: 0.5236363636363637
Training time: 33.07
Training loss: 4.0283
Training accuracy: 0.3580

============ Epoch 73 ============
cur_smoothing: 0.530909090909091
Training time: 33.03
Training loss: 4.0400
Training accuracy: 0.3606

============ Epoch 74 ============
cur_smoothing: 0.5381818181818182
Training time: 33.06
Training loss: 4.0524
Training accuracy: 0.3627

============ Epoch 75 ============
cur_smoothing: 0.5454545454545454
Training time: 33.08
Training loss: 4.0683
Training accuracy: 0.3611

============ Epoch 76 ============
cur_smoothing: 0.5527272727272727
Training time: 33.07
Training loss: 4.0803
Training accuracy: 0.3625

============ Epoch 77 ============
cur_smoothing: 0.56
Training time: 33.07
Training loss: 4.0913
Training accuracy: 0.3634

============ Epoch 78 ============
cur_smoothing: 0.5672727272727274
Training time: 33.08
Training loss: 4.1057
Training accuracy: 0.3649

============ Epoch 79 ============
cur_smoothing: 0.5745454545454546
Training time: 33.02
Training loss: 4.1188
Training accuracy: 0.3646

============ Epoch 80 ============
cur_smoothing: 0.5818181818181818
Training time: 33.04
Training loss: 4.1316
Training accuracy: 0.3641

============ Epoch 81 ============
cur_smoothing: 0.5890909090909091
Training time: 33.08
Training loss: 4.1447
Training accuracy: 0.3631

============ Epoch 82 ============
cur_smoothing: 0.5963636363636364
Training time: 33.04
Training loss: 4.1564
Training accuracy: 0.3667

============ Epoch 83 ============
cur_smoothing: 0.6036363636363636
Training time: 33.04
Training loss: 4.1691
Training accuracy: 0.3657

============ Epoch 84 ============
cur_smoothing: 0.610909090909091
Training time: 33.07
Training loss: 4.1814
Training accuracy: 0.3672

============ Epoch 85 ============
cur_smoothing: 0.6181818181818182
Training time: 33.05
Training loss: 4.1921
Training accuracy: 0.3672

============ Epoch 86 ============
cur_smoothing: 0.6254545454545454
Training time: 33.04
Training loss: 4.2065
Training accuracy: 0.3673

============ Epoch 87 ============
cur_smoothing: 0.6327272727272728
Training time: 33.00
Training loss: 4.2175
Training accuracy: 0.3667

============ Epoch 88 ============
cur_smoothing: 0.64
Training time: 33.06
Training loss: 4.2307
Training accuracy: 0.3668

============ Epoch 89 ============
cur_smoothing: 0.6472727272727273
Training time: 33.01
Training loss: 4.2395
Training accuracy: 0.3725

============ Epoch 90 ============
cur_smoothing: 0.6545454545454545
Training time: 33.09
Training loss: 4.2520
Training accuracy: 0.3697
Test time: 17.52
Test accuracy: 0.5422
FGSM accuracy: 0.3424
PGD accuracy: 0.3320

============ Epoch 91 ============
cur_smoothing: 0.6618181818181817
Training time: 33.20
Training loss: 4.2646
Training accuracy: 0.3709
Test time: 17.43
Test accuracy: 0.5422
FGSM accuracy: 0.3437
PGD accuracy: 0.3323

============ Epoch 92 ============
cur_smoothing: 0.6690909090909092
Training time: 33.10
Training loss: 4.2747
Training accuracy: 0.3746
Test time: 17.40
Test accuracy: 0.5420
FGSM accuracy: 0.3424
PGD accuracy: 0.3326

============ Epoch 93 ============
cur_smoothing: 0.6763636363636364
Training time: 33.24
Training loss: 4.2869
Training accuracy: 0.3722
Test time: 17.44
Test accuracy: 0.5425
FGSM accuracy: 0.3444
PGD accuracy: 0.3320

============ Epoch 94 ============
cur_smoothing: 0.6836363636363637
Training time: 33.07
Training loss: 4.2995
Training accuracy: 0.3694
Test time: 17.46
Test accuracy: 0.5391
FGSM accuracy: 0.3435
PGD accuracy: 0.3314

============ Epoch 95 ============
cur_smoothing: 0.6909090909090909
Training time: 33.10
Training loss: 4.3090
Training accuracy: 0.3733
Test time: 17.43
Test accuracy: 0.5370
FGSM accuracy: 0.3432
PGD accuracy: 0.3331

============ Epoch 96 ============
cur_smoothing: 0.6981818181818182
Training time: 33.06
Training loss: 4.3210
Training accuracy: 0.3713
Test time: 17.43
Test accuracy: 0.5372
FGSM accuracy: 0.3438
PGD accuracy: 0.3323

============ Epoch 97 ============
cur_smoothing: 0.7054545454545456
Training time: 33.05
Training loss: 4.3302
Training accuracy: 0.3732
Test time: 17.44
Test accuracy: 0.5364
FGSM accuracy: 0.3431
PGD accuracy: 0.3325

============ Epoch 98 ============
cur_smoothing: 0.7127272727272728
Training time: 33.08
Training loss: 4.3415
Training accuracy: 0.3743
Test time: 17.41
Test accuracy: 0.5347
FGSM accuracy: 0.3436
PGD accuracy: 0.3324

============ Epoch 99 ============
cur_smoothing: 0.72
Training time: 33.39
Training loss: 4.3511
Training accuracy: 0.3773
Test time: 17.43
Test accuracy: 0.5340
FGSM accuracy: 0.3464
PGD accuracy: 0.3330

============ Epoch 100 ============
cur_smoothing: 0.7272727272727273
Training time: 33.09
Training loss: 4.3058
Training accuracy: 0.4602
Test time: 17.44
Test accuracy: 0.5362
FGSM accuracy: 0.3480
PGD accuracy: 0.3358

============ Epoch 101 ============
cur_smoothing: 0.7345454545454546
Training time: 33.16
Training loss: 4.2967
Training accuracy: 0.4955
Test time: 17.41
Test accuracy: 0.5411
FGSM accuracy: 0.3477
PGD accuracy: 0.3378

============ Epoch 102 ============
cur_smoothing: 0.7418181818181819
Training time: 33.18
Training loss: 4.3002
Training accuracy: 0.5150
Test time: 17.45
Test accuracy: 0.5446
FGSM accuracy: 0.3494
PGD accuracy: 0.3386

============ Epoch 103 ============
cur_smoothing: 0.7490909090909091
Training time: 33.07
Training loss: 4.3074
Training accuracy: 0.5248
Test time: 17.41
Test accuracy: 0.5472
FGSM accuracy: 0.3502
PGD accuracy: 0.3394

============ Epoch 104 ============
cur_smoothing: 0.7563636363636363
Training time: 33.34
Training loss: 4.3152
Training accuracy: 0.5381
Test time: 17.41
Test accuracy: 0.5513
FGSM accuracy: 0.3513
PGD accuracy: 0.3393

============ Epoch 105 ============
cur_smoothing: 0.7636363636363637
Training time: 33.18
Training loss: 4.3174
Training accuracy: 0.5618
Test time: 17.44
Test accuracy: 0.5552
FGSM accuracy: 0.3531
PGD accuracy: 0.3413

============ Epoch 106 ============
cur_smoothing: 0.770909090909091
Training time: 33.10
Training loss: 4.3291
Training accuracy: 0.5670
Test time: 17.45
Test accuracy: 0.5587
FGSM accuracy: 0.3531
PGD accuracy: 0.3404

============ Epoch 107 ============
cur_smoothing: 0.7781818181818183
Training time: 33.20
Training loss: 4.3415
Training accuracy: 0.5698
Test time: 17.43
Test accuracy: 0.5630
FGSM accuracy: 0.3542
PGD accuracy: 0.3404

============ Epoch 108 ============
cur_smoothing: 0.7854545454545455
Training time: 33.11
Training loss: 4.3545
Training accuracy: 0.5706
Test time: 17.45
Test accuracy: 0.5697
FGSM accuracy: 0.3557
PGD accuracy: 0.3407

============ Epoch 109 ============
cur_smoothing: 0.7927272727272727
Training time: 33.56
Training loss: 4.3671
Training accuracy: 0.5717
Test time: 17.47
Test accuracy: 0.5733
FGSM accuracy: 0.3566
PGD accuracy: 0.3415

train_acc_list: 
[0.0534, 0.101, 0.12776, 0.15412, 0.17892, 0.19498, 0.21248, 0.2265, 0.23452, 0.24618, 0.25246, 0.26264, 0.2674, 0.27452, 0.2807, 0.28316, 0.28948, 0.2931, 0.29512, 0.30156, 0.30288, 0.30744, 0.3104, 0.31188, 0.31462, 0.31684, 0.3184, 0.3225, 0.32074, 0.32308, 0.3237, 0.33006, 0.32846, 0.33206, 0.33266, 0.33174, 0.33542, 0.33574, 0.33692, 0.3376, 0.339, 0.34082, 0.34, 0.3423, 0.3447, 0.34354, 0.34458, 0.34614, 0.34686, 0.34798, 0.3491, 0.3486, 0.34956, 0.3497, 0.35164, 0.35144, 0.3532, 0.35258, 0.35416, 0.35178, 0.35546, 0.3566, 0.35436, 0.35714, 0.35812, 0.35718, 0.35824, 0.3588, 0.3602, 0.36084, 0.36022, 0.36046, 0.35802, 0.36064, 0.36268, 0.3611, 0.3625, 0.36344, 0.3649, 0.36464, 0.36406, 0.36308, 0.3667, 0.36566, 0.36724, 0.36718, 0.36726, 0.36668, 0.36682, 0.37248, 0.3697, 0.37088, 0.37464, 0.3722, 0.36942, 0.37328, 0.37132, 0.37324, 0.37426, 0.3773, 0.46016, 0.49554, 0.51502, 0.52484, 0.53814, 0.56184, 0.56696, 0.5698, 0.57064, 0.57166]

test_acc_list: 
[0.5422, 0.5422, 0.542, 0.5425, 0.5391, 0.537, 0.5372, 0.5364, 0.5347, 0.534, 0.5362, 0.5411, 0.5446, 0.5472, 0.5513, 0.5552, 0.5587, 0.563, 0.5697, 0.5733]

pgd_acc_list: 
[0.332, 0.3323, 0.3326, 0.332, 0.3314, 0.3331, 0.3323, 0.3325, 0.3324, 0.333, 0.3358, 0.3378, 0.3386, 0.3394, 0.3393, 0.3413, 0.3404, 0.3404, 0.3407, 0.3415]

fgsm_acc_list: 
[0.3424, 0.3437, 0.3424, 0.3444, 0.3435, 0.3432, 0.3438, 0.3431, 0.3436, 0.3464, 0.348, 0.3477, 0.3494, 0.3502, 0.3513, 0.3531, 0.3531, 0.3542, 0.3557, 0.3566]

total_training_time: 
3641.2812869548798

total_test_time: 
348.74964570999146

Training metrics CSV file saved to: ./log_cifar100/at-fat/2025-11-04-20-23-53-seed-3/train_metrics.csv
Training metrics CSV file saved to: ./log_cifar100/at-fat/2025-11-04-20-23-53-seed-3/test_metrics.csv
Training metrics plot saved to: ./log_cifar100/at-fat/2025-11-04-20-23-53-seed-3/training_metrics.png
