Clean Accuracy: 77.86%
Running AutoAttack...
using standard version including apgd-ce, apgd-t, fab-t, square.
initial accuracy: 77.86%
apgd-ce - 1/78 - 25 out of 100 successfully perturbed
apgd-ce - 2/78 - 32 out of 100 successfully perturbed
apgd-ce - 3/78 - 30 out of 100 successfully perturbed
apgd-ce - 4/78 - 25 out of 100 successfully perturbed
apgd-ce - 5/78 - 16 out of 100 successfully perturbed
apgd-ce - 6/78 - 28 out of 100 successfully perturbed
apgd-ce - 7/78 - 24 out of 100 successfully perturbed
apgd-ce - 8/78 - 23 out of 100 successfully perturbed
apgd-ce - 9/78 - 18 out of 100 successfully perturbed
apgd-ce - 10/78 - 25 out of 100 successfully perturbed
apgd-ce - 11/78 - 29 out of 100 successfully perturbed
apgd-ce - 12/78 - 19 out of 100 successfully perturbed
apgd-ce - 13/78 - 25 out of 100 successfully perturbed
apgd-ce - 14/78 - 24 out of 100 successfully perturbed
apgd-ce - 15/78 - 28 out of 100 successfully perturbed
apgd-ce - 16/78 - 27 out of 100 successfully perturbed
apgd-ce - 17/78 - 30 out of 100 successfully perturbed
apgd-ce - 18/78 - 20 out of 100 successfully perturbed
apgd-ce - 19/78 - 29 out of 100 successfully perturbed
apgd-ce - 20/78 - 32 out of 100 successfully perturbed
apgd-ce - 21/78 - 29 out of 100 successfully perturbed
apgd-ce - 22/78 - 25 out of 100 successfully perturbed
apgd-ce - 23/78 - 32 out of 100 successfully perturbed
apgd-ce - 24/78 - 29 out of 100 successfully perturbed
apgd-ce - 25/78 - 20 out of 100 successfully perturbed
apgd-ce - 26/78 - 23 out of 100 successfully perturbed
apgd-ce - 27/78 - 29 out of 100 successfully perturbed
apgd-ce - 28/78 - 28 out of 100 successfully perturbed
apgd-ce - 29/78 - 24 out of 100 successfully perturbed
apgd-ce - 30/78 - 31 out of 100 successfully perturbed
apgd-ce - 31/78 - 33 out of 100 successfully perturbed
apgd-ce - 32/78 - 24 out of 100 successfully perturbed
apgd-ce - 33/78 - 29 out of 100 successfully perturbed
apgd-ce - 34/78 - 26 out of 100 successfully perturbed
apgd-ce - 35/78 - 29 out of 100 successfully perturbed
apgd-ce - 36/78 - 30 out of 100 successfully perturbed
apgd-ce - 37/78 - 29 out of 100 successfully perturbed
apgd-ce - 38/78 - 25 out of 100 successfully perturbed
apgd-ce - 39/78 - 39 out of 100 successfully perturbed
apgd-ce - 40/78 - 36 out of 100 successfully perturbed
apgd-ce - 41/78 - 28 out of 100 successfully perturbed
apgd-ce - 42/78 - 29 out of 100 successfully perturbed
apgd-ce - 43/78 - 29 out of 100 successfully perturbed
apgd-ce - 44/78 - 35 out of 100 successfully perturbed
apgd-ce - 45/78 - 26 out of 100 successfully perturbed
apgd-ce - 46/78 - 28 out of 100 successfully perturbed
apgd-ce - 47/78 - 24 out of 100 successfully perturbed
apgd-ce - 48/78 - 26 out of 100 successfully perturbed
apgd-ce - 49/78 - 25 out of 100 successfully perturbed
apgd-ce - 50/78 - 27 out of 100 successfully perturbed
apgd-ce - 51/78 - 32 out of 100 successfully perturbed
apgd-ce - 52/78 - 27 out of 100 successfully perturbed
apgd-ce - 53/78 - 24 out of 100 successfully perturbed
apgd-ce - 54/78 - 36 out of 100 successfully perturbed
apgd-ce - 55/78 - 23 out of 100 successfully perturbed
apgd-ce - 56/78 - 28 out of 100 successfully perturbed
apgd-ce - 57/78 - 34 out of 100 successfully perturbed
apgd-ce - 58/78 - 23 out of 100 successfully perturbed
apgd-ce - 59/78 - 24 out of 100 successfully perturbed
apgd-ce - 60/78 - 32 out of 100 successfully perturbed
apgd-ce - 61/78 - 24 out of 100 successfully perturbed
apgd-ce - 62/78 - 25 out of 100 successfully perturbed
apgd-ce - 63/78 - 24 out of 100 successfully perturbed
apgd-ce - 64/78 - 32 out of 100 successfully perturbed
apgd-ce - 65/78 - 36 out of 100 successfully perturbed
apgd-ce - 66/78 - 23 out of 100 successfully perturbed
apgd-ce - 67/78 - 24 out of 100 successfully perturbed
apgd-ce - 68/78 - 28 out of 100 successfully perturbed
apgd-ce - 69/78 - 26 out of 100 successfully perturbed
apgd-ce - 70/78 - 25 out of 100 successfully perturbed
apgd-ce - 71/78 - 29 out of 100 successfully perturbed
apgd-ce - 72/78 - 18 out of 100 successfully perturbed
apgd-ce - 73/78 - 31 out of 100 successfully perturbed
apgd-ce - 74/78 - 29 out of 100 successfully perturbed
apgd-ce - 75/78 - 27 out of 100 successfully perturbed
apgd-ce - 76/78 - 29 out of 100 successfully perturbed
apgd-ce - 77/78 - 28 out of 100 successfully perturbed
apgd-ce - 78/78 - 18 out of 86 successfully perturbed
robust accuracy after APGD-CE: 56.71% (total time 58.8 s)
apgd-t - 1/57 - 20 out of 100 successfully perturbed
apgd-t - 2/57 - 11 out of 100 successfully perturbed
apgd-t - 3/57 - 8 out of 100 successfully perturbed
apgd-t - 4/57 - 15 out of 100 successfully perturbed
apgd-t - 5/57 - 18 out of 100 successfully perturbed
apgd-t - 6/57 - 10 out of 100 successfully perturbed
apgd-t - 7/57 - 16 out of 100 successfully perturbed
apgd-t - 8/57 - 13 out of 100 successfully perturbed
apgd-t - 9/57 - 12 out of 100 successfully perturbed
apgd-t - 10/57 - 17 out of 100 successfully perturbed
apgd-t - 11/57 - 19 out of 100 successfully perturbed
apgd-t - 12/57 - 10 out of 100 successfully perturbed
apgd-t - 13/57 - 11 out of 100 successfully perturbed
apgd-t - 14/57 - 11 out of 100 successfully perturbed
apgd-t - 15/57 - 11 out of 100 successfully perturbed
apgd-t - 16/57 - 8 out of 100 successfully perturbed
apgd-t - 17/57 - 12 out of 100 successfully perturbed
apgd-t - 18/57 - 14 out of 100 successfully perturbed
apgd-t - 19/57 - 13 out of 100 successfully perturbed
apgd-t - 20/57 - 12 out of 100 successfully perturbed
apgd-t - 21/57 - 9 out of 100 successfully perturbed
apgd-t - 22/57 - 12 out of 100 successfully perturbed
apgd-t - 23/57 - 8 out of 100 successfully perturbed
apgd-t - 24/57 - 14 out of 100 successfully perturbed
apgd-t - 25/57 - 13 out of 100 successfully perturbed
apgd-t - 26/57 - 9 out of 100 successfully perturbed
apgd-t - 27/57 - 13 out of 100 successfully perturbed
apgd-t - 28/57 - 9 out of 100 successfully perturbed
apgd-t - 29/57 - 10 out of 100 successfully perturbed
apgd-t - 30/57 - 10 out of 100 successfully perturbed
apgd-t - 31/57 - 12 out of 100 successfully perturbed
apgd-t - 32/57 - 11 out of 100 successfully perturbed
apgd-t - 33/57 - 14 out of 100 successfully perturbed
apgd-t - 34/57 - 12 out of 100 successfully perturbed
apgd-t - 35/57 - 9 out of 100 successfully perturbed
apgd-t - 36/57 - 12 out of 100 successfully perturbed
apgd-t - 37/57 - 17 out of 100 successfully perturbed
apgd-t - 38/57 - 8 out of 100 successfully perturbed
apgd-t - 39/57 - 10 out of 100 successfully perturbed
apgd-t - 40/57 - 15 out of 100 successfully perturbed
apgd-t - 41/57 - 6 out of 100 successfully perturbed
apgd-t - 42/57 - 16 out of 100 successfully perturbed
apgd-t - 43/57 - 9 out of 100 successfully perturbed
apgd-t - 44/57 - 12 out of 100 successfully perturbed
apgd-t - 45/57 - 12 out of 100 successfully perturbed
apgd-t - 46/57 - 14 out of 100 successfully perturbed
apgd-t - 47/57 - 19 out of 100 successfully perturbed
apgd-t - 48/57 - 14 out of 100 successfully perturbed
apgd-t - 49/57 - 14 out of 100 successfully perturbed
apgd-t - 50/57 - 11 out of 100 successfully perturbed
apgd-t - 51/57 - 16 out of 100 successfully perturbed
apgd-t - 52/57 - 17 out of 100 successfully perturbed
apgd-t - 53/57 - 14 out of 100 successfully perturbed
apgd-t - 54/57 - 16 out of 100 successfully perturbed
apgd-t - 55/57 - 13 out of 100 successfully perturbed
apgd-t - 56/57 - 12 out of 100 successfully perturbed
apgd-t - 57/57 - 9 out of 71 successfully perturbed
robust accuracy after APGD-T: 49.59% (total time 477.6 s)
fab-t - 1/50 - 0 out of 100 successfully perturbed
fab-t - 2/50 - 0 out of 100 successfully perturbed
fab-t - 3/50 - 0 out of 100 successfully perturbed
fab-t - 4/50 - 0 out of 100 successfully perturbed
fab-t - 5/50 - 0 out of 100 successfully perturbed
fab-t - 6/50 - 0 out of 100 successfully perturbed
fab-t - 7/50 - 0 out of 100 successfully perturbed
fab-t - 8/50 - 0 out of 100 successfully perturbed
fab-t - 9/50 - 0 out of 100 successfully perturbed
fab-t - 10/50 - 0 out of 100 successfully perturbed
fab-t - 11/50 - 0 out of 100 successfully perturbed
fab-t - 12/50 - 0 out of 100 successfully perturbed
fab-t - 13/50 - 0 out of 100 successfully perturbed
fab-t - 14/50 - 0 out of 100 successfully perturbed
fab-t - 15/50 - 0 out of 100 successfully perturbed
fab-t - 16/50 - 0 out of 100 successfully perturbed
fab-t - 17/50 - 0 out of 100 successfully perturbed
fab-t - 18/50 - 0 out of 100 successfully perturbed
fab-t - 19/50 - 0 out of 100 successfully perturbed
fab-t - 20/50 - 0 out of 100 successfully perturbed
fab-t - 21/50 - 0 out of 100 successfully perturbed
fab-t - 22/50 - 0 out of 100 successfully perturbed
fab-t - 23/50 - 0 out of 100 successfully perturbed
fab-t - 24/50 - 0 out of 100 successfully perturbed
fab-t - 25/50 - 0 out of 100 successfully perturbed
fab-t - 26/50 - 0 out of 100 successfully perturbed
fab-t - 27/50 - 0 out of 100 successfully perturbed
fab-t - 28/50 - 0 out of 100 successfully perturbed
fab-t - 29/50 - 0 out of 100 successfully perturbed
fab-t - 30/50 - 0 out of 100 successfully perturbed
fab-t - 31/50 - 0 out of 100 successfully perturbed
fab-t - 32/50 - 0 out of 100 successfully perturbed
fab-t - 33/50 - 0 out of 100 successfully perturbed
fab-t - 34/50 - 0 out of 100 successfully perturbed
fab-t - 35/50 - 0 out of 100 successfully perturbed
fab-t - 36/50 - 0 out of 100 successfully perturbed
fab-t - 37/50 - 0 out of 100 successfully perturbed
fab-t - 38/50 - 0 out of 100 successfully perturbed
fab-t - 39/50 - 0 out of 100 successfully perturbed
fab-t - 40/50 - 0 out of 100 successfully perturbed
fab-t - 41/50 - 0 out of 100 successfully perturbed
fab-t - 42/50 - 0 out of 100 successfully perturbed
fab-t - 43/50 - 0 out of 100 successfully perturbed
fab-t - 44/50 - 0 out of 100 successfully perturbed
fab-t - 45/50 - 0 out of 100 successfully perturbed
fab-t - 46/50 - 0 out of 100 successfully perturbed
fab-t - 47/50 - 0 out of 100 successfully perturbed
fab-t - 48/50 - 0 out of 100 successfully perturbed
fab-t - 49/50 - 0 out of 100 successfully perturbed
fab-t - 50/50 - 0 out of 59 successfully perturbed
robust accuracy after FAB-T: 49.59% (total time 1391.4 s)
square - 1/50 - 0 out of 100 successfully perturbed
square - 2/50 - 0 out of 100 successfully perturbed
square - 3/50 - 0 out of 100 successfully perturbed
square - 4/50 - 0 out of 100 successfully perturbed
square - 5/50 - 0 out of 100 successfully perturbed
square - 6/50 - 0 out of 100 successfully perturbed
square - 7/50 - 0 out of 100 successfully perturbed
square - 8/50 - 0 out of 100 successfully perturbed
square - 9/50 - 0 out of 100 successfully perturbed
square - 10/50 - 0 out of 100 successfully perturbed
square - 11/50 - 0 out of 100 successfully perturbed
square - 12/50 - 0 out of 100 successfully perturbed
square - 13/50 - 0 out of 100 successfully perturbed
square - 14/50 - 0 out of 100 successfully perturbed
square - 15/50 - 0 out of 100 successfully perturbed
square - 16/50 - 0 out of 100 successfully perturbed
square - 17/50 - 0 out of 100 successfully perturbed
square - 18/50 - 0 out of 100 successfully perturbed
square - 19/50 - 0 out of 100 successfully perturbed
square - 20/50 - 0 out of 100 successfully perturbed
square - 21/50 - 0 out of 100 successfully perturbed
square - 22/50 - 0 out of 100 successfully perturbed
square - 23/50 - 0 out of 100 successfully perturbed
square - 24/50 - 0 out of 100 successfully perturbed
square - 25/50 - 0 out of 100 successfully perturbed
square - 26/50 - 0 out of 100 successfully perturbed
square - 27/50 - 0 out of 100 successfully perturbed
square - 28/50 - 0 out of 100 successfully perturbed
square - 29/50 - 0 out of 100 successfully perturbed
square - 30/50 - 0 out of 100 successfully perturbed
square - 31/50 - 0 out of 100 successfully perturbed
square - 32/50 - 0 out of 100 successfully perturbed
square - 33/50 - 0 out of 100 successfully perturbed
square - 34/50 - 0 out of 100 successfully perturbed
square - 35/50 - 0 out of 100 successfully perturbed
square - 36/50 - 0 out of 100 successfully perturbed
square - 37/50 - 0 out of 100 successfully perturbed
square - 38/50 - 0 out of 100 successfully perturbed
square - 39/50 - 0 out of 100 successfully perturbed
square - 40/50 - 0 out of 100 successfully perturbed
square - 41/50 - 0 out of 100 successfully perturbed
square - 42/50 - 0 out of 100 successfully perturbed
square - 43/50 - 0 out of 100 successfully perturbed
square - 44/50 - 0 out of 100 successfully perturbed
square - 45/50 - 0 out of 100 successfully perturbed
square - 46/50 - 0 out of 100 successfully perturbed
square - 47/50 - 0 out of 100 successfully perturbed
square - 48/50 - 0 out of 100 successfully perturbed
square - 49/50 - 0 out of 100 successfully perturbed
square - 50/50 - 0 out of 59 successfully perturbed
robust accuracy after SQUARE: 49.59% (total time 2374.0 s)
max Linf perturbation: 0.03137, nan in tensor: 0, max: 1.00000, min: 0.00000
robust accuracy: 49.59%

