scheduler: MultiStepLR
max smoothing: 0.5
weight average: True, tau: 0.9995


============ Epoch 0 ============
cur_smoothing: 0.0
Training time: 20.35
Training loss: 2.5029
Training accuracy: 0.1958

============ Epoch 1 ============
cur_smoothing: 0.004545454545454545
Training time: 19.13
Training loss: 2.0305
Training accuracy: 0.2611

============ Epoch 2 ============
cur_smoothing: 0.00909090909090909
Training time: 19.15
Training loss: 1.9707
Training accuracy: 0.2925

============ Epoch 3 ============
cur_smoothing: 0.013636363636363636
Training time: 19.15
Training loss: 1.9247
Training accuracy: 0.3156

============ Epoch 4 ============
cur_smoothing: 0.01818181818181818
Training time: 19.15
Training loss: 1.8802
Training accuracy: 0.3397

============ Epoch 5 ============
cur_smoothing: 0.022727272727272728
Training time: 19.41
Training loss: 1.8406
Training accuracy: 0.3645

============ Epoch 6 ============
cur_smoothing: 0.02727272727272727
Training time: 19.15
Training loss: 1.8077
Training accuracy: 0.3837

============ Epoch 7 ============
cur_smoothing: 0.031818181818181815
Training time: 19.18
Training loss: 1.7777
Training accuracy: 0.4036

============ Epoch 8 ============
cur_smoothing: 0.03636363636363636
Training time: 19.29
Training loss: 1.7517
Training accuracy: 0.4220

============ Epoch 9 ============
cur_smoothing: 0.04090909090909091
Training time: 19.20
Training loss: 1.7303
Training accuracy: 0.4412

============ Epoch 10 ============
cur_smoothing: 0.045454545454545456
Training time: 19.18
Training loss: 1.7132
Training accuracy: 0.4483

============ Epoch 11 ============
cur_smoothing: 0.05
Training time: 19.14
Training loss: 1.7012
Training accuracy: 0.4652

============ Epoch 12 ============
cur_smoothing: 0.05454545454545454
Training time: 19.15
Training loss: 1.6953
Training accuracy: 0.4703

============ Epoch 13 ============
cur_smoothing: 0.05909090909090909
Training time: 19.26
Training loss: 1.6860
Training accuracy: 0.4830

============ Epoch 14 ============
cur_smoothing: 0.06363636363636363
Training time: 19.16
Training loss: 1.6810
Training accuracy: 0.4894

============ Epoch 15 ============
cur_smoothing: 0.06818181818181818
Training time: 19.20
Training loss: 1.6749
Training accuracy: 0.4935

============ Epoch 16 ============
cur_smoothing: 0.07272727272727272
Training time: 19.17
Training loss: 1.6696
Training accuracy: 0.5007

============ Epoch 17 ============
cur_smoothing: 0.07727272727272727
Training time: 19.19
Training loss: 1.6684
Training accuracy: 0.5058

============ Epoch 18 ============
cur_smoothing: 0.08181818181818182
Training time: 19.15
Training loss: 1.6676
Training accuracy: 0.5107

============ Epoch 19 ============
cur_smoothing: 0.08636363636363636
Training time: 19.17
Training loss: 1.6642
Training accuracy: 0.5109

============ Epoch 20 ============
cur_smoothing: 0.09090909090909091
Training time: 19.20
Training loss: 1.6638
Training accuracy: 0.5183

============ Epoch 21 ============
cur_smoothing: 0.09545454545454546
Training time: 19.16
Training loss: 1.6666
Training accuracy: 0.5217

============ Epoch 22 ============
cur_smoothing: 0.1
Training time: 19.16
Training loss: 1.6699
Training accuracy: 0.5224

============ Epoch 23 ============
cur_smoothing: 0.10454545454545454
Training time: 19.17
Training loss: 1.6673
Training accuracy: 0.5276

============ Epoch 24 ============
cur_smoothing: 0.10909090909090909
Training time: 19.36
Training loss: 1.6731
Training accuracy: 0.5308

============ Epoch 25 ============
cur_smoothing: 0.11363636363636363
Training time: 19.25
Training loss: 1.6745
Training accuracy: 0.5332

============ Epoch 26 ============
cur_smoothing: 0.11818181818181818
Training time: 19.20
Training loss: 1.6769
Training accuracy: 0.5354

============ Epoch 27 ============
cur_smoothing: 0.12272727272727273
Training time: 19.17
Training loss: 1.6834
Training accuracy: 0.5331

============ Epoch 28 ============
cur_smoothing: 0.12727272727272726
Training time: 19.28
Training loss: 1.6832
Training accuracy: 0.5378

============ Epoch 29 ============
cur_smoothing: 0.1318181818181818
Training time: 19.16
Training loss: 1.6872
Training accuracy: 0.5400

============ Epoch 30 ============
cur_smoothing: 0.13636363636363635
Training time: 19.27
Training loss: 1.6930
Training accuracy: 0.5405

============ Epoch 31 ============
cur_smoothing: 0.1409090909090909
Training time: 19.22
Training loss: 1.6960
Training accuracy: 0.5453

============ Epoch 32 ============
cur_smoothing: 0.14545454545454545
Training time: 19.19
Training loss: 1.6994
Training accuracy: 0.5422

============ Epoch 33 ============
cur_smoothing: 0.15
Training time: 19.17
Training loss: 1.7077
Training accuracy: 0.5430

============ Epoch 34 ============
cur_smoothing: 0.15454545454545454
Training time: 19.13
Training loss: 1.7097
Training accuracy: 0.5452

============ Epoch 35 ============
cur_smoothing: 0.1590909090909091
Training time: 19.18
Training loss: 1.7117
Training accuracy: 0.5480

============ Epoch 36 ============
cur_smoothing: 0.16363636363636364
Training time: 19.18
Training loss: 1.7146
Training accuracy: 0.5482

============ Epoch 37 ============
cur_smoothing: 0.16818181818181818
Training time: 19.21
Training loss: 1.7199
Training accuracy: 0.5504

============ Epoch 38 ============
cur_smoothing: 0.17272727272727273
Training time: 19.24
Training loss: 1.7237
Training accuracy: 0.5506

============ Epoch 39 ============
cur_smoothing: 0.17727272727272728
Training time: 19.24
Training loss: 1.7297
Training accuracy: 0.5504

============ Epoch 40 ============
cur_smoothing: 0.18181818181818182
Training time: 19.40
Training loss: 1.7350
Training accuracy: 0.5528

============ Epoch 41 ============
cur_smoothing: 0.18636363636363637
Training time: 19.26
Training loss: 1.7397
Training accuracy: 0.5529

============ Epoch 42 ============
cur_smoothing: 0.19090909090909092
Training time: 19.36
Training loss: 1.7448
Training accuracy: 0.5532

============ Epoch 43 ============
cur_smoothing: 0.19545454545454546
Training time: 19.16
Training loss: 1.7473
Training accuracy: 0.5566

============ Epoch 44 ============
cur_smoothing: 0.2
Training time: 19.15
Training loss: 1.7549
Training accuracy: 0.5551

============ Epoch 45 ============
cur_smoothing: 0.20454545454545456
Training time: 19.15
Training loss: 1.7557
Training accuracy: 0.5531

============ Epoch 46 ============
cur_smoothing: 0.20909090909090908
Training time: 19.18
Training loss: 1.7614
Training accuracy: 0.5595

============ Epoch 47 ============
cur_smoothing: 0.21363636363636362
Training time: 19.12
Training loss: 1.7677
Training accuracy: 0.5573

============ Epoch 48 ============
cur_smoothing: 0.21818181818181817
Training time: 19.29
Training loss: 1.7721
Training accuracy: 0.5571

============ Epoch 49 ============
cur_smoothing: 0.22272727272727272
Training time: 19.19
Training loss: 1.7781
Training accuracy: 0.5568

============ Epoch 50 ============
cur_smoothing: 0.22727272727272727
Training time: 19.17
Training loss: 1.7822
Training accuracy: 0.5588

============ Epoch 51 ============
cur_smoothing: 0.2318181818181818
Training time: 19.18
Training loss: 1.7880
Training accuracy: 0.5622

============ Epoch 52 ============
cur_smoothing: 0.23636363636363636
Training time: 19.15
Training loss: 1.7903
Training accuracy: 0.5596

============ Epoch 53 ============
cur_smoothing: 0.2409090909090909
Training time: 19.16
Training loss: 1.7958
Training accuracy: 0.5625

============ Epoch 54 ============
cur_smoothing: 0.24545454545454545
Training time: 19.15
Training loss: 1.8005
Training accuracy: 0.5625

============ Epoch 55 ============
cur_smoothing: 0.25
Training time: 19.17
Training loss: 1.8071
Training accuracy: 0.5604

============ Epoch 56 ============
cur_smoothing: 0.2545454545454545
Training time: 19.17
Training loss: 1.8116
Training accuracy: 0.5643

============ Epoch 57 ============
cur_smoothing: 0.2590909090909091
Training time: 19.23
Training loss: 1.8166
Training accuracy: 0.5615

============ Epoch 58 ============
cur_smoothing: 0.2636363636363636
Training time: 19.16
Training loss: 1.8228
Training accuracy: 0.5620

============ Epoch 59 ============
cur_smoothing: 0.2681818181818182
Training time: 19.18
Training loss: 1.8262
Training accuracy: 0.5650

============ Epoch 60 ============
cur_smoothing: 0.2727272727272727
Training time: 19.40
Training loss: 1.8330
Training accuracy: 0.5650

============ Epoch 61 ============
cur_smoothing: 0.2772727272727273
Training time: 19.27
Training loss: 1.8342
Training accuracy: 0.5643

============ Epoch 62 ============
cur_smoothing: 0.2818181818181818
Training time: 19.12
Training loss: 1.8424
Training accuracy: 0.5651

============ Epoch 63 ============
cur_smoothing: 0.2863636363636364
Training time: 19.27
Training loss: 1.8429
Training accuracy: 0.5681

============ Epoch 64 ============
cur_smoothing: 0.2909090909090909
Training time: 19.19
Training loss: 1.8505
Training accuracy: 0.5642

============ Epoch 65 ============
cur_smoothing: 0.29545454545454547
Training time: 19.16
Training loss: 1.8549
Training accuracy: 0.5673

============ Epoch 66 ============
cur_smoothing: 0.3
Training time: 19.20
Training loss: 1.8590
Training accuracy: 0.5673

============ Epoch 67 ============
cur_smoothing: 0.30454545454545456
Training time: 19.23
Training loss: 1.8646
Training accuracy: 0.5669

============ Epoch 68 ============
cur_smoothing: 0.3090909090909091
Training time: 19.17
Training loss: 1.8691
Training accuracy: 0.5684

============ Epoch 69 ============
cur_smoothing: 0.31363636363636366
Training time: 19.17
Training loss: 1.8724
Training accuracy: 0.5702

============ Epoch 70 ============
cur_smoothing: 0.3181818181818182
Training time: 19.16
Training loss: 1.8786
Training accuracy: 0.5688

============ Epoch 71 ============
cur_smoothing: 0.32272727272727275
Training time: 19.23
Training loss: 1.8837
Training accuracy: 0.5703

============ Epoch 72 ============
cur_smoothing: 0.32727272727272727
Training time: 19.10
Training loss: 1.8868
Training accuracy: 0.5728

============ Epoch 73 ============
cur_smoothing: 0.33181818181818185
Training time: 19.17
Training loss: 1.8934
Training accuracy: 0.5721

============ Epoch 74 ============
cur_smoothing: 0.33636363636363636
Training time: 19.16
Training loss: 1.8992
Training accuracy: 0.5703

============ Epoch 75 ============
cur_smoothing: 0.3409090909090909
Training time: 19.41
Training loss: 1.9041
Training accuracy: 0.5672

============ Epoch 76 ============
cur_smoothing: 0.34545454545454546
Training time: 19.16
Training loss: 1.9088
Training accuracy: 0.5700

============ Epoch 77 ============
cur_smoothing: 0.35
Training time: 19.17
Training loss: 1.9117
Training accuracy: 0.5741

============ Epoch 78 ============
cur_smoothing: 0.35454545454545455
Training time: 19.22
Training loss: 1.9163
Training accuracy: 0.5725

============ Epoch 79 ============
cur_smoothing: 0.35909090909090907
Training time: 19.19
Training loss: 1.9220
Training accuracy: 0.5714

============ Epoch 80 ============
cur_smoothing: 0.36363636363636365
Training time: 19.21
Training loss: 1.9258
Training accuracy: 0.5736

============ Epoch 81 ============
cur_smoothing: 0.36818181818181817
Training time: 19.15
Training loss: 1.9297
Training accuracy: 0.5740

============ Epoch 82 ============
cur_smoothing: 0.37272727272727274
Training time: 19.15
Training loss: 1.9341
Training accuracy: 0.5766

============ Epoch 83 ============
cur_smoothing: 0.37727272727272726
Training time: 19.29
Training loss: 1.9397
Training accuracy: 0.5728

============ Epoch 84 ============
cur_smoothing: 0.38181818181818183
Training time: 19.14
Training loss: 1.9439
Training accuracy: 0.5749

============ Epoch 85 ============
cur_smoothing: 0.38636363636363635
Training time: 19.16
Training loss: 1.9496
Training accuracy: 0.5739

============ Epoch 86 ============
cur_smoothing: 0.39090909090909093
Training time: 19.16
Training loss: 1.9546
Training accuracy: 0.5714

============ Epoch 87 ============
cur_smoothing: 0.39545454545454545
Training time: 19.16
Training loss: 1.9566
Training accuracy: 0.5716

============ Epoch 88 ============
cur_smoothing: 0.4
Training time: 19.17
Training loss: 1.9618
Training accuracy: 0.5768

============ Epoch 89 ============
cur_smoothing: 0.40454545454545454
Training time: 19.18
Training loss: 1.9670
Training accuracy: 0.5753

============ Epoch 90 ============
cur_smoothing: 0.4090909090909091
Training time: 19.16
Training loss: 1.9707
Training accuracy: 0.5735
Test time: 8.96
Test accuracy: 0.7375
FGSM accuracy: 0.5734
PGD accuracy: 0.5598

============ Epoch 91 ============
cur_smoothing: 0.41363636363636364
Training time: 19.18
Training loss: 1.9748
Training accuracy: 0.5734
Test time: 8.95
Test accuracy: 0.7367
FGSM accuracy: 0.5735
PGD accuracy: 0.5602

============ Epoch 92 ============
cur_smoothing: 0.41818181818181815
Training time: 19.15
Training loss: 1.9805
Training accuracy: 0.5744
Test time: 8.94
Test accuracy: 0.7370
FGSM accuracy: 0.5724
PGD accuracy: 0.5601

============ Epoch 93 ============
cur_smoothing: 0.42272727272727273
Training time: 19.14
Training loss: 1.9845
Training accuracy: 0.5760
Test time: 8.95
Test accuracy: 0.7366
FGSM accuracy: 0.5734
PGD accuracy: 0.5610

============ Epoch 94 ============
cur_smoothing: 0.42727272727272725
Training time: 19.21
Training loss: 1.9886
Training accuracy: 0.5737
Test time: 8.94
Test accuracy: 0.7367
FGSM accuracy: 0.5739
PGD accuracy: 0.5619

============ Epoch 95 ============
cur_smoothing: 0.4318181818181818
Training time: 19.25
Training loss: 1.9927
Training accuracy: 0.5758
Test time: 8.93
Test accuracy: 0.7370
FGSM accuracy: 0.5749
PGD accuracy: 0.5627

============ Epoch 96 ============
cur_smoothing: 0.43636363636363634
Training time: 19.16
Training loss: 1.9957
Training accuracy: 0.5773
Test time: 8.93
Test accuracy: 0.7356
FGSM accuracy: 0.5751
PGD accuracy: 0.5624

============ Epoch 97 ============
cur_smoothing: 0.4409090909090909
Training time: 19.26
Training loss: 2.0014
Training accuracy: 0.5772
Test time: 8.94
Test accuracy: 0.7356
FGSM accuracy: 0.5738
PGD accuracy: 0.5627

============ Epoch 98 ============
cur_smoothing: 0.44545454545454544
Training time: 19.32
Training loss: 2.0073
Training accuracy: 0.5727
Test time: 8.95
Test accuracy: 0.7346
FGSM accuracy: 0.5733
PGD accuracy: 0.5626

============ Epoch 99 ============
cur_smoothing: 0.45
Training time: 19.13
Training loss: 2.0121
Training accuracy: 0.5774
Test time: 8.94
Test accuracy: 0.7348
FGSM accuracy: 0.5723
PGD accuracy: 0.5621

============ Epoch 100 ============
cur_smoothing: 0.45454545454545453
Training time: 19.30
Training loss: 1.9550
Training accuracy: 0.6432
Test time: 8.94
Test accuracy: 0.7389
FGSM accuracy: 0.5758
PGD accuracy: 0.5657

============ Epoch 101 ============
cur_smoothing: 0.4590909090909091
Training time: 19.31
Training loss: 1.9407
Training accuracy: 0.6654
Test time: 8.94
Test accuracy: 0.7460
FGSM accuracy: 0.5784
PGD accuracy: 0.5675

============ Epoch 102 ============
cur_smoothing: 0.4636363636363636
Training time: 19.19
Training loss: 1.9376
Training accuracy: 0.6730
Test time: 8.94
Test accuracy: 0.7522
FGSM accuracy: 0.5803
PGD accuracy: 0.5682

============ Epoch 103 ============
cur_smoothing: 0.4681818181818182
Training time: 19.14
Training loss: 1.9367
Training accuracy: 0.6818
Test time: 8.93
Test accuracy: 0.7562
FGSM accuracy: 0.5821
PGD accuracy: 0.5724

============ Epoch 104 ============
cur_smoothing: 0.4727272727272727
Training time: 19.18
Training loss: 1.9384
Training accuracy: 0.6842
Test time: 8.93
Test accuracy: 0.7619
FGSM accuracy: 0.5857
PGD accuracy: 0.5745

============ Epoch 105 ============
cur_smoothing: 0.4772727272727273
Training time: 19.16
Training loss: 1.9321
Training accuracy: 0.7007
Test time: 8.94
Test accuracy: 0.7663
FGSM accuracy: 0.5886
PGD accuracy: 0.5769

============ Epoch 106 ============
cur_smoothing: 0.4818181818181818
Training time: 19.18
Training loss: 1.9336
Training accuracy: 0.7049
Test time: 8.94
Test accuracy: 0.7724
FGSM accuracy: 0.5908
PGD accuracy: 0.5797

============ Epoch 107 ============
cur_smoothing: 0.4863636363636364
Training time: 19.15
Training loss: 1.9381
Training accuracy: 0.7062
Test time: 8.93
Test accuracy: 0.7786
FGSM accuracy: 0.5935
PGD accuracy: 0.5798

============ Epoch 108 ============
cur_smoothing: 0.4909090909090909
Training time: 19.20
Training loss: 1.9421
Training accuracy: 0.7089
Test time: 8.95
Test accuracy: 0.7817
FGSM accuracy: 0.5955
PGD accuracy: 0.5792

============ Epoch 109 ============
cur_smoothing: 0.4954545454545455
Training time: 19.15
Training loss: 1.9480
Training accuracy: 0.7086
Test time: 8.93
Test accuracy: 0.7860
FGSM accuracy: 0.5968
PGD accuracy: 0.5780

train_acc_list: 
[0.1958, 0.2611, 0.29254, 0.3156, 0.3397, 0.36446, 0.38368, 0.40356, 0.42196, 0.44124, 0.44834, 0.46518, 0.47034, 0.48304, 0.48936, 0.4935, 0.50072, 0.50576, 0.5107, 0.51088, 0.51828, 0.52168, 0.5224, 0.52756, 0.53078, 0.5332, 0.53542, 0.53306, 0.53784, 0.54002, 0.54046, 0.54528, 0.5422, 0.54302, 0.54518, 0.548, 0.54816, 0.55044, 0.55062, 0.55036, 0.55278, 0.55292, 0.55316, 0.55656, 0.5551, 0.55312, 0.55952, 0.55726, 0.55708, 0.55682, 0.55878, 0.56216, 0.55958, 0.5625, 0.5625, 0.56042, 0.56426, 0.56154, 0.56196, 0.56504, 0.56496, 0.5643, 0.56512, 0.56806, 0.56424, 0.56732, 0.56732, 0.56688, 0.56836, 0.57024, 0.56884, 0.57034, 0.5728, 0.57208, 0.57028, 0.56722, 0.56996, 0.57412, 0.57252, 0.57136, 0.57356, 0.57398, 0.57656, 0.57282, 0.5749, 0.5739, 0.57142, 0.57158, 0.5768, 0.57534, 0.57352, 0.57342, 0.57436, 0.57596, 0.57366, 0.57582, 0.5773, 0.5772, 0.5727, 0.5774, 0.64322, 0.6654, 0.67298, 0.68178, 0.68424, 0.70074, 0.70494, 0.7062, 0.70894, 0.70858]

test_acc_list: 
[0.7375, 0.7367, 0.737, 0.7366, 0.7367, 0.737, 0.7356, 0.7356, 0.7346, 0.7348, 0.7389, 0.746, 0.7522, 0.7562, 0.7619, 0.7663, 0.7724, 0.7786, 0.7817, 0.786]

pgd_acc_list: 
[0.5598, 0.5602, 0.5601, 0.561, 0.5619, 0.5627, 0.5624, 0.5627, 0.5626, 0.5621, 0.5657, 0.5675, 0.5682, 0.5724, 0.5745, 0.5769, 0.5797, 0.5798, 0.5792, 0.578]

fgsm_acc_list: 
[0.5734, 0.5735, 0.5724, 0.5734, 0.5739, 0.5749, 0.5751, 0.5738, 0.5733, 0.5723, 0.5758, 0.5784, 0.5803, 0.5821, 0.5857, 0.5886, 0.5908, 0.5935, 0.5955, 0.5968]

total_training_time: 
2112.894946575165

total_test_time: 
178.807923078537

Training metrics CSV file saved to: ./log_cifar10/at-fat/2025-10-23-20-54-23-seed-2/train_metrics.csv
Training metrics CSV file saved to: ./log_cifar10/at-fat/2025-10-23-20-54-23-seed-2/test_metrics.csv
Training metrics plot saved to: ./log_cifar10/at-fat/2025-10-23-20-54-23-seed-2/training_metrics.png
