scheduler: MultiStepLR
max smoothing: 0.5
weight average: True, tau: 0.9995


============ Epoch 0 ============
cur_smoothing: 0.0
Training time: 20.10
Training loss: 2.5198
Training accuracy: 0.1713

============ Epoch 1 ============
cur_smoothing: 0.004545454545454545
Training time: 19.16
Training loss: 2.1132
Training accuracy: 0.2186

============ Epoch 2 ============
cur_smoothing: 0.00909090909090909
Training time: 19.25
Training loss: 2.0490
Training accuracy: 0.2546

============ Epoch 3 ============
cur_smoothing: 0.013636363636363636
Training time: 19.38
Training loss: 2.0002
Training accuracy: 0.2798

============ Epoch 4 ============
cur_smoothing: 0.01818181818181818
Training time: 19.15
Training loss: 1.9572
Training accuracy: 0.2965

============ Epoch 5 ============
cur_smoothing: 0.022727272727272728
Training time: 19.28
Training loss: 1.9261
Training accuracy: 0.3158

============ Epoch 6 ============
cur_smoothing: 0.02727272727272727
Training time: 19.24
Training loss: 1.8948
Training accuracy: 0.3370

============ Epoch 7 ============
cur_smoothing: 0.031818181818181815
Training time: 19.14
Training loss: 1.8656
Training accuracy: 0.3551

============ Epoch 8 ============
cur_smoothing: 0.03636363636363636
Training time: 19.15
Training loss: 1.8324
Training accuracy: 0.3774

============ Epoch 9 ============
cur_smoothing: 0.04090909090909091
Training time: 19.14
Training loss: 1.8037
Training accuracy: 0.3947

============ Epoch 10 ============
cur_smoothing: 0.045454545454545456
Training time: 19.13
Training loss: 1.7768
Training accuracy: 0.4125

============ Epoch 11 ============
cur_smoothing: 0.05
Training time: 19.35
Training loss: 1.7589
Training accuracy: 0.4304

============ Epoch 12 ============
cur_smoothing: 0.05454545454545454
Training time: 19.13
Training loss: 1.7430
Training accuracy: 0.4389

============ Epoch 13 ============
cur_smoothing: 0.05909090909090909
Training time: 19.14
Training loss: 1.7304
Training accuracy: 0.4572

============ Epoch 14 ============
cur_smoothing: 0.06363636363636363
Training time: 19.39
Training loss: 1.7186
Training accuracy: 0.4641

============ Epoch 15 ============
cur_smoothing: 0.06818181818181818
Training time: 19.17
Training loss: 1.7083
Training accuracy: 0.4700

============ Epoch 16 ============
cur_smoothing: 0.07272727272727272
Training time: 19.16
Training loss: 1.7023
Training accuracy: 0.4796

============ Epoch 17 ============
cur_smoothing: 0.07727272727272727
Training time: 19.17
Training loss: 1.6942
Training accuracy: 0.4871

============ Epoch 18 ============
cur_smoothing: 0.08181818181818182
Training time: 19.21
Training loss: 1.6913
Training accuracy: 0.4954

============ Epoch 19 ============
cur_smoothing: 0.08636363636363636
Training time: 19.15
Training loss: 1.6885
Training accuracy: 0.4943

============ Epoch 20 ============
cur_smoothing: 0.09090909090909091
Training time: 19.12
Training loss: 1.6849
Training accuracy: 0.5050

============ Epoch 21 ============
cur_smoothing: 0.09545454545454546
Training time: 19.14
Training loss: 1.6874
Training accuracy: 0.5084

============ Epoch 22 ============
cur_smoothing: 0.1
Training time: 19.16
Training loss: 1.6897
Training accuracy: 0.5111

============ Epoch 23 ============
cur_smoothing: 0.10454545454545454
Training time: 19.14
Training loss: 1.6885
Training accuracy: 0.5139

============ Epoch 24 ============
cur_smoothing: 0.10909090909090909
Training time: 19.18
Training loss: 1.6935
Training accuracy: 0.5166

============ Epoch 25 ============
cur_smoothing: 0.11363636363636363
Training time: 19.15
Training loss: 1.6928
Training accuracy: 0.5195

============ Epoch 26 ============
cur_smoothing: 0.11818181818181818
Training time: 19.15
Training loss: 1.6921
Training accuracy: 0.5237

============ Epoch 27 ============
cur_smoothing: 0.12272727272727273
Training time: 19.24
Training loss: 1.6953
Training accuracy: 0.5237

============ Epoch 28 ============
cur_smoothing: 0.12727272727272726
Training time: 19.14
Training loss: 1.6940
Training accuracy: 0.5268

============ Epoch 29 ============
cur_smoothing: 0.1318181818181818
Training time: 19.15
Training loss: 1.6961
Training accuracy: 0.5323

============ Epoch 30 ============
cur_smoothing: 0.13636363636363635
Training time: 19.38
Training loss: 1.7023
Training accuracy: 0.5311

============ Epoch 31 ============
cur_smoothing: 0.1409090909090909
Training time: 19.16
Training loss: 1.7055
Training accuracy: 0.5350

============ Epoch 32 ============
cur_smoothing: 0.14545454545454545
Training time: 19.13
Training loss: 1.7083
Training accuracy: 0.5341

============ Epoch 33 ============
cur_smoothing: 0.15
Training time: 19.13
Training loss: 1.7166
Training accuracy: 0.5347

============ Epoch 34 ============
cur_smoothing: 0.15454545454545454
Training time: 19.15
Training loss: 1.7209
Training accuracy: 0.5366

============ Epoch 35 ============
cur_smoothing: 0.1590909090909091
Training time: 19.12
Training loss: 1.7201
Training accuracy: 0.5388

============ Epoch 36 ============
cur_smoothing: 0.16363636363636364
Training time: 19.11
Training loss: 1.7288
Training accuracy: 0.5380

============ Epoch 37 ============
cur_smoothing: 0.16818181818181818
Training time: 19.29
Training loss: 1.7330
Training accuracy: 0.5413

============ Epoch 38 ============
cur_smoothing: 0.17272727272727273
Training time: 19.13
Training loss: 1.7361
Training accuracy: 0.5433

============ Epoch 39 ============
cur_smoothing: 0.17727272727272728
Training time: 19.24
Training loss: 1.7408
Training accuracy: 0.5433

============ Epoch 40 ============
cur_smoothing: 0.18181818181818182
Training time: 19.15
Training loss: 1.7461
Training accuracy: 0.5441

============ Epoch 41 ============
cur_smoothing: 0.18636363636363637
Training time: 19.19
Training loss: 1.7496
Training accuracy: 0.5452

============ Epoch 42 ============
cur_smoothing: 0.19090909090909092
Training time: 19.16
Training loss: 1.7556
Training accuracy: 0.5458

============ Epoch 43 ============
cur_smoothing: 0.19545454545454546
Training time: 19.14
Training loss: 1.7561
Training accuracy: 0.5490

============ Epoch 44 ============
cur_smoothing: 0.2
Training time: 19.17
Training loss: 1.7593
Training accuracy: 0.5497

============ Epoch 45 ============
cur_smoothing: 0.20454545454545456
Training time: 19.15
Training loss: 1.7645
Training accuracy: 0.5475

============ Epoch 46 ============
cur_smoothing: 0.20909090909090908
Training time: 19.17
Training loss: 1.7700
Training accuracy: 0.5494

============ Epoch 47 ============
cur_smoothing: 0.21363636363636362
Training time: 19.15
Training loss: 1.7732
Training accuracy: 0.5528

============ Epoch 48 ============
cur_smoothing: 0.21818181818181817
Training time: 19.26
Training loss: 1.7787
Training accuracy: 0.5529

============ Epoch 49 ============
cur_smoothing: 0.22272727272727272
Training time: 19.16
Training loss: 1.7844
Training accuracy: 0.5524

============ Epoch 50 ============
cur_smoothing: 0.22727272727272727
Training time: 19.14
Training loss: 1.7866
Training accuracy: 0.5555

============ Epoch 51 ============
cur_smoothing: 0.2318181818181818
Training time: 19.20
Training loss: 1.7916
Training accuracy: 0.5580

============ Epoch 52 ============
cur_smoothing: 0.23636363636363636
Training time: 19.17
Training loss: 1.7958
Training accuracy: 0.5554

============ Epoch 53 ============
cur_smoothing: 0.2409090909090909
Training time: 19.17
Training loss: 1.8013
Training accuracy: 0.5582

============ Epoch 54 ============
cur_smoothing: 0.24545454545454545
Training time: 19.27
Training loss: 1.8055
Training accuracy: 0.5575

============ Epoch 55 ============
cur_smoothing: 0.25
Training time: 19.18
Training loss: 1.8099
Training accuracy: 0.5578

============ Epoch 56 ============
cur_smoothing: 0.2545454545454545
Training time: 19.15
Training loss: 1.8170
Training accuracy: 0.5601

============ Epoch 57 ============
cur_smoothing: 0.2590909090909091
Training time: 19.11
Training loss: 1.8184
Training accuracy: 0.5587

============ Epoch 58 ============
cur_smoothing: 0.2636363636363636
Training time: 19.19
Training loss: 1.8241
Training accuracy: 0.5594

============ Epoch 59 ============
cur_smoothing: 0.2681818181818182
Training time: 19.17
Training loss: 1.8278
Training accuracy: 0.5619

============ Epoch 60 ============
cur_smoothing: 0.2727272727272727
Training time: 19.13
Training loss: 1.8342
Training accuracy: 0.5624

============ Epoch 61 ============
cur_smoothing: 0.2772727272727273
Training time: 19.16
Training loss: 1.8340
Training accuracy: 0.5634

============ Epoch 62 ============
cur_smoothing: 0.2818181818181818
Training time: 19.16
Training loss: 1.8434
Training accuracy: 0.5651

============ Epoch 63 ============
cur_smoothing: 0.2863636363636364
Training time: 19.13
Training loss: 1.8447
Training accuracy: 0.5663

============ Epoch 64 ============
cur_smoothing: 0.2909090909090909
Training time: 19.13
Training loss: 1.8526
Training accuracy: 0.5631

============ Epoch 65 ============
cur_smoothing: 0.29545454545454547
Training time: 19.20
Training loss: 1.8567
Training accuracy: 0.5654

============ Epoch 66 ============
cur_smoothing: 0.3
Training time: 19.33
Training loss: 1.8638
Training accuracy: 0.5653

============ Epoch 67 ============
cur_smoothing: 0.30454545454545456
Training time: 19.38
Training loss: 1.8656
Training accuracy: 0.5651

============ Epoch 68 ============
cur_smoothing: 0.3090909090909091
Training time: 19.18
Training loss: 1.8718
Training accuracy: 0.5659

============ Epoch 69 ============
cur_smoothing: 0.31363636363636366
Training time: 19.15
Training loss: 1.8742
Training accuracy: 0.5680

============ Epoch 70 ============
cur_smoothing: 0.3181818181818182
Training time: 19.14
Training loss: 1.8794
Training accuracy: 0.5676

============ Epoch 71 ============
cur_smoothing: 0.32272727272727275
Training time: 19.13
Training loss: 1.8842
Training accuracy: 0.5660

============ Epoch 72 ============
cur_smoothing: 0.32727272727272727
Training time: 19.17
Training loss: 1.8884
Training accuracy: 0.5681

============ Epoch 73 ============
cur_smoothing: 0.33181818181818185
Training time: 19.14
Training loss: 1.8934
Training accuracy: 0.5683

============ Epoch 74 ============
cur_smoothing: 0.33636363636363636
Training time: 19.15
Training loss: 1.8988
Training accuracy: 0.5691

============ Epoch 75 ============
cur_smoothing: 0.3409090909090909
Training time: 19.15
Training loss: 1.9044
Training accuracy: 0.5686

============ Epoch 76 ============
cur_smoothing: 0.34545454545454546
Training time: 19.10
Training loss: 1.9094
Training accuracy: 0.5692

============ Epoch 77 ============
cur_smoothing: 0.35
Training time: 19.13
Training loss: 1.9121
Training accuracy: 0.5684

============ Epoch 78 ============
cur_smoothing: 0.35454545454545455
Training time: 19.11
Training loss: 1.9192
Training accuracy: 0.5683

============ Epoch 79 ============
cur_smoothing: 0.35909090909090907
Training time: 19.14
Training loss: 1.9230
Training accuracy: 0.5696

============ Epoch 80 ============
cur_smoothing: 0.36363636363636365
Training time: 19.13
Training loss: 1.9270
Training accuracy: 0.5706

============ Epoch 81 ============
cur_smoothing: 0.36818181818181817
Training time: 19.15
Training loss: 1.9318
Training accuracy: 0.5716

============ Epoch 82 ============
cur_smoothing: 0.37272727272727274
Training time: 19.38
Training loss: 1.9353
Training accuracy: 0.5762

============ Epoch 83 ============
cur_smoothing: 0.37727272727272726
Training time: 19.15
Training loss: 1.9402
Training accuracy: 0.5704

============ Epoch 84 ============
cur_smoothing: 0.38181818181818183
Training time: 19.29
Training loss: 1.9446
Training accuracy: 0.5715

============ Epoch 85 ============
cur_smoothing: 0.38636363636363635
Training time: 19.12
Training loss: 1.9498
Training accuracy: 0.5724

============ Epoch 86 ============
cur_smoothing: 0.39090909090909093
Training time: 19.09
Training loss: 1.9566
Training accuracy: 0.5708

============ Epoch 87 ============
cur_smoothing: 0.39545454545454545
Training time: 19.21
Training loss: 1.9575
Training accuracy: 0.5716

============ Epoch 88 ============
cur_smoothing: 0.4
Training time: 19.15
Training loss: 1.9629
Training accuracy: 0.5738

============ Epoch 89 ============
cur_smoothing: 0.40454545454545454
Training time: 19.15
Training loss: 1.9672
Training accuracy: 0.5750

============ Epoch 90 ============
cur_smoothing: 0.4090909090909091
Training time: 19.12
Training loss: 1.9718
Training accuracy: 0.5712
Test time: 8.96
Test accuracy: 0.7374
FGSM accuracy: 0.5729
PGD accuracy: 0.5621

============ Epoch 91 ============
cur_smoothing: 0.41363636363636364
Training time: 19.14
Training loss: 1.9749
Training accuracy: 0.5748
Test time: 8.93
Test accuracy: 0.7373
FGSM accuracy: 0.5736
PGD accuracy: 0.5621

============ Epoch 92 ============
cur_smoothing: 0.41818181818181815
Training time: 19.13
Training loss: 1.9815
Training accuracy: 0.5745
Test time: 8.94
Test accuracy: 0.7363
FGSM accuracy: 0.5735
PGD accuracy: 0.5618

============ Epoch 93 ============
cur_smoothing: 0.42272727272727273
Training time: 19.15
Training loss: 1.9844
Training accuracy: 0.5755
Test time: 8.94
Test accuracy: 0.7364
FGSM accuracy: 0.5741
PGD accuracy: 0.5619

============ Epoch 94 ============
cur_smoothing: 0.42727272727272725
Training time: 19.53
Training loss: 1.9909
Training accuracy: 0.5715
Test time: 8.94
Test accuracy: 0.7371
FGSM accuracy: 0.5755
PGD accuracy: 0.5632

============ Epoch 95 ============
cur_smoothing: 0.4318181818181818
Training time: 19.15
Training loss: 1.9940
Training accuracy: 0.5734
Test time: 8.94
Test accuracy: 0.7368
FGSM accuracy: 0.5756
PGD accuracy: 0.5642

============ Epoch 96 ============
cur_smoothing: 0.43636363636363634
Training time: 19.41
Training loss: 1.9971
Training accuracy: 0.5765
Test time: 8.94
Test accuracy: 0.7363
FGSM accuracy: 0.5767
PGD accuracy: 0.5645

============ Epoch 97 ============
cur_smoothing: 0.4409090909090909
Training time: 19.20
Training loss: 2.0021
Training accuracy: 0.5765
Test time: 8.98
Test accuracy: 0.7377
FGSM accuracy: 0.5771
PGD accuracy: 0.5649

============ Epoch 98 ============
cur_smoothing: 0.44545454545454544
Training time: 19.14
Training loss: 2.0073
Training accuracy: 0.5757
Test time: 8.94
Test accuracy: 0.7377
FGSM accuracy: 0.5775
PGD accuracy: 0.5675

============ Epoch 99 ============
cur_smoothing: 0.45
Training time: 19.17
Training loss: 2.0129
Training accuracy: 0.5727
Test time: 8.93
Test accuracy: 0.7379
FGSM accuracy: 0.5780
PGD accuracy: 0.5678

============ Epoch 100 ============
cur_smoothing: 0.45454545454545453
Training time: 19.40
Training loss: 1.9559
Training accuracy: 0.6391
Test time: 8.95
Test accuracy: 0.7421
FGSM accuracy: 0.5811
PGD accuracy: 0.5705

============ Epoch 101 ============
cur_smoothing: 0.4590909090909091
Training time: 19.15
Training loss: 1.9389
Training accuracy: 0.6648
Test time: 8.94
Test accuracy: 0.7485
FGSM accuracy: 0.5831
PGD accuracy: 0.5733

============ Epoch 102 ============
cur_smoothing: 0.4636363636363636
Training time: 19.38
Training loss: 1.9359
Training accuracy: 0.6730
Test time: 8.94
Test accuracy: 0.7561
FGSM accuracy: 0.5859
PGD accuracy: 0.5747

============ Epoch 103 ============
cur_smoothing: 0.4681818181818182
Training time: 19.14
Training loss: 1.9350
Training accuracy: 0.6822
Test time: 8.94
Test accuracy: 0.7611
FGSM accuracy: 0.5881
PGD accuracy: 0.5762

============ Epoch 104 ============
cur_smoothing: 0.4727272727272727
Training time: 19.38
Training loss: 1.9367
Training accuracy: 0.6865
Test time: 8.93
Test accuracy: 0.7658
FGSM accuracy: 0.5910
PGD accuracy: 0.5772

============ Epoch 105 ============
cur_smoothing: 0.4772727272727273
Training time: 19.10
Training loss: 1.9301
Training accuracy: 0.7025
Test time: 8.95
Test accuracy: 0.7695
FGSM accuracy: 0.5934
PGD accuracy: 0.5781

============ Epoch 106 ============
cur_smoothing: 0.4818181818181818
Training time: 19.11
Training loss: 1.9313
Training accuracy: 0.7050
Test time: 8.94
Test accuracy: 0.7754
FGSM accuracy: 0.5949
PGD accuracy: 0.5801

============ Epoch 107 ============
cur_smoothing: 0.4863636363636364
Training time: 19.13
Training loss: 1.9350
Training accuracy: 0.7098
Test time: 8.94
Test accuracy: 0.7800
FGSM accuracy: 0.5943
PGD accuracy: 0.5806

============ Epoch 108 ============
cur_smoothing: 0.4909090909090909
Training time: 19.23
Training loss: 1.9393
Training accuracy: 0.7102
Test time: 8.94
Test accuracy: 0.7844
FGSM accuracy: 0.5965
PGD accuracy: 0.5817

============ Epoch 109 ============
cur_smoothing: 0.4954545454545455
Training time: 19.15
Training loss: 1.9444
Training accuracy: 0.7108
Test time: 8.95
Test accuracy: 0.7876
FGSM accuracy: 0.5978
PGD accuracy: 0.5817

train_acc_list: 
[0.17126, 0.21858, 0.25456, 0.27982, 0.29646, 0.31578, 0.337, 0.3551, 0.37736, 0.39466, 0.41246, 0.43038, 0.43892, 0.45724, 0.46412, 0.46996, 0.4796, 0.4871, 0.49538, 0.49432, 0.50496, 0.50842, 0.51112, 0.51394, 0.51662, 0.51946, 0.52372, 0.5237, 0.52682, 0.53232, 0.5311, 0.53496, 0.53408, 0.53466, 0.53662, 0.5388, 0.538, 0.54128, 0.54334, 0.54328, 0.54414, 0.54524, 0.54582, 0.54904, 0.54968, 0.54754, 0.5494, 0.55278, 0.55288, 0.5524, 0.55552, 0.55796, 0.55536, 0.55818, 0.55754, 0.5578, 0.56006, 0.55872, 0.55942, 0.5619, 0.56238, 0.56338, 0.5651, 0.56628, 0.56312, 0.56542, 0.56528, 0.56508, 0.56588, 0.56798, 0.56756, 0.566, 0.56812, 0.56832, 0.56914, 0.56856, 0.56924, 0.56836, 0.56834, 0.56958, 0.57062, 0.5716, 0.57618, 0.57042, 0.57154, 0.57244, 0.57078, 0.57164, 0.57382, 0.57502, 0.57122, 0.57478, 0.5745, 0.57552, 0.57148, 0.57338, 0.5765, 0.57648, 0.57568, 0.5727, 0.6391, 0.66476, 0.67302, 0.68224, 0.6865, 0.7025, 0.70498, 0.70982, 0.71024, 0.71082]

test_acc_list: 
[0.7374, 0.7373, 0.7363, 0.7364, 0.7371, 0.7368, 0.7363, 0.7377, 0.7377, 0.7379, 0.7421, 0.7485, 0.7561, 0.7611, 0.7658, 0.7695, 0.7754, 0.78, 0.7844, 0.7876]

pgd_acc_list: 
[0.5621, 0.5621, 0.5618, 0.5619, 0.5632, 0.5642, 0.5645, 0.5649, 0.5675, 0.5678, 0.5705, 0.5733, 0.5747, 0.5762, 0.5772, 0.5781, 0.5801, 0.5806, 0.5817, 0.5817]

fgsm_acc_list: 
[0.5729, 0.5736, 0.5735, 0.5741, 0.5755, 0.5756, 0.5767, 0.5771, 0.5775, 0.578, 0.5811, 0.5831, 0.5859, 0.5881, 0.591, 0.5934, 0.5949, 0.5943, 0.5965, 0.5978]

total_training_time: 
2111.243447780609

total_test_time: 
178.88101768493652

Training metrics CSV file saved to: ./log_cifar10/at-fat/2025-10-23-23-28-18-seed-3/train_metrics.csv
Training metrics CSV file saved to: ./log_cifar10/at-fat/2025-10-23-23-28-18-seed-3/test_metrics.csv
Training metrics plot saved to: ./log_cifar10/at-fat/2025-10-23-23-28-18-seed-3/training_metrics.png
