Clean Accuracy: 49.01%
Running AutoAttack...
using standard version including apgd-ce, apgd-t, fab-t, square.
initial accuracy: 49.01%
apgd-ce - 1/50 - 52 out of 100 successfully perturbed
apgd-ce - 2/50 - 41 out of 100 successfully perturbed
apgd-ce - 3/50 - 45 out of 100 successfully perturbed
apgd-ce - 4/50 - 42 out of 100 successfully perturbed
apgd-ce - 5/50 - 56 out of 100 successfully perturbed
apgd-ce - 6/50 - 52 out of 100 successfully perturbed
apgd-ce - 7/50 - 38 out of 100 successfully perturbed
apgd-ce - 8/50 - 38 out of 100 successfully perturbed
apgd-ce - 9/50 - 43 out of 100 successfully perturbed
apgd-ce - 10/50 - 48 out of 100 successfully perturbed
apgd-ce - 11/50 - 42 out of 100 successfully perturbed
apgd-ce - 12/50 - 47 out of 100 successfully perturbed
apgd-ce - 13/50 - 50 out of 100 successfully perturbed
apgd-ce - 14/50 - 49 out of 100 successfully perturbed
apgd-ce - 15/50 - 43 out of 100 successfully perturbed
apgd-ce - 16/50 - 55 out of 100 successfully perturbed
apgd-ce - 17/50 - 45 out of 100 successfully perturbed
apgd-ce - 18/50 - 45 out of 100 successfully perturbed
apgd-ce - 19/50 - 50 out of 100 successfully perturbed
apgd-ce - 20/50 - 43 out of 100 successfully perturbed
apgd-ce - 21/50 - 42 out of 100 successfully perturbed
apgd-ce - 22/50 - 50 out of 100 successfully perturbed
apgd-ce - 23/50 - 41 out of 100 successfully perturbed
apgd-ce - 24/50 - 45 out of 100 successfully perturbed
apgd-ce - 25/50 - 41 out of 100 successfully perturbed
apgd-ce - 26/50 - 44 out of 100 successfully perturbed
apgd-ce - 27/50 - 36 out of 100 successfully perturbed
apgd-ce - 28/50 - 57 out of 100 successfully perturbed
apgd-ce - 29/50 - 47 out of 100 successfully perturbed
apgd-ce - 30/50 - 50 out of 100 successfully perturbed
apgd-ce - 31/50 - 56 out of 100 successfully perturbed
apgd-ce - 32/50 - 48 out of 100 successfully perturbed
apgd-ce - 33/50 - 50 out of 100 successfully perturbed
apgd-ce - 34/50 - 49 out of 100 successfully perturbed
apgd-ce - 35/50 - 42 out of 100 successfully perturbed
apgd-ce - 36/50 - 40 out of 100 successfully perturbed
apgd-ce - 37/50 - 54 out of 100 successfully perturbed
apgd-ce - 38/50 - 45 out of 100 successfully perturbed
apgd-ce - 39/50 - 43 out of 100 successfully perturbed
apgd-ce - 40/50 - 42 out of 100 successfully perturbed
apgd-ce - 41/50 - 47 out of 100 successfully perturbed
apgd-ce - 42/50 - 45 out of 100 successfully perturbed
apgd-ce - 43/50 - 45 out of 100 successfully perturbed
apgd-ce - 44/50 - 49 out of 100 successfully perturbed
apgd-ce - 45/50 - 54 out of 100 successfully perturbed
apgd-ce - 46/50 - 45 out of 100 successfully perturbed
apgd-ce - 47/50 - 45 out of 100 successfully perturbed
apgd-ce - 48/50 - 45 out of 100 successfully perturbed
apgd-ce - 49/50 - 50 out of 100 successfully perturbed
apgd-ce - 50/50 - 1 out of 1 successfully perturbed
robust accuracy after APGD-CE: 26.29% (total time 240.4 s)
apgd-t - 1/27 - 33 out of 100 successfully perturbed
apgd-t - 2/27 - 28 out of 100 successfully perturbed
apgd-t - 3/27 - 29 out of 100 successfully perturbed
apgd-t - 4/27 - 30 out of 100 successfully perturbed
apgd-t - 5/27 - 24 out of 100 successfully perturbed
apgd-t - 6/27 - 24 out of 100 successfully perturbed
apgd-t - 7/27 - 30 out of 100 successfully perturbed
apgd-t - 8/27 - 27 out of 100 successfully perturbed
apgd-t - 9/27 - 35 out of 100 successfully perturbed
apgd-t - 10/27 - 31 out of 100 successfully perturbed
apgd-t - 11/27 - 31 out of 100 successfully perturbed
apgd-t - 12/27 - 22 out of 100 successfully perturbed
apgd-t - 13/27 - 31 out of 100 successfully perturbed
apgd-t - 14/27 - 28 out of 100 successfully perturbed
apgd-t - 15/27 - 29 out of 100 successfully perturbed
apgd-t - 16/27 - 33 out of 100 successfully perturbed
apgd-t - 17/27 - 28 out of 100 successfully perturbed
apgd-t - 18/27 - 29 out of 100 successfully perturbed
apgd-t - 19/27 - 25 out of 100 successfully perturbed
apgd-t - 20/27 - 33 out of 100 successfully perturbed
apgd-t - 21/27 - 27 out of 100 successfully perturbed
apgd-t - 22/27 - 28 out of 100 successfully perturbed
apgd-t - 23/27 - 33 out of 100 successfully perturbed
apgd-t - 24/27 - 24 out of 100 successfully perturbed
apgd-t - 25/27 - 31 out of 100 successfully perturbed
apgd-t - 26/27 - 31 out of 100 successfully perturbed
apgd-t - 27/27 - 6 out of 29 successfully perturbed
robust accuracy after APGD-T: 18.69% (total time 1178.0 s)
fab-t - 1/19 - 0 out of 100 successfully perturbed
fab-t - 2/19 - 0 out of 100 successfully perturbed
fab-t - 3/19 - 0 out of 100 successfully perturbed
fab-t - 4/19 - 0 out of 100 successfully perturbed
fab-t - 5/19 - 0 out of 100 successfully perturbed
fab-t - 6/19 - 0 out of 100 successfully perturbed
fab-t - 7/19 - 0 out of 100 successfully perturbed
fab-t - 8/19 - 0 out of 100 successfully perturbed
fab-t - 9/19 - 0 out of 100 successfully perturbed
fab-t - 10/19 - 0 out of 100 successfully perturbed
fab-t - 11/19 - 0 out of 100 successfully perturbed
fab-t - 12/19 - 0 out of 100 successfully perturbed
fab-t - 13/19 - 0 out of 100 successfully perturbed
fab-t - 14/19 - 0 out of 100 successfully perturbed
fab-t - 15/19 - 0 out of 100 successfully perturbed
fab-t - 16/19 - 0 out of 100 successfully perturbed
fab-t - 17/19 - 0 out of 100 successfully perturbed
fab-t - 18/19 - 0 out of 100 successfully perturbed
fab-t - 19/19 - 0 out of 69 successfully perturbed
robust accuracy after FAB-T: 18.69% (total time 2877.3 s)
square - 1/19 - 0 out of 100 successfully perturbed
square - 2/19 - 0 out of 100 successfully perturbed
square - 3/19 - 0 out of 100 successfully perturbed
square - 4/19 - 0 out of 100 successfully perturbed
square - 5/19 - 0 out of 100 successfully perturbed
square - 6/19 - 0 out of 100 successfully perturbed
square - 7/19 - 0 out of 100 successfully perturbed
square - 8/19 - 0 out of 100 successfully perturbed
square - 9/19 - 0 out of 100 successfully perturbed
square - 10/19 - 0 out of 100 successfully perturbed
square - 11/19 - 0 out of 100 successfully perturbed
square - 12/19 - 0 out of 100 successfully perturbed
square - 13/19 - 0 out of 100 successfully perturbed
square - 14/19 - 0 out of 100 successfully perturbed
square - 15/19 - 0 out of 100 successfully perturbed
square - 16/19 - 0 out of 100 successfully perturbed
square - 17/19 - 0 out of 100 successfully perturbed
square - 18/19 - 0 out of 100 successfully perturbed
square - 19/19 - 0 out of 69 successfully perturbed
robust accuracy after SQUARE: 18.69% (total time 4894.9 s)
max Linf perturbation: 0.03137, nan in tensor: 0, max: 1.00000, min: 0.00000
robust accuracy: 18.69%

