scheduler: MultiStepLR
max smoothing: 0.8
weight average: True, tau: 0.9995


============ Epoch 0 ============
cur_smoothing: 0.0
Training time: 33.94
Training loss: 4.3080
Training accuracy: 0.0505

============ Epoch 1 ============
cur_smoothing: 0.007272727272727273
Training time: 33.08
Training loss: 3.9567
Training accuracy: 0.0991

============ Epoch 2 ============
cur_smoothing: 0.014545454545454545
Training time: 33.15
Training loss: 3.7948
Training accuracy: 0.1280

============ Epoch 3 ============
cur_smoothing: 0.02181818181818182
Training time: 33.11
Training loss: 3.6641
Training accuracy: 0.1550

============ Epoch 4 ============
cur_smoothing: 0.02909090909090909
Training time: 33.20
Training loss: 3.5648
Training accuracy: 0.1765

============ Epoch 5 ============
cur_smoothing: 0.03636363636363636
Training time: 33.23
Training loss: 3.4761
Training accuracy: 0.1974

============ Epoch 6 ============
cur_smoothing: 0.04363636363636364
Training time: 33.25
Training loss: 3.4111
Training accuracy: 0.2156

============ Epoch 7 ============
cur_smoothing: 0.05090909090909091
Training time: 33.28
Training loss: 3.3653
Training accuracy: 0.2259

============ Epoch 8 ============
cur_smoothing: 0.05818181818181818
Training time: 33.23
Training loss: 3.3289
Training accuracy: 0.2399

============ Epoch 9 ============
cur_smoothing: 0.06545454545454546
Training time: 33.25
Training loss: 3.3052
Training accuracy: 0.2493

============ Epoch 10 ============
cur_smoothing: 0.07272727272727272
Training time: 33.28
Training loss: 3.2939
Training accuracy: 0.2540

============ Epoch 11 ============
cur_smoothing: 0.08
Training time: 33.27
Training loss: 3.2787
Training accuracy: 0.2620

============ Epoch 12 ============
cur_smoothing: 0.08727272727272728
Training time: 33.23
Training loss: 3.2704
Training accuracy: 0.2694

============ Epoch 13 ============
cur_smoothing: 0.09454545454545454
Training time: 33.25
Training loss: 3.2661
Training accuracy: 0.2754

============ Epoch 14 ============
cur_smoothing: 0.10181818181818182
Training time: 33.21
Training loss: 3.2645
Training accuracy: 0.2782

============ Epoch 15 ============
cur_smoothing: 0.10909090909090909
Training time: 33.29
Training loss: 3.2632
Training accuracy: 0.2853

============ Epoch 16 ============
cur_smoothing: 0.11636363636363636
Training time: 33.18
Training loss: 3.2663
Training accuracy: 0.2893

============ Epoch 17 ============
cur_smoothing: 0.12363636363636366
Training time: 33.18
Training loss: 3.2731
Training accuracy: 0.2937

============ Epoch 18 ============
cur_smoothing: 0.13090909090909092
Training time: 33.26
Training loss: 3.2737
Training accuracy: 0.2980

============ Epoch 19 ============
cur_smoothing: 0.13818181818181818
Training time: 33.45
Training loss: 3.2830
Training accuracy: 0.3003

============ Epoch 20 ============
cur_smoothing: 0.14545454545454545
Training time: 33.26
Training loss: 3.2857
Training accuracy: 0.3072

============ Epoch 21 ============
cur_smoothing: 0.15272727272727274
Training time: 33.26
Training loss: 3.3039
Training accuracy: 0.3044

============ Epoch 22 ============
cur_smoothing: 0.16
Training time: 33.19
Training loss: 3.3070
Training accuracy: 0.3082

============ Epoch 23 ============
cur_smoothing: 0.1672727272727273
Training time: 33.29
Training loss: 3.3201
Training accuracy: 0.3126

============ Epoch 24 ============
cur_smoothing: 0.17454545454545456
Training time: 33.27
Training loss: 3.3309
Training accuracy: 0.3173

============ Epoch 25 ============
cur_smoothing: 0.18181818181818182
Training time: 33.30
Training loss: 3.3420
Training accuracy: 0.3165

============ Epoch 26 ============
cur_smoothing: 0.1890909090909091
Training time: 33.41
Training loss: 3.3498
Training accuracy: 0.3204

============ Epoch 27 ============
cur_smoothing: 0.19636363636363638
Training time: 33.24
Training loss: 3.3656
Training accuracy: 0.3215

============ Epoch 28 ============
cur_smoothing: 0.20363636363636364
Training time: 33.26
Training loss: 3.3776
Training accuracy: 0.3267

============ Epoch 29 ============
cur_smoothing: 0.21090909090909093
Training time: 33.25
Training loss: 3.3921
Training accuracy: 0.3254

============ Epoch 30 ============
cur_smoothing: 0.21818181818181817
Training time: 33.28
Training loss: 3.4017
Training accuracy: 0.3287

============ Epoch 31 ============
cur_smoothing: 0.22545454545454546
Training time: 33.28
Training loss: 3.4173
Training accuracy: 0.3292

============ Epoch 32 ============
cur_smoothing: 0.23272727272727273
Training time: 33.26
Training loss: 3.4343
Training accuracy: 0.3306

============ Epoch 33 ============
cur_smoothing: 0.24000000000000002
Training time: 33.50
Training loss: 3.4475
Training accuracy: 0.3323

============ Epoch 34 ============
cur_smoothing: 0.2472727272727273
Training time: 33.35
Training loss: 3.4637
Training accuracy: 0.3325

============ Epoch 35 ============
cur_smoothing: 0.2545454545454545
Training time: 33.23
Training loss: 3.4785
Training accuracy: 0.3323

============ Epoch 36 ============
cur_smoothing: 0.26181818181818184
Training time: 33.48
Training loss: 3.4883
Training accuracy: 0.3380

============ Epoch 37 ============
cur_smoothing: 0.2690909090909091
Training time: 33.29
Training loss: 3.5052
Training accuracy: 0.3378

============ Epoch 38 ============
cur_smoothing: 0.27636363636363637
Training time: 33.23
Training loss: 3.5161
Training accuracy: 0.3412

============ Epoch 39 ============
cur_smoothing: 0.2836363636363637
Training time: 33.31
Training loss: 3.5364
Training accuracy: 0.3411

============ Epoch 40 ============
cur_smoothing: 0.2909090909090909
Training time: 33.25
Training loss: 3.5503
Training accuracy: 0.3423

============ Epoch 41 ============
cur_smoothing: 0.2981818181818182
Training time: 33.44
Training loss: 3.5662
Training accuracy: 0.3442

============ Epoch 42 ============
cur_smoothing: 0.3054545454545455
Training time: 33.22
Training loss: 3.5818
Training accuracy: 0.3420

============ Epoch 43 ============
cur_smoothing: 0.3127272727272727
Training time: 33.22
Training loss: 3.5990
Training accuracy: 0.3429

============ Epoch 44 ============
cur_smoothing: 0.32
Training time: 33.22
Training loss: 3.6135
Training accuracy: 0.3454

============ Epoch 45 ============
cur_smoothing: 0.32727272727272727
Training time: 33.29
Training loss: 3.6279
Training accuracy: 0.3452

============ Epoch 46 ============
cur_smoothing: 0.3345454545454546
Training time: 33.26
Training loss: 3.6402
Training accuracy: 0.3494

============ Epoch 47 ============
cur_smoothing: 0.34181818181818185
Training time: 33.28
Training loss: 3.6608
Training accuracy: 0.3463

============ Epoch 48 ============
cur_smoothing: 0.3490909090909091
Training time: 33.29
Training loss: 3.6713
Training accuracy: 0.3499

============ Epoch 49 ============
cur_smoothing: 0.3563636363636364
Training time: 33.23
Training loss: 3.6898
Training accuracy: 0.3470

============ Epoch 50 ============
cur_smoothing: 0.36363636363636365
Training time: 33.50
Training loss: 3.7045
Training accuracy: 0.3473

============ Epoch 51 ============
cur_smoothing: 0.37090909090909097
Training time: 33.26
Training loss: 3.7202
Training accuracy: 0.3495

============ Epoch 52 ============
cur_smoothing: 0.3781818181818182
Training time: 33.15
Training loss: 3.7331
Training accuracy: 0.3544

============ Epoch 53 ============
cur_smoothing: 0.3854545454545455
Training time: 33.25
Training loss: 3.7492
Training accuracy: 0.3524

============ Epoch 54 ============
cur_smoothing: 0.39272727272727276
Training time: 33.23
Training loss: 3.7644
Training accuracy: 0.3530

============ Epoch 55 ============
cur_smoothing: 0.4
Training time: 33.22
Training loss: 3.7791
Training accuracy: 0.3548

============ Epoch 56 ============
cur_smoothing: 0.4072727272727273
Training time: 33.30
Training loss: 3.7957
Training accuracy: 0.3524

============ Epoch 57 ============
cur_smoothing: 0.41454545454545455
Training time: 33.21
Training loss: 3.8094
Training accuracy: 0.3556

============ Epoch 58 ============
cur_smoothing: 0.42181818181818187
Training time: 33.24
Training loss: 3.8261
Training accuracy: 0.3562

============ Epoch 59 ============
cur_smoothing: 0.42909090909090913
Training time: 33.28
Training loss: 3.8400
Training accuracy: 0.3559

============ Epoch 60 ============
cur_smoothing: 0.43636363636363634
Training time: 33.20
Training loss: 3.8542
Training accuracy: 0.3576

============ Epoch 61 ============
cur_smoothing: 0.44363636363636366
Training time: 33.23
Training loss: 3.8691
Training accuracy: 0.3576

============ Epoch 62 ============
cur_smoothing: 0.4509090909090909
Training time: 33.22
Training loss: 3.8837
Training accuracy: 0.3576

============ Epoch 63 ============
cur_smoothing: 0.45818181818181825
Training time: 33.26
Training loss: 3.8971
Training accuracy: 0.3600

============ Epoch 64 ============
cur_smoothing: 0.46545454545454545
Training time: 33.22
Training loss: 3.9122
Training accuracy: 0.3571

============ Epoch 65 ============
cur_smoothing: 0.4727272727272727
Training time: 33.22
Training loss: 3.9235
Training accuracy: 0.3614

============ Epoch 66 ============
cur_smoothing: 0.48000000000000004
Training time: 33.20
Training loss: 3.9425
Training accuracy: 0.3597

============ Epoch 67 ============
cur_smoothing: 0.4872727272727273
Training time: 33.24
Training loss: 3.9530
Training accuracy: 0.3605

============ Epoch 68 ============
cur_smoothing: 0.4945454545454546
Training time: 33.25
Training loss: 3.9666
Training accuracy: 0.3622

============ Epoch 69 ============
cur_smoothing: 0.5018181818181818
Training time: 33.21
Training loss: 3.9823
Training accuracy: 0.3612

============ Epoch 70 ============
cur_smoothing: 0.509090909090909
Training time: 33.28
Training loss: 3.9954
Training accuracy: 0.3631

============ Epoch 71 ============
cur_smoothing: 0.5163636363636364
Training time: 33.23
Training loss: 4.0099
Training accuracy: 0.3588

============ Epoch 72 ============
cur_smoothing: 0.5236363636363637
Training time: 33.24
Training loss: 4.0240
Training accuracy: 0.3634

============ Epoch 73 ============
cur_smoothing: 0.530909090909091
Training time: 33.32
Training loss: 4.0374
Training accuracy: 0.3617

============ Epoch 74 ============
cur_smoothing: 0.5381818181818182
Training time: 33.31
Training loss: 4.0508
Training accuracy: 0.3632

============ Epoch 75 ============
cur_smoothing: 0.5454545454545454
Training time: 33.25
Training loss: 4.0635
Training accuracy: 0.3640

============ Epoch 76 ============
cur_smoothing: 0.5527272727272727
Training time: 33.23
Training loss: 4.0762
Training accuracy: 0.3644

============ Epoch 77 ============
cur_smoothing: 0.56
Training time: 33.28
Training loss: 4.0926
Training accuracy: 0.3656

============ Epoch 78 ============
cur_smoothing: 0.5672727272727274
Training time: 33.23
Training loss: 4.1034
Training accuracy: 0.3641

============ Epoch 79 ============
cur_smoothing: 0.5745454545454546
Training time: 33.23
Training loss: 4.1174
Training accuracy: 0.3659

============ Epoch 80 ============
cur_smoothing: 0.5818181818181818
Training time: 33.21
Training loss: 4.1290
Training accuracy: 0.3664

============ Epoch 81 ============
cur_smoothing: 0.5890909090909091
Training time: 33.25
Training loss: 4.1422
Training accuracy: 0.3664

============ Epoch 82 ============
cur_smoothing: 0.5963636363636364
Training time: 33.21
Training loss: 4.1552
Training accuracy: 0.3667

============ Epoch 83 ============
cur_smoothing: 0.6036363636363636
Training time: 33.24
Training loss: 4.1671
Training accuracy: 0.3654

============ Epoch 84 ============
cur_smoothing: 0.610909090909091
Training time: 33.26
Training loss: 4.1783
Training accuracy: 0.3689

============ Epoch 85 ============
cur_smoothing: 0.6181818181818182
Training time: 33.19
Training loss: 4.1916
Training accuracy: 0.3687

============ Epoch 86 ============
cur_smoothing: 0.6254545454545454
Training time: 33.28
Training loss: 4.2047
Training accuracy: 0.3707

============ Epoch 87 ============
cur_smoothing: 0.6327272727272728
Training time: 33.19
Training loss: 4.2165
Training accuracy: 0.3705

============ Epoch 88 ============
cur_smoothing: 0.64
Training time: 33.20
Training loss: 4.2266
Training accuracy: 0.3722

============ Epoch 89 ============
cur_smoothing: 0.6472727272727273
Training time: 33.21
Training loss: 4.2396
Training accuracy: 0.3714

============ Epoch 90 ============
cur_smoothing: 0.6545454545454545
Training time: 33.23
Training loss: 4.2517
Training accuracy: 0.3692
Test time: 17.59
Test accuracy: 0.5419
FGSM accuracy: 0.3437
PGD accuracy: 0.3319

============ Epoch 91 ============
cur_smoothing: 0.6618181818181817
Training time: 33.51
Training loss: 4.2628
Training accuracy: 0.3722
Test time: 17.53
Test accuracy: 0.5412
FGSM accuracy: 0.3444
PGD accuracy: 0.3313

============ Epoch 92 ============
cur_smoothing: 0.6690909090909092
Training time: 33.23
Training loss: 4.2735
Training accuracy: 0.3724
Test time: 17.61
Test accuracy: 0.5413
FGSM accuracy: 0.3436
PGD accuracy: 0.3315

============ Epoch 93 ============
cur_smoothing: 0.6763636363636364
Training time: 33.29
Training loss: 4.2858
Training accuracy: 0.3735
Test time: 17.49
Test accuracy: 0.5413
FGSM accuracy: 0.3435
PGD accuracy: 0.3324

============ Epoch 94 ============
cur_smoothing: 0.6836363636363637
Training time: 33.68
Training loss: 4.2962
Training accuracy: 0.3742
Test time: 17.45
Test accuracy: 0.5417
FGSM accuracy: 0.3451
PGD accuracy: 0.3331

============ Epoch 95 ============
cur_smoothing: 0.6909090909090909
Training time: 33.22
Training loss: 4.3075
Training accuracy: 0.3745
Test time: 17.51
Test accuracy: 0.5418
FGSM accuracy: 0.3452
PGD accuracy: 0.3337

============ Epoch 96 ============
cur_smoothing: 0.6981818181818182
Training time: 33.22
Training loss: 4.3187
Training accuracy: 0.3722
Test time: 17.50
Test accuracy: 0.5410
FGSM accuracy: 0.3461
PGD accuracy: 0.3353

============ Epoch 97 ============
cur_smoothing: 0.7054545454545456
Training time: 33.23
Training loss: 4.3291
Training accuracy: 0.3754
Test time: 17.50
Test accuracy: 0.5398
FGSM accuracy: 0.3446
PGD accuracy: 0.3334

============ Epoch 98 ============
cur_smoothing: 0.7127272727272728
Training time: 33.25
Training loss: 4.3383
Training accuracy: 0.3772
Test time: 17.63
Test accuracy: 0.5362
FGSM accuracy: 0.3437
PGD accuracy: 0.3331

============ Epoch 99 ============
cur_smoothing: 0.72
Training time: 33.23
Training loss: 4.3503
Training accuracy: 0.3734
Test time: 17.50
Test accuracy: 0.5357
FGSM accuracy: 0.3429
PGD accuracy: 0.3331

============ Epoch 100 ============
cur_smoothing: 0.7272727272727273
Training time: 33.26
Training loss: 4.3036
Training accuracy: 0.4638
Test time: 17.52
Test accuracy: 0.5394
FGSM accuracy: 0.3439
PGD accuracy: 0.3335

============ Epoch 101 ============
cur_smoothing: 0.7345454545454546
Training time: 33.26
Training loss: 4.2931
Training accuracy: 0.5040
Test time: 17.59
Test accuracy: 0.5418
FGSM accuracy: 0.3447
PGD accuracy: 0.3353

============ Epoch 102 ============
cur_smoothing: 0.7418181818181819
Training time: 33.18
Training loss: 4.2977
Training accuracy: 0.5175
Test time: 17.54
Test accuracy: 0.5461
FGSM accuracy: 0.3464
PGD accuracy: 0.3354

============ Epoch 103 ============
cur_smoothing: 0.7490909090909091
Training time: 33.37
Training loss: 4.3042
Training accuracy: 0.5310
Test time: 17.61
Test accuracy: 0.5484
FGSM accuracy: 0.3478
PGD accuracy: 0.3360

============ Epoch 104 ============
cur_smoothing: 0.7563636363636363
Training time: 33.23
Training loss: 4.3113
Training accuracy: 0.5446
Test time: 17.51
Test accuracy: 0.5507
FGSM accuracy: 0.3487
PGD accuracy: 0.3352

============ Epoch 105 ============
cur_smoothing: 0.7636363636363637
Training time: 33.22
Training loss: 4.3142
Training accuracy: 0.5674
Test time: 17.50
Test accuracy: 0.5555
FGSM accuracy: 0.3500
PGD accuracy: 0.3349

============ Epoch 106 ============
cur_smoothing: 0.770909090909091
Training time: 33.17
Training loss: 4.3254
Training accuracy: 0.5731
Test time: 17.51
Test accuracy: 0.5593
FGSM accuracy: 0.3526
PGD accuracy: 0.3367

============ Epoch 107 ============
cur_smoothing: 0.7781818181818183
Training time: 33.22
Training loss: 4.3381
Training accuracy: 0.5774
Test time: 17.50
Test accuracy: 0.5624
FGSM accuracy: 0.3532
PGD accuracy: 0.3393

============ Epoch 108 ============
cur_smoothing: 0.7854545454545455
Training time: 33.56
Training loss: 4.3507
Training accuracy: 0.5783
Test time: 17.57
Test accuracy: 0.5667
FGSM accuracy: 0.3534
PGD accuracy: 0.3395

============ Epoch 109 ============
cur_smoothing: 0.7927272727272727
Training time: 33.22
Training loss: 4.3640
Training accuracy: 0.5802
Test time: 17.49
Test accuracy: 0.5690
FGSM accuracy: 0.3549
PGD accuracy: 0.3408

train_acc_list: 
[0.0505, 0.09912, 0.128, 0.15498, 0.1765, 0.1974, 0.2156, 0.22594, 0.23988, 0.24932, 0.25396, 0.262, 0.26942, 0.2754, 0.27822, 0.28532, 0.28934, 0.29368, 0.29804, 0.30026, 0.30718, 0.30442, 0.30816, 0.3126, 0.31728, 0.31654, 0.32042, 0.32152, 0.32668, 0.3254, 0.32868, 0.32918, 0.3306, 0.33232, 0.33248, 0.33228, 0.33804, 0.33784, 0.34116, 0.34106, 0.34234, 0.3442, 0.34204, 0.34286, 0.3454, 0.34518, 0.34942, 0.34634, 0.3499, 0.34696, 0.34726, 0.34946, 0.35436, 0.35244, 0.35302, 0.35476, 0.3524, 0.35558, 0.35616, 0.35594, 0.35762, 0.35756, 0.35762, 0.35996, 0.35708, 0.36142, 0.35972, 0.36046, 0.3622, 0.3612, 0.36314, 0.35878, 0.36336, 0.36168, 0.36322, 0.364, 0.3644, 0.36558, 0.36412, 0.3659, 0.36644, 0.3664, 0.36668, 0.36536, 0.36894, 0.36872, 0.37066, 0.37052, 0.37218, 0.3714, 0.36922, 0.37222, 0.37244, 0.37348, 0.37422, 0.37448, 0.3722, 0.37538, 0.37716, 0.3734, 0.46384, 0.50402, 0.51754, 0.531, 0.54456, 0.56736, 0.57314, 0.57736, 0.57834, 0.58016]

test_acc_list: 
[0.5419, 0.5412, 0.5413, 0.5413, 0.5417, 0.5418, 0.541, 0.5398, 0.5362, 0.5357, 0.5394, 0.5418, 0.5461, 0.5484, 0.5507, 0.5555, 0.5593, 0.5624, 0.5667, 0.569]

pgd_acc_list: 
[0.3319, 0.3313, 0.3315, 0.3324, 0.3331, 0.3337, 0.3353, 0.3334, 0.3331, 0.3331, 0.3335, 0.3353, 0.3354, 0.336, 0.3352, 0.3349, 0.3367, 0.3393, 0.3395, 0.3408]

fgsm_acc_list: 
[0.3437, 0.3444, 0.3436, 0.3435, 0.3451, 0.3452, 0.3461, 0.3446, 0.3437, 0.3429, 0.3439, 0.3447, 0.3464, 0.3478, 0.3487, 0.35, 0.3526, 0.3532, 0.3534, 0.3549]

total_training_time: 
3659.4722867012024

total_test_time: 
350.6541938781738

Training metrics CSV file saved to: ./log_cifar100/at-fat/2025-11-04-20-23-53-seed-2/train_metrics.csv
Training metrics CSV file saved to: ./log_cifar100/at-fat/2025-11-04-20-23-53-seed-2/test_metrics.csv
Training metrics plot saved to: ./log_cifar100/at-fat/2025-11-04-20-23-53-seed-2/training_metrics.png
