scheduler: MultiStepLR
max smoothing: 0.5
weight average: True, tau: 0.9995


============ Epoch 0 ============
cur_smoothing: 0.0
Training time: 34.28
Training loss: 2.2551
Training accuracy: 0.2129
Test time: 17.38
Test accuracy: 0.1123
FGSM accuracy: 0.0905
PGD accuracy: 0.0892

============ Epoch 1 ============
cur_smoothing: 0.004545454545454545
Training time: 33.87
Training loss: 2.0256
Training accuracy: 0.2869
Test time: 17.27
Test accuracy: 0.1056
FGSM accuracy: 0.1022
PGD accuracy: 0.1022

============ Epoch 2 ============
cur_smoothing: 0.00909090909090909
Training time: 33.98
Training loss: 1.9684
Training accuracy: 0.3114
Test time: 17.34
Test accuracy: 0.1249
FGSM accuracy: 0.1147
PGD accuracy: 0.1145

============ Epoch 3 ============
cur_smoothing: 0.013636363636363636
Training time: 34.41
Training loss: 1.9165
Training accuracy: 0.3367
Test time: 17.32
Test accuracy: 0.1308
FGSM accuracy: 0.1202
PGD accuracy: 0.1203

============ Epoch 4 ============
cur_smoothing: 0.01818181818181818
Training time: 34.26
Training loss: 1.8715
Training accuracy: 0.3658
Test time: 17.36
Test accuracy: 0.1209
FGSM accuracy: 0.1132
PGD accuracy: 0.1129

============ Epoch 5 ============
cur_smoothing: 0.022727272727272728
Training time: 34.03
Training loss: 1.8263
Training accuracy: 0.3933
Test time: 17.33
Test accuracy: 0.1052
FGSM accuracy: 0.1016
PGD accuracy: 0.1015

============ Epoch 6 ============
cur_smoothing: 0.02727272727272727
Training time: 34.16
Training loss: 1.7866
Training accuracy: 0.4130
Test time: 17.36
Test accuracy: 0.1011
FGSM accuracy: 0.1002
PGD accuracy: 0.1002

============ Epoch 7 ============
cur_smoothing: 0.031818181818181815
Training time: 34.24
Training loss: 1.7537
Training accuracy: 0.4314
Test time: 17.32
Test accuracy: 0.1186
FGSM accuracy: 0.1115
PGD accuracy: 0.1115

============ Epoch 8 ============
cur_smoothing: 0.03636363636363636
Training time: 34.23
Training loss: 1.7298
Training accuracy: 0.4489
Test time: 17.35
Test accuracy: 0.1087
FGSM accuracy: 0.1080
PGD accuracy: 0.1080

============ Epoch 9 ============
cur_smoothing: 0.04090909090909091
Training time: 34.05
Training loss: 1.7135
Training accuracy: 0.4632
Test time: 17.34
Test accuracy: 0.1026
FGSM accuracy: 0.1052
PGD accuracy: 0.1051

============ Epoch 10 ============
cur_smoothing: 0.045454545454545456
Training time: 34.12
Training loss: 1.6985
Training accuracy: 0.4736
Test time: 17.35
Test accuracy: 0.1046
FGSM accuracy: 0.1058
PGD accuracy: 0.1057

============ Epoch 11 ============
cur_smoothing: 0.05
Training time: 34.02
Training loss: 1.6911
Training accuracy: 0.4838
Test time: 17.34
Test accuracy: 0.1086
FGSM accuracy: 0.1087
PGD accuracy: 0.1088

============ Epoch 12 ============
cur_smoothing: 0.05454545454545454
Training time: 34.09
Training loss: 1.6813
Training accuracy: 0.4919
Test time: 17.35
Test accuracy: 0.1069
FGSM accuracy: 0.1057
PGD accuracy: 0.1055

============ Epoch 13 ============
cur_smoothing: 0.05909090909090909
Training time: 33.99
Training loss: 1.6727
Training accuracy: 0.4998
Test time: 17.33
Test accuracy: 0.1046
FGSM accuracy: 0.1012
PGD accuracy: 0.1011

============ Epoch 14 ============
cur_smoothing: 0.06363636363636363
Training time: 34.07
Training loss: 1.6681
Training accuracy: 0.5034
Test time: 17.33
Test accuracy: 0.1014
FGSM accuracy: 0.1009
PGD accuracy: 0.1009

============ Epoch 15 ============
cur_smoothing: 0.06818181818181818
Training time: 34.13
Training loss: 1.6675
Training accuracy: 0.5101
Test time: 17.24
Test accuracy: 0.1001
FGSM accuracy: 0.1000
PGD accuracy: 0.1000

============ Epoch 16 ============
cur_smoothing: 0.07272727272727272
Training time: 34.08
Training loss: 1.6683
Training accuracy: 0.5135
Test time: 17.34
Test accuracy: 0.1000
FGSM accuracy: 0.1000
PGD accuracy: 0.1000

============ Epoch 17 ============
cur_smoothing: 0.07727272727272727
Training time: 34.06
Training loss: 1.6667
Training accuracy: 0.5181
Test time: 17.31
Test accuracy: 0.1000
FGSM accuracy: 0.1000
PGD accuracy: 0.1000

============ Epoch 18 ============
cur_smoothing: 0.08181818181818182
Training time: 34.18
Training loss: 1.6613
Training accuracy: 0.5225
Test time: 17.33
Test accuracy: 0.1000
FGSM accuracy: 0.1000
PGD accuracy: 0.1000

============ Epoch 19 ============
cur_smoothing: 0.08636363636363636
Training time: 34.14
Training loss: 1.6653
Training accuracy: 0.5225
Test time: 17.33
Test accuracy: 0.1000
FGSM accuracy: 0.1000
PGD accuracy: 0.1000

============ Epoch 20 ============
cur_smoothing: 0.09090909090909091
Training time: 34.08
Training loss: 1.6661
Training accuracy: 0.5285
Test time: 17.33
Test accuracy: 0.1002
FGSM accuracy: 0.1001
PGD accuracy: 0.1001

============ Epoch 21 ============
cur_smoothing: 0.09545454545454546
Training time: 34.08
Training loss: 1.6645
Training accuracy: 0.5315
Test time: 17.28
Test accuracy: 0.1036
FGSM accuracy: 0.1023
PGD accuracy: 0.1023

============ Epoch 22 ============
cur_smoothing: 0.1
Training time: 34.05
Training loss: 1.6659
Training accuracy: 0.5352
Test time: 17.31
Test accuracy: 0.1066
FGSM accuracy: 0.1038
PGD accuracy: 0.1038

============ Epoch 23 ============
cur_smoothing: 0.10454545454545454
Training time: 34.09
Training loss: 1.6666
Training accuracy: 0.5367
Test time: 17.32
Test accuracy: 0.1055
FGSM accuracy: 0.1052
PGD accuracy: 0.1051

============ Epoch 24 ============
cur_smoothing: 0.10909090909090909
Training time: 34.05
Training loss: 1.6695
Training accuracy: 0.5372
Test time: 17.29
Test accuracy: 0.1054
FGSM accuracy: 0.1054
PGD accuracy: 0.1051

============ Epoch 25 ============
cur_smoothing: 0.11363636363636363
Training time: 34.08
Training loss: 1.6739
Training accuracy: 0.5415
Test time: 17.32
Test accuracy: 0.1080
FGSM accuracy: 0.1092
PGD accuracy: 0.1094

============ Epoch 26 ============
cur_smoothing: 0.11818181818181818
Training time: 34.13
Training loss: 1.6767
Training accuracy: 0.5431
Test time: 17.33
Test accuracy: 0.1077
FGSM accuracy: 0.1102
PGD accuracy: 0.1100

============ Epoch 27 ============
cur_smoothing: 0.12272727272727273
Training time: 34.19
Training loss: 1.6803
Training accuracy: 0.5431
Test time: 17.34
Test accuracy: 0.1069
FGSM accuracy: 0.1104
PGD accuracy: 0.1100

============ Epoch 28 ============
cur_smoothing: 0.12727272727272726
Training time: 34.23
Training loss: 1.6847
Training accuracy: 0.5474
Test time: 17.31
Test accuracy: 0.1054
FGSM accuracy: 0.1067
PGD accuracy: 0.1065

============ Epoch 29 ============
cur_smoothing: 0.1318181818181818
Training time: 34.20
Training loss: 1.6874
Training accuracy: 0.5453
Test time: 17.31
Test accuracy: 0.1120
FGSM accuracy: 0.1126
PGD accuracy: 0.1128

============ Epoch 30 ============
cur_smoothing: 0.13636363636363635
Training time: 34.06
Training loss: 1.6904
Training accuracy: 0.5505
Test time: 17.30
Test accuracy: 0.1223
FGSM accuracy: 0.1204
PGD accuracy: 0.1206

============ Epoch 31 ============
cur_smoothing: 0.1409090909090909
Training time: 34.00
Training loss: 1.6954
Training accuracy: 0.5509
Test time: 17.31
Test accuracy: 0.1357
FGSM accuracy: 0.1264
PGD accuracy: 0.1262

============ Epoch 32 ============
cur_smoothing: 0.14545454545454545
Training time: 34.17
Training loss: 1.6973
Training accuracy: 0.5492
Test time: 17.30
Test accuracy: 0.1452
FGSM accuracy: 0.1327
PGD accuracy: 0.1324

============ Epoch 33 ============
cur_smoothing: 0.15
Training time: 34.44
Training loss: 1.7001
Training accuracy: 0.5556
Test time: 17.30
Test accuracy: 0.1645
FGSM accuracy: 0.1422
PGD accuracy: 0.1423

============ Epoch 34 ============
cur_smoothing: 0.15454545454545454
Training time: 34.03
Training loss: 1.7060
Training accuracy: 0.5555
Test time: 17.30
Test accuracy: 0.1977
FGSM accuracy: 0.1622
PGD accuracy: 0.1621

============ Epoch 35 ============
cur_smoothing: 0.1590909090909091
Training time: 34.44
Training loss: 1.7061
Training accuracy: 0.5587
Test time: 17.33
Test accuracy: 0.2392
FGSM accuracy: 0.1860
PGD accuracy: 0.1856

============ Epoch 36 ============
cur_smoothing: 0.16363636363636364
Training time: 34.18
Training loss: 1.7139
Training accuracy: 0.5570
Test time: 17.24
Test accuracy: 0.2968
FGSM accuracy: 0.2189
PGD accuracy: 0.2190

============ Epoch 37 ============
cur_smoothing: 0.16818181818181818
Training time: 34.15
Training loss: 1.7166
Training accuracy: 0.5589
Test time: 17.30
Test accuracy: 0.3599
FGSM accuracy: 0.2579
PGD accuracy: 0.2568

============ Epoch 38 ============
cur_smoothing: 0.17272727272727273
Training time: 34.10
Training loss: 1.7232
Training accuracy: 0.5576
Test time: 17.35
Test accuracy: 0.4163
FGSM accuracy: 0.3043
PGD accuracy: 0.3016

============ Epoch 39 ============
cur_smoothing: 0.17727272727272728
Training time: 34.07
Training loss: 1.7251
Training accuracy: 0.5616
Test time: 17.30
Test accuracy: 0.4671
FGSM accuracy: 0.3440
PGD accuracy: 0.3411

============ Epoch 40 ============
cur_smoothing: 0.18181818181818182
Training time: 34.08
Training loss: 1.7311
Training accuracy: 0.5615
Test time: 17.27
Test accuracy: 0.5126
FGSM accuracy: 0.3828
PGD accuracy: 0.3787

============ Epoch 41 ============
cur_smoothing: 0.18636363636363637
Training time: 34.12
Training loss: 1.7371
Training accuracy: 0.5614
Test time: 17.34
Test accuracy: 0.5514
FGSM accuracy: 0.4124
PGD accuracy: 0.4079

============ Epoch 42 ============
cur_smoothing: 0.19090909090909092
Training time: 34.15
Training loss: 1.7386
Training accuracy: 0.5635
Test time: 17.35
Test accuracy: 0.5795
FGSM accuracy: 0.4385
PGD accuracy: 0.4335

============ Epoch 43 ============
cur_smoothing: 0.19545454545454546
Training time: 33.99
Training loss: 1.7453
Training accuracy: 0.5620
Test time: 17.32
Test accuracy: 0.5998
FGSM accuracy: 0.4603
PGD accuracy: 0.4552

============ Epoch 44 ============
cur_smoothing: 0.2
Training time: 34.10
Training loss: 1.7479
Training accuracy: 0.5656
Test time: 17.34
Test accuracy: 0.6213
FGSM accuracy: 0.4827
PGD accuracy: 0.4764

============ Epoch 45 ============
cur_smoothing: 0.20454545454545456
Training time: 34.14
Training loss: 1.7529
Training accuracy: 0.5664
Test time: 17.31
Test accuracy: 0.6413
FGSM accuracy: 0.4952
PGD accuracy: 0.4884

============ Epoch 46 ============
cur_smoothing: 0.20909090909090908
Training time: 34.06
Training loss: 1.7599
Training accuracy: 0.5639
Test time: 17.33
Test accuracy: 0.6568
FGSM accuracy: 0.5069
PGD accuracy: 0.4994

============ Epoch 47 ============
cur_smoothing: 0.21363636363636362
Training time: 34.18
Training loss: 1.7647
Training accuracy: 0.5661
Test time: 17.33
Test accuracy: 0.6680
FGSM accuracy: 0.5154
PGD accuracy: 0.5081

============ Epoch 48 ============
cur_smoothing: 0.21818181818181817
Training time: 34.04
Training loss: 1.7686
Training accuracy: 0.5656
Test time: 17.37
Test accuracy: 0.6767
FGSM accuracy: 0.5202
PGD accuracy: 0.5140

============ Epoch 49 ============
cur_smoothing: 0.22272727272727272
Training time: 34.08
Training loss: 1.7730
Training accuracy: 0.5642
Test time: 17.40
Test accuracy: 0.6839
FGSM accuracy: 0.5270
PGD accuracy: 0.5202

============ Epoch 50 ============
cur_smoothing: 0.22727272727272727
Training time: 34.04
Training loss: 1.7764
Training accuracy: 0.5690
Test time: 17.34
Test accuracy: 0.6914
FGSM accuracy: 0.5315
PGD accuracy: 0.5232

============ Epoch 51 ============
cur_smoothing: 0.2318181818181818
Training time: 34.09
Training loss: 1.7848
Training accuracy: 0.5668
Test time: 17.31
Test accuracy: 0.6996
FGSM accuracy: 0.5363
PGD accuracy: 0.5287

============ Epoch 52 ============
cur_smoothing: 0.23636363636363636
Training time: 34.11
Training loss: 1.7897
Training accuracy: 0.5683
Test time: 17.31
Test accuracy: 0.7036
FGSM accuracy: 0.5401
PGD accuracy: 0.5320

============ Epoch 53 ============
cur_smoothing: 0.2409090909090909
Training time: 34.04
Training loss: 1.7946
Training accuracy: 0.5693
Test time: 17.33
Test accuracy: 0.7083
FGSM accuracy: 0.5426
PGD accuracy: 0.5347

============ Epoch 54 ============
cur_smoothing: 0.24545454545454545
Training time: 34.01
Training loss: 1.7968
Training accuracy: 0.5699
Test time: 17.32
Test accuracy: 0.7116
FGSM accuracy: 0.5460
PGD accuracy: 0.5360

============ Epoch 55 ============
cur_smoothing: 0.25
Training time: 34.02
Training loss: 1.8051
Training accuracy: 0.5715
Test time: 17.34
Test accuracy: 0.7137
FGSM accuracy: 0.5468
PGD accuracy: 0.5378

============ Epoch 56 ============
cur_smoothing: 0.2545454545454545
Training time: 34.16
Training loss: 1.8101
Training accuracy: 0.5703
Test time: 17.30
Test accuracy: 0.7180
FGSM accuracy: 0.5479
PGD accuracy: 0.5382

============ Epoch 57 ============
cur_smoothing: 0.2590909090909091
Training time: 34.03
Training loss: 1.8133
Training accuracy: 0.5704
Test time: 17.34
Test accuracy: 0.7193
FGSM accuracy: 0.5500
PGD accuracy: 0.5386

============ Epoch 58 ============
cur_smoothing: 0.2636363636363636
Training time: 34.01
Training loss: 1.8198
Training accuracy: 0.5729
Test time: 17.33
Test accuracy: 0.7216
FGSM accuracy: 0.5512
PGD accuracy: 0.5408

============ Epoch 59 ============
cur_smoothing: 0.2681818181818182
Training time: 34.00
Training loss: 1.8257
Training accuracy: 0.5668
Test time: 17.32
Test accuracy: 0.7229
FGSM accuracy: 0.5529
PGD accuracy: 0.5409

============ Epoch 60 ============
cur_smoothing: 0.2727272727272727
Training time: 34.09
Training loss: 1.8282
Training accuracy: 0.5731
Test time: 17.34
Test accuracy: 0.7254
FGSM accuracy: 0.5556
PGD accuracy: 0.5432

============ Epoch 61 ============
cur_smoothing: 0.2772727272727273
Training time: 34.02
Training loss: 1.8344
Training accuracy: 0.5705
Test time: 17.31
Test accuracy: 0.7273
FGSM accuracy: 0.5567
PGD accuracy: 0.5449

============ Epoch 62 ============
cur_smoothing: 0.2818181818181818
Training time: 34.04
Training loss: 1.8374
Training accuracy: 0.5713
Test time: 17.34
Test accuracy: 0.7287
FGSM accuracy: 0.5575
PGD accuracy: 0.5451

============ Epoch 63 ============
cur_smoothing: 0.2863636363636364
Training time: 34.00
Training loss: 1.8441
Training accuracy: 0.5706
Test time: 17.30
Test accuracy: 0.7291
FGSM accuracy: 0.5583
PGD accuracy: 0.5459

============ Epoch 64 ============
cur_smoothing: 0.2909090909090909
Training time: 34.10
Training loss: 1.8486
Training accuracy: 0.5737
Test time: 17.34
Test accuracy: 0.7299
FGSM accuracy: 0.5599
PGD accuracy: 0.5482

============ Epoch 65 ============
cur_smoothing: 0.29545454545454547
Training time: 34.12
Training loss: 1.8521
Training accuracy: 0.5720
Test time: 17.33
Test accuracy: 0.7301
FGSM accuracy: 0.5606
PGD accuracy: 0.5492

============ Epoch 66 ============
cur_smoothing: 0.3
Training time: 34.26
Training loss: 1.8575
Training accuracy: 0.5731
Test time: 17.39
Test accuracy: 0.7299
FGSM accuracy: 0.5603
PGD accuracy: 0.5483

============ Epoch 67 ============
cur_smoothing: 0.30454545454545456
Training time: 34.12
Training loss: 1.8605
Training accuracy: 0.5744
Test time: 17.32
Test accuracy: 0.7312
FGSM accuracy: 0.5607
PGD accuracy: 0.5479

============ Epoch 68 ============
cur_smoothing: 0.3090909090909091
Training time: 34.08
Training loss: 1.8693
Training accuracy: 0.5735
Test time: 17.30
Test accuracy: 0.7329
FGSM accuracy: 0.5620
PGD accuracy: 0.5497

============ Epoch 69 ============
cur_smoothing: 0.31363636363636366
Training time: 33.97
Training loss: 1.8716
Training accuracy: 0.5729
Test time: 17.31
Test accuracy: 0.7316
FGSM accuracy: 0.5624
PGD accuracy: 0.5500

============ Epoch 70 ============
cur_smoothing: 0.3181818181818182
Training time: 34.05
Training loss: 1.8776
Training accuracy: 0.5752
Test time: 17.33
Test accuracy: 0.7329
FGSM accuracy: 0.5622
PGD accuracy: 0.5499

============ Epoch 71 ============
cur_smoothing: 0.32272727272727275
Training time: 34.07
Training loss: 1.8840
Training accuracy: 0.5745
Test time: 17.32
Test accuracy: 0.7344
FGSM accuracy: 0.5627
PGD accuracy: 0.5522

============ Epoch 72 ============
cur_smoothing: 0.32727272727272727
Training time: 34.15
Training loss: 1.8876
Training accuracy: 0.5745
Test time: 17.34
Test accuracy: 0.7351
FGSM accuracy: 0.5644
PGD accuracy: 0.5520

============ Epoch 73 ============
cur_smoothing: 0.33181818181818185
Training time: 34.01
Training loss: 1.8914
Training accuracy: 0.5749
Test time: 17.34
Test accuracy: 0.7360
FGSM accuracy: 0.5667
PGD accuracy: 0.5534

============ Epoch 74 ============
cur_smoothing: 0.33636363636363636
Training time: 34.04
Training loss: 1.8974
Training accuracy: 0.5767
Test time: 17.30
Test accuracy: 0.7369
FGSM accuracy: 0.5681
PGD accuracy: 0.5545

============ Epoch 75 ============
cur_smoothing: 0.3409090909090909
Training time: 34.13
Training loss: 1.9022
Training accuracy: 0.5744
Test time: 17.35
Test accuracy: 0.7374
FGSM accuracy: 0.5671
PGD accuracy: 0.5530

============ Epoch 76 ============
cur_smoothing: 0.34545454545454546
Training time: 34.05
Training loss: 1.9052
Training accuracy: 0.5754
Test time: 17.32
Test accuracy: 0.7372
FGSM accuracy: 0.5684
PGD accuracy: 0.5540

============ Epoch 77 ============
cur_smoothing: 0.35
Training time: 34.05
Training loss: 1.9094
Training accuracy: 0.5772
Test time: 17.33
Test accuracy: 0.7373
FGSM accuracy: 0.5683
PGD accuracy: 0.5530

============ Epoch 78 ============
cur_smoothing: 0.35454545454545455
Training time: 33.98
Training loss: 1.9157
Training accuracy: 0.5748
Test time: 17.25
Test accuracy: 0.7374
FGSM accuracy: 0.5685
PGD accuracy: 0.5553

============ Epoch 79 ============
cur_smoothing: 0.35909090909090907
Training time: 34.05
Training loss: 1.9182
Training accuracy: 0.5772
Test time: 17.31
Test accuracy: 0.7378
FGSM accuracy: 0.5682
PGD accuracy: 0.5546

============ Epoch 80 ============
cur_smoothing: 0.36363636363636365
Training time: 34.00
Training loss: 1.9240
Training accuracy: 0.5753
Test time: 17.33
Test accuracy: 0.7391
FGSM accuracy: 0.5693
PGD accuracy: 0.5559

============ Epoch 81 ============
cur_smoothing: 0.36818181818181817
Training time: 34.05
Training loss: 1.9267
Training accuracy: 0.5796
Test time: 17.31
Test accuracy: 0.7388
FGSM accuracy: 0.5696
PGD accuracy: 0.5573

============ Epoch 82 ============
cur_smoothing: 0.37272727272727274
Training time: 33.98
Training loss: 1.9331
Training accuracy: 0.5777
Test time: 17.33
Test accuracy: 0.7401
FGSM accuracy: 0.5686
PGD accuracy: 0.5566

============ Epoch 83 ============
cur_smoothing: 0.37727272727272726
Training time: 34.08
Training loss: 1.9383
Training accuracy: 0.5777
Test time: 17.27
Test accuracy: 0.7406
FGSM accuracy: 0.5698
PGD accuracy: 0.5558

============ Epoch 84 ============
cur_smoothing: 0.38181818181818183
Training time: 34.03
Training loss: 1.9440
Training accuracy: 0.5777
Test time: 17.34
Test accuracy: 0.7410
FGSM accuracy: 0.5713
PGD accuracy: 0.5568

============ Epoch 85 ============
cur_smoothing: 0.38636363636363635
Training time: 34.04
Training loss: 1.9476
Training accuracy: 0.5762
Test time: 17.32
Test accuracy: 0.7410
FGSM accuracy: 0.5709
PGD accuracy: 0.5578

============ Epoch 86 ============
cur_smoothing: 0.39090909090909093
Training time: 34.12
Training loss: 1.9518
Training accuracy: 0.5779
Test time: 17.30
Test accuracy: 0.7410
FGSM accuracy: 0.5708
PGD accuracy: 0.5564

============ Epoch 87 ============
cur_smoothing: 0.39545454545454545
Training time: 34.14
Training loss: 1.9538
Training accuracy: 0.5810
Test time: 17.33
Test accuracy: 0.7406
FGSM accuracy: 0.5706
PGD accuracy: 0.5573

============ Epoch 88 ============
cur_smoothing: 0.4
Training time: 33.98
Training loss: 1.9615
Training accuracy: 0.5778
Test time: 17.32
Test accuracy: 0.7397
FGSM accuracy: 0.5717
PGD accuracy: 0.5588

============ Epoch 89 ============
cur_smoothing: 0.40454545454545454
Training time: 34.01
Training loss: 1.9647
Training accuracy: 0.5785
Test time: 17.30
Test accuracy: 0.7394
FGSM accuracy: 0.5719
PGD accuracy: 0.5586

============ Epoch 90 ============
cur_smoothing: 0.4090909090909091
Training time: 33.96
Training loss: 1.9700
Training accuracy: 0.5781
Test time: 17.34
Test accuracy: 0.7391
FGSM accuracy: 0.5715
PGD accuracy: 0.5592

============ Epoch 91 ============
cur_smoothing: 0.41363636363636364
Training time: 34.07
Training loss: 1.9744
Training accuracy: 0.5787
Test time: 17.30
Test accuracy: 0.7398
FGSM accuracy: 0.5722
PGD accuracy: 0.5602

============ Epoch 92 ============
cur_smoothing: 0.41818181818181815
Training time: 34.14
Training loss: 1.9792
Training accuracy: 0.5778
Test time: 17.21
Test accuracy: 0.7401
FGSM accuracy: 0.5726
PGD accuracy: 0.5607

============ Epoch 93 ============
cur_smoothing: 0.42272727272727273
Training time: 34.00
Training loss: 1.9820
Training accuracy: 0.5803
Test time: 17.32
Test accuracy: 0.7404
FGSM accuracy: 0.5731
PGD accuracy: 0.5610

============ Epoch 94 ============
cur_smoothing: 0.42727272727272725
Training time: 34.06
Training loss: 1.9850
Training accuracy: 0.5810
Test time: 17.38
Test accuracy: 0.7409
FGSM accuracy: 0.5749
PGD accuracy: 0.5617

============ Epoch 95 ============
cur_smoothing: 0.4318181818181818
Training time: 34.08
Training loss: 1.9906
Training accuracy: 0.5805
Test time: 17.34
Test accuracy: 0.7420
FGSM accuracy: 0.5757
PGD accuracy: 0.5629

============ Epoch 96 ============
cur_smoothing: 0.43636363636363634
Training time: 34.05
Training loss: 1.9964
Training accuracy: 0.5787
Test time: 17.31
Test accuracy: 0.7415
FGSM accuracy: 0.5753
PGD accuracy: 0.5628

============ Epoch 97 ============
cur_smoothing: 0.4409090909090909
Training time: 34.08
Training loss: 2.0011
Training accuracy: 0.5786
Test time: 17.33
Test accuracy: 0.7413
FGSM accuracy: 0.5760
PGD accuracy: 0.5626

============ Epoch 98 ============
cur_smoothing: 0.44545454545454544
Training time: 34.02
Training loss: 2.0050
Training accuracy: 0.5790
Test time: 17.33
Test accuracy: 0.7399
FGSM accuracy: 0.5757
PGD accuracy: 0.5618

============ Epoch 99 ============
cur_smoothing: 0.45
Training time: 34.00
Training loss: 2.0083
Training accuracy: 0.5804
Test time: 17.34
Test accuracy: 0.7407
FGSM accuracy: 0.5765
PGD accuracy: 0.5628

============ Epoch 100 ============
cur_smoothing: 0.45454545454545453
Training time: 34.06
Training loss: 1.9503
Training accuracy: 0.6468
Test time: 17.33
Test accuracy: 0.7454
FGSM accuracy: 0.5778
PGD accuracy: 0.5651

============ Epoch 101 ============
cur_smoothing: 0.4590909090909091
Training time: 34.08
Training loss: 1.9335
Training accuracy: 0.6729
Test time: 17.32
Test accuracy: 0.7508
FGSM accuracy: 0.5811
PGD accuracy: 0.5683

============ Epoch 102 ============
cur_smoothing: 0.4636363636363636
Training time: 34.03
Training loss: 1.9303
Training accuracy: 0.6815
Test time: 17.35
Test accuracy: 0.7578
FGSM accuracy: 0.5845
PGD accuracy: 0.5703

============ Epoch 103 ============
cur_smoothing: 0.4681818181818182
Training time: 34.07
Training loss: 1.9304
Training accuracy: 0.6888
Test time: 17.32
Test accuracy: 0.7618
FGSM accuracy: 0.5867
PGD accuracy: 0.5720

============ Epoch 104 ============
cur_smoothing: 0.4727272727272727
Training time: 34.18
Training loss: 1.9316
Training accuracy: 0.6943
Test time: 17.26
Test accuracy: 0.7665
FGSM accuracy: 0.5886
PGD accuracy: 0.5744

============ Epoch 105 ============
cur_smoothing: 0.4772727272727273
Training time: 34.22
Training loss: 1.9239
Training accuracy: 0.7053
Test time: 17.35
Test accuracy: 0.7704
FGSM accuracy: 0.5895
PGD accuracy: 0.5742

============ Epoch 106 ============
cur_smoothing: 0.4818181818181818
Training time: 34.20
Training loss: 1.9257
Training accuracy: 0.7121
Test time: 17.33
Test accuracy: 0.7765
FGSM accuracy: 0.5914
PGD accuracy: 0.5765

============ Epoch 107 ============
cur_smoothing: 0.4863636363636364
Training time: 34.05
Training loss: 1.9296
Training accuracy: 0.7154
Test time: 17.33
Test accuracy: 0.7814
FGSM accuracy: 0.5940
PGD accuracy: 0.5768

============ Epoch 108 ============
cur_smoothing: 0.4909090909090909
Training time: 33.99
Training loss: 1.9336
Training accuracy: 0.7158
Test time: 17.36
Test accuracy: 0.7861
FGSM accuracy: 0.5959
PGD accuracy: 0.5770

============ Epoch 109 ============
cur_smoothing: 0.4954545454545455
Training time: 34.03
Training loss: 1.9379
Training accuracy: 0.7186
Test time: 17.34
Test accuracy: 0.7906
FGSM accuracy: 0.5988
PGD accuracy: 0.5794

train_acc_list: 
[0.21294, 0.2869, 0.3114, 0.3367, 0.36582, 0.39328, 0.41302, 0.43136, 0.4489, 0.4632, 0.4736, 0.48382, 0.49194, 0.49982, 0.50336, 0.51008, 0.51348, 0.51808, 0.52246, 0.5225, 0.52852, 0.53148, 0.53516, 0.5367, 0.53724, 0.5415, 0.54306, 0.54306, 0.54742, 0.54534, 0.5505, 0.55094, 0.54916, 0.5556, 0.55548, 0.55874, 0.557, 0.55894, 0.55762, 0.56158, 0.56154, 0.5614, 0.56354, 0.56198, 0.56564, 0.56644, 0.56386, 0.56614, 0.56558, 0.56422, 0.56904, 0.5668, 0.56826, 0.5693, 0.56994, 0.57152, 0.57034, 0.5704, 0.5729, 0.5668, 0.57314, 0.57052, 0.57132, 0.5706, 0.5737, 0.57204, 0.57312, 0.57442, 0.57348, 0.5729, 0.57522, 0.57446, 0.5745, 0.57488, 0.57674, 0.5744, 0.57538, 0.57718, 0.57476, 0.57718, 0.57528, 0.57962, 0.57768, 0.57774, 0.57772, 0.5762, 0.57794, 0.581, 0.57784, 0.57852, 0.57812, 0.57872, 0.57778, 0.58034, 0.58098, 0.58054, 0.57866, 0.57858, 0.57896, 0.58038, 0.64684, 0.67294, 0.68146, 0.68876, 0.69434, 0.7053, 0.71206, 0.71542, 0.71584, 0.7186]

test_acc_list: 
[0.1123, 0.1056, 0.1249, 0.1308, 0.1209, 0.1052, 0.1011, 0.1186, 0.1087, 0.1026, 0.1046, 0.1086, 0.1069, 0.1046, 0.1014, 0.1001, 0.1, 0.1, 0.1, 0.1, 0.1002, 0.1036, 0.1066, 0.1055, 0.1054, 0.108, 0.1077, 0.1069, 0.1054, 0.112, 0.1223, 0.1357, 0.1452, 0.1645, 0.1977, 0.2392, 0.2968, 0.3599, 0.4163, 0.4671, 0.5126, 0.5514, 0.5795, 0.5998, 0.6213, 0.6413, 0.6568, 0.668, 0.6767, 0.6839, 0.6914, 0.6996, 0.7036, 0.7083, 0.7116, 0.7137, 0.718, 0.7193, 0.7216, 0.7229, 0.7254, 0.7273, 0.7287, 0.7291, 0.7299, 0.7301, 0.7299, 0.7312, 0.7329, 0.7316, 0.7329, 0.7344, 0.7351, 0.736, 0.7369, 0.7374, 0.7372, 0.7373, 0.7374, 0.7378, 0.7391, 0.7388, 0.7401, 0.7406, 0.741, 0.741, 0.741, 0.7406, 0.7397, 0.7394, 0.7391, 0.7398, 0.7401, 0.7404, 0.7409, 0.742, 0.7415, 0.7413, 0.7399, 0.7407, 0.7454, 0.7508, 0.7578, 0.7618, 0.7665, 0.7704, 0.7765, 0.7814, 0.7861, 0.7906]

pgd_acc_list: 
[0.0892, 0.1022, 0.1145, 0.1203, 0.1129, 0.1015, 0.1002, 0.1115, 0.108, 0.1051, 0.1057, 0.1088, 0.1055, 0.1011, 0.1009, 0.1, 0.1, 0.1, 0.1, 0.1, 0.1001, 0.1023, 0.1038, 0.1051, 0.1051, 0.1094, 0.11, 0.11, 0.1065, 0.1128, 0.1206, 0.1262, 0.1324, 0.1423, 0.1621, 0.1856, 0.219, 0.2568, 0.3016, 0.3411, 0.3787, 0.4079, 0.4335, 0.4552, 0.4764, 0.4884, 0.4994, 0.5081, 0.514, 0.5202, 0.5232, 0.5287, 0.532, 0.5347, 0.536, 0.5378, 0.5382, 0.5386, 0.5408, 0.5409, 0.5432, 0.5449, 0.5451, 0.5459, 0.5482, 0.5492, 0.5483, 0.5479, 0.5497, 0.55, 0.5499, 0.5522, 0.552, 0.5534, 0.5545, 0.553, 0.554, 0.553, 0.5553, 0.5546, 0.5559, 0.5573, 0.5566, 0.5558, 0.5568, 0.5578, 0.5564, 0.5573, 0.5588, 0.5586, 0.5592, 0.5602, 0.5607, 0.561, 0.5617, 0.5629, 0.5628, 0.5626, 0.5618, 0.5628, 0.5651, 0.5683, 0.5703, 0.572, 0.5744, 0.5742, 0.5765, 0.5768, 0.577, 0.5794]

fgsm_acc_list: 
[0.0905, 0.1022, 0.1147, 0.1202, 0.1132, 0.1016, 0.1002, 0.1115, 0.108, 0.1052, 0.1058, 0.1087, 0.1057, 0.1012, 0.1009, 0.1, 0.1, 0.1, 0.1, 0.1, 0.1001, 0.1023, 0.1038, 0.1052, 0.1054, 0.1092, 0.1102, 0.1104, 0.1067, 0.1126, 0.1204, 0.1264, 0.1327, 0.1422, 0.1622, 0.186, 0.2189, 0.2579, 0.3043, 0.344, 0.3828, 0.4124, 0.4385, 0.4603, 0.4827, 0.4952, 0.5069, 0.5154, 0.5202, 0.527, 0.5315, 0.5363, 0.5401, 0.5426, 0.546, 0.5468, 0.5479, 0.55, 0.5512, 0.5529, 0.5556, 0.5567, 0.5575, 0.5583, 0.5599, 0.5606, 0.5603, 0.5607, 0.562, 0.5624, 0.5622, 0.5627, 0.5644, 0.5667, 0.5681, 0.5671, 0.5684, 0.5683, 0.5685, 0.5682, 0.5693, 0.5696, 0.5686, 0.5698, 0.5713, 0.5709, 0.5708, 0.5706, 0.5717, 0.5719, 0.5715, 0.5722, 0.5726, 0.5731, 0.5749, 0.5757, 0.5753, 0.576, 0.5757, 0.5765, 0.5778, 0.5811, 0.5845, 0.5867, 0.5886, 0.5895, 0.5914, 0.594, 0.5959, 0.5988]

total_training_time: 
3749.8527402877808

total_test_time: 
1905.5315268039703

Training metrics CSV file saved to: ./log_cifar10/at-fat/2025-10-23-19-32-44-seed-1/train_metrics.csv
Training metrics CSV file saved to: ./log_cifar10/at-fat/2025-10-23-19-32-44-seed-1/test_metrics.csv
Training metrics plot saved to: ./log_cifar10/at-fat/2025-10-23-19-32-44-seed-1/training_metrics.png
